#
# A fatal error has been detected by the Java Runtime Environment:
#
#  EXCEPTION_ACCESS_VIOLATION (0xc0000005) at pc=0x00007ffff60f7e5e, pid=21932, tid=20216
#
# JRE version: OpenJDK Runtime Environment Corretto-17.0.5.8.1 (17.0.5+8) (build 17.0.5+8-LTS)
# Java VM: OpenJDK 64-Bit Server VM Corretto-17.0.5.8.1 (17.0.5+8-LTS, mixed mode, sharing, tiered, compressed oops, compressed class ptrs, g1 gc, windows-amd64)
# Problematic frame:
# C  [msvcrt.dll+0x77e5e]
#
# No core dump will be written. Minidumps are not enabled by default on client versions of Windows
#
# If you would like to submit a bug report, please visit:
#   https://github.com/corretto/corretto-17/issues/
# The crash happened outside the Java Virtual Machine in native code.
# See problematic frame for where to report the bug.
#

---------------  S U M M A R Y ------------

Command Line: -Dfile.encoding=windows-1252 -Duser.country=IN -Duser.language=en -Duser.variant com.approject.tankstars.DesktopLauncher

Host: 12th Gen Intel(R) Core(TM) i7-1255U, 12 cores, 15G,  Windows 11 , 64 bit Build 22000 (10.0.22000.1219)
Time: Wed Dec 21 19:21:59 2022 India Standard Time elapsed time: 7.843749 seconds (0d 0h 0m 7s)

---------------  T H R E A D  ---------------

Current thread (0x0000017d49a36b20):  JavaThread "main" [_thread_in_native, id=20216, stack(0x0000004989300000,0x0000004989400000)]

Stack: [0x0000004989300000,0x0000004989400000],  sp=0x00000049893ff0f8,  free space=1020k
Native frames: (J=compiled Java code, j=interpreted, Vv=VM code, C=native code)
C  [msvcrt.dll+0x77e5e]
C  [gdx64.dll+0x2241]

Java frames: (J=compiled Java code, j=interpreted, Vv=VM code)
J 1120  com.badlogic.gdx.utils.BufferUtils.copyJni([FLjava/nio/Buffer;II)V (0 bytes) @ 0x0000017d5906c298 [0x0000017d5906c220+0x0000000000000078]
J 1157 c1 com.badlogic.gdx.utils.BufferUtils.copy([FLjava/nio/Buffer;II)V (45 bytes) @ 0x0000017d51cd1c1c [0x0000017d51cd1780+0x000000000000049c]
J 1160 c1 com.badlogic.gdx.graphics.glutils.VertexArray.setVertices([FII)V (29 bytes) @ 0x0000017d51cd34f4 [0x0000017d51cd3460+0x0000000000000094]
J 1135 c1 com.badlogic.gdx.graphics.g2d.SpriteBatch.flush()V (193 bytes) @ 0x0000017d51cc6e0c [0x0000017d51cc6a00+0x000000000000040c]
J 1192 c2 com.badlogic.gdx.maps.tiled.renderers.OrthogonalTiledMapRenderer.renderTileLayer(Lcom/badlogic/gdx/maps/tiled/TiledMapTileLayer;)V (995 bytes) @ 0x0000017d590739e0 [0x0000017d590733e0+0x0000000000000600]
j  com.badlogic.gdx.maps.tiled.renderers.BatchTiledMapRenderer.renderMapLayer(Lcom/badlogic/gdx/maps/MapLayer;)V+78
j  com.badlogic.gdx.maps.tiled.renderers.BatchTiledMapRenderer.render()V+36
j  com.approject.tankstars.screens.Gamescreen.render(F)V+32
j  com.badlogic.gdx.Game.render()V+19
j  com.approject.tankstars.MytankstarsGame.render()V+1
j  com.badlogic.gdx.backends.lwjgl3.Lwjgl3Window.update()Z+187
j  com.badlogic.gdx.backends.lwjgl3.Lwjgl3Application.loop()V+111
j  com.badlogic.gdx.backends.lwjgl3.Lwjgl3Application.<init>(Lcom/badlogic/gdx/ApplicationListener;Lcom/badlogic/gdx/backends/lwjgl3/Lwjgl3ApplicationConfiguration;)V+269
j  com.approject.tankstars.DesktopLauncher.main([Ljava/lang/String;)V+47
v  ~StubRoutines::call_stub

siginfo: EXCEPTION_ACCESS_VIOLATION (0xc0000005), writing address 0x0000017d766c5000


Register to memory mapping:

RIP=0x00007ffff60f7e5e msvcrt.dll
RAX=0x0000017d766c4470 points into unknown readable memory: 0x4410000044080000 | 00 00 08 44 00 00 10 44
RBX=0x0000017d49a36dc8 points into unknown readable memory: 0x0000017d6e04eaf0 | f0 ea 04 6e 7d 01 00 00
RCX=0x0000017d766c5040 is an unknown value
RDX=0xfffffe8999f50620 is an unknown value
RSP=0x00000049893ff0f8 is pointing into the stack for thread: 0x0000017d49a36b20
RBP=0x00000049893ff190 is pointing into the stack for thread: 0x0000017d49a36b20
RSI=0x0000000000004e20 is an unknown value
RDI=0x0 is NULL
R8 =0x0000000000000030 is an unknown value
R9 =0x00000000000004b2 is an unknown value
R10=0x00007fff7cac5450 jvm.dll
R11=0x0000000710628310 is an oop: [S 
{0x0000000710628310} - klass: {type array short}
 - length: 6000
R12=0x0000017d766c4470 points into unknown readable memory: 0x4410000044080000 | 00 00 08 44 00 00 10 44
R13=0x0000000710614a90 is pointing into object: [F 
{0x0000000710614a80} - klass: {type array float}
 - length: 20000
R14=0x00000049893ff1c0 is pointing into the stack for thread: 0x0000017d49a36b20
R15=0x0000017d49a36b20 is a thread


Registers:
RAX=0x0000017d766c4470, RBX=0x0000017d49a36dc8, RCX=0x0000017d766c5040, RDX=0xfffffe8999f50620
RSP=0x00000049893ff0f8, RBP=0x00000049893ff190, RSI=0x0000000000004e20, RDI=0x0000000000000000
R8 =0x0000000000000030, R9 =0x00000000000004b2, R10=0x00007fff7cac5450, R11=0x0000000710628310
R12=0x0000017d766c4470, R13=0x0000000710614a90, R14=0x00000049893ff1c0, R15=0x0000017d49a36b20
RIP=0x00007ffff60f7e5e, EFLAGS=0x0000000000010206

Top of Stack: (sp=0x00000049893ff0f8)
0x00000049893ff0f8:   000000005b5d2241 0000017d49a36dc8
0x00000049893ff108:   00000049893ff190 0000000000004e20
0x00000049893ff118:   0000000000000000 0000017d6f70d640
0x00000049893ff128:   0000000000000158 0000000710614978
0x00000049893ff138:   0000000000000000 00000049893ff1d0
0x00000049893ff148:   0000000000000000 00000000e20c28c2
0x00000049893ff158:   0000017d5906c338 0000000710614610
0x00000049893ff168:   0000017d51c5e434 0000000000000001
0x00000049893ff178:   0000000000000000 0000000000004e20
0x00000049893ff188:   0000000000000000 0000000710614a80
0x00000049893ff198:   0000000710614978 0000017d35c6e580
0x00000049893ff1a8:   0000000711eed978 00000049893ff4e0
0x00000049893ff1b8:   0000000710614978 0000000711eefd98
0x00000049893ff1c8:   00000049893ff4e0 0000000710614610
0x00000049893ff1d8:   0000017d51cd1c1c 0000000800c31a10
0x00000049893ff1e8:   0000000711e0d3a8 0000000800c31a10 

Instructions: (pc=0x00007ffff60f7e5e)
0x00007ffff60f7d5e:   f8 c3 49 83 f8 20 77 5a 0f 10 02 42 0f 10 4c 02
0x00007ffff60f7d6e:   f0 0f 11 01 42 0f 11 4c 01 f0 c3 0f 1f 80 00 00
0x00007ffff60f7d7e:   00 00 4d 85 c0 74 15 48 2b d1 72 16 44 8a 1c 11
0x00007ffff60f7d8e:   48 ff c1 49 ff c8 44 88 59 ff 75 f0 c3 0f 1f 44
0x00007ffff60f7d9e:   00 00 49 03 c8 44 8a 5c 11 ff 48 ff c9 49 ff c8
0x00007ffff60f7dae:   44 88 19 75 f0 c3 66 66 66 66 0f 1f 84 00 00 00
0x00007ffff60f7dbe:   00 00 4e 8d 1c 02 48 2b d1 73 09 4c 3b d9 0f 87
0x00007ffff60f7dce:   6e 01 00 00 0f 10 04 11 48 83 c1 10 f6 c1 0f 74
0x00007ffff60f7dde:   12 48 83 e1 f0 0f 10 0c 11 0f 11 00 0f 28 c1 48
0x00007ffff60f7dee:   83 c1 10 4c 03 c0 4c 2b c1 4d 8b c8 49 c1 e9 06
0x00007ffff60f7dfe:   74 6f 49 81 f9 00 10 00 00 0f 87 b3 00 00 00 49
0x00007ffff60f7e0e:   83 e0 3f eb 2d 66 66 66 66 66 66 66 0f 1f 84 00
0x00007ffff60f7e1e:   00 00 00 00 66 66 66 66 66 66 66 0f 1f 84 00 00
0x00007ffff60f7e2e:   00 00 00 66 66 66 66 66 66 66 0f 1f 84 00 00 00
0x00007ffff60f7e3e:   00 00 0f 10 0c 11 0f 10 54 11 10 0f 10 5c 11 20
0x00007ffff60f7e4e:   0f 10 64 11 30 0f 29 41 f0 48 83 c1 40 49 ff c9
0x00007ffff60f7e5e:   0f 29 49 c0 0f 29 51 d0 0f 29 59 e0 0f 28 c4 75
0x00007ffff60f7e6e:   d1 4d 8b c8 49 c1 e9 04 74 19 0f 1f 84 00 00 00
0x00007ffff60f7e7e:   00 00 0f 29 41 f0 0f 10 04 11 48 83 c1 10 49 ff
0x00007ffff60f7e8e:   c9 75 ef 49 83 e0 0f 74 0e 4e 8d 5c 01 f0 41 0f
0x00007ffff60f7e9e:   10 0c 13 41 0f 11 0b 0f 29 41 f0 c3 66 66 66 66
0x00007ffff60f7eae:   66 66 66 0f 1f 84 00 00 00 00 00 0f 1f 80 00 00
0x00007ffff60f7ebe:   00 00 4d 8b c8 49 c1 e9 06 49 83 e0 3f 0f 18 44
0x00007ffff60f7ece:   11 40 eb 2e 66 66 66 66 66 66 66 0f 1f 84 00 00
0x00007ffff60f7ede:   00 00 00 66 66 66 66 66 66 66 0f 1f 84 00 00 00
0x00007ffff60f7eee:   00 00 66 66 66 66 66 66 66 0f 1f 84 00 00 00 00
0x00007ffff60f7efe:   00 90 0f 10 0c 11 0f 10 54 11 10 0f 10 5c 11 20
0x00007ffff60f7f0e:   0f 10 64 11 30 0f 2b 41 f0 48 83 c1 40 0f 18 44
0x00007ffff60f7f1e:   11 40 49 ff c9 0f 2b 49 c0 0f 2b 51 d0 0f 2b 59
0x00007ffff60f7f2e:   e0 0f 28 c4 75 cc 0f ae f8 e9 33 ff ff ff 0f 1f
0x00007ffff60f7f3e:   40 00 49 03 c8 0f 10 44 11 f0 48 83 e9 10 49 83
0x00007ffff60f7f4e:   e8 10 f6 c1 0f 74 18 4c 8b d9 48 83 e1 f0 0f 10 


Stack slot to memory mapping:
stack at sp + 0 slots: 0x000000005b5d2241 gdx64.dll
stack at sp + 1 slots: 0x0000017d49a36dc8 points into unknown readable memory: 0x0000017d6e04eaf0 | f0 ea 04 6e 7d 01 00 00
stack at sp + 2 slots: 0x00000049893ff190 is pointing into the stack for thread: 0x0000017d49a36b20
stack at sp + 3 slots: 0x0000000000004e20 is an unknown value
stack at sp + 4 slots: 0x0 is NULL
stack at sp + 5 slots: 0x0000017d6f70d640 points into unknown readable memory: 0x0000017d6f8b0400 | 00 04 8b 6f 7d 01 00 00
stack at sp + 6 slots: 0x0000000000000158 is an unknown value
stack at sp + 7 slots: 0x0000000710614978 is an oop: java.nio.DirectByteBuffer 
{0x0000000710614978} - klass: 'java/nio/DirectByteBuffer'
 - ---- fields (total size 8 words):
 - private 'mark' 'I' @12  -1 (ffffffff)
 - 'address' 'J' @16  1638369346672 (766c4470 17d)
 - private 'position' 'I' @24  8
 - private 'limit' 'I' @28  80000 (13880)
 - private 'capacity' 'I' @32  80000 (13880)
 - final 'segment' 'Ljdk/internal/access/foreign/MemorySegmentProxy;' @36  NULL (0)
 - final 'offset' 'I' @40  0
 - 'isReadOnly' 'Z' @44  false
 - 'bigEndian' 'Z' @45  false
 - 'nativeByteOrder' 'Z' @46  true
 - final 'hb' '[B' @48  NULL (0)
 - private final 'isSync' 'Z' @47  false
 - private final 'fd' 'Ljava/io/FileDescriptor;' @52  NULL (0)
 - private final 'att' 'Ljava/lang/Object;' @56  NULL (0)
 - private final 'cleaner' 'Ljdk/internal/ref/Cleaner;' @60  NULL (0)


---------------  P R O C E S S  ---------------

Threads class SMR info:
_java_thread_list=0x0000017d6e053b20, length=13, elements={
0x0000017d49a36b20, 0x0000017d6cc91b40, 0x0000017d6cc92600, 0x0000017d6ccab880,
0x0000017d6ccac140, 0x0000017d6ccaca00, 0x0000017d6ccb12d0, 0x0000017d6ccb1ec0,
0x0000017d6ccb5020, 0x0000017d6ccb7540, 0x0000017d6cdf15d0, 0x0000017d6cdfc8e0,
0x0000017d6fbe8b80
}

Java Threads: ( => current thread )
=>0x0000017d49a36b20 JavaThread "main" [_thread_in_native, id=20216, stack(0x0000004989300000,0x0000004989400000)]
  0x0000017d6cc91b40 JavaThread "Reference Handler" daemon [_thread_blocked, id=24456, stack(0x0000004989a00000,0x0000004989b00000)]
  0x0000017d6cc92600 JavaThread "Finalizer" daemon [_thread_blocked, id=12068, stack(0x0000004989b00000,0x0000004989c00000)]
  0x0000017d6ccab880 JavaThread "Signal Dispatcher" daemon [_thread_blocked, id=7840, stack(0x0000004989c00000,0x0000004989d00000)]
  0x0000017d6ccac140 JavaThread "Attach Listener" daemon [_thread_blocked, id=10976, stack(0x0000004989d00000,0x0000004989e00000)]
  0x0000017d6ccaca00 JavaThread "Service Thread" daemon [_thread_blocked, id=8048, stack(0x0000004989e00000,0x0000004989f00000)]
  0x0000017d6ccb12d0 JavaThread "Monitor Deflation Thread" daemon [_thread_blocked, id=20256, stack(0x0000004989f00000,0x000000498a000000)]
  0x0000017d6ccb1ec0 JavaThread "C2 CompilerThread0" daemon [_thread_blocked, id=19732, stack(0x000000498a000000,0x000000498a100000)]
  0x0000017d6ccb5020 JavaThread "C1 CompilerThread0" daemon [_thread_blocked, id=13820, stack(0x000000498a100000,0x000000498a200000)]
  0x0000017d6ccb7540 JavaThread "Sweeper thread" daemon [_thread_blocked, id=18356, stack(0x000000498a200000,0x000000498a300000)]
  0x0000017d6cdf15d0 JavaThread "Notification Thread" daemon [_thread_blocked, id=8200, stack(0x000000498a300000,0x000000498a400000)]
  0x0000017d6cdfc8e0 JavaThread "Common-Cleaner" daemon [_thread_blocked, id=12884, stack(0x000000498a500000,0x000000498a600000)]
  0x0000017d6fbe8b80 JavaThread "LWJGL3 Timer" daemon [_thread_blocked, id=15908, stack(0x000000498b000000,0x000000498b100000)]

Other Threads:
  0x0000017d6cc899d0 VMThread "VM Thread" [stack: 0x0000004989900000,0x0000004989a00000] [id=3140]
  0x0000017d49ac5ce0 WatcherThread [stack: 0x000000498a400000,0x000000498a500000] [id=23748]
  0x0000017d49aa5000 GCTaskThread "GC Thread#0" [stack: 0x0000004989400000,0x0000004989500000] [id=7580]
  0x0000017d6fc267c0 GCTaskThread "GC Thread#1" [stack: 0x000000498a600000,0x000000498a700000] [id=23896]
  0x0000017d6fc270a0 GCTaskThread "GC Thread#2" [stack: 0x000000498af00000,0x000000498b000000] [id=16052]
  0x0000017d6fbf6a00 GCTaskThread "GC Thread#3" [stack: 0x000000498b100000,0x000000498b200000] [id=18824]
  0x0000017d6fd03ce0 GCTaskThread "GC Thread#4" [stack: 0x000000498b200000,0x000000498b300000] [id=2272]
  0x0000017d6fd03f90 GCTaskThread "GC Thread#5" [stack: 0x000000498b300000,0x000000498b400000] [id=6664]
  0x0000017d6fd04240 GCTaskThread "GC Thread#6" [stack: 0x000000498b400000,0x000000498b500000] [id=6012]
  0x0000017d6fd02f70 GCTaskThread "GC Thread#7" [stack: 0x000000498b500000,0x000000498b600000] [id=18124]
  0x0000017d6fd034d0 GCTaskThread "GC Thread#8" [stack: 0x000000498b600000,0x000000498b700000] [id=18372]
  0x0000017d6fd02760 GCTaskThread "GC Thread#9" [stack: 0x000000498b700000,0x000000498b800000] [id=19948]
  0x0000017d49ab59d0 ConcurrentGCThread "G1 Main Marker" [stack: 0x0000004989500000,0x0000004989600000] [id=16464]
  0x0000017d49ab62f0 ConcurrentGCThread "G1 Conc#0" [stack: 0x0000004989600000,0x0000004989700000] [id=23296]
  0x0000017d49afea90 ConcurrentGCThread "G1 Refine#0" [stack: 0x0000004989700000,0x0000004989800000] [id=12520]
  0x0000017d6c708010 ConcurrentGCThread "G1 Service" [stack: 0x0000004989800000,0x0000004989900000] [id=23440]

Threads with active compile tasks:

VM state: not at safepoint (normal execution)

VM Mutex/Monitor currently owned by a thread: None

Heap address: 0x0000000704800000, size: 4024 MB, Compressed Oops mode: Zero based, Oop shift amount: 3

CDS archive(s) mapped at: [0x0000000800000000-0x0000000800bc0000-0x0000000800bc0000), size 12320768, SharedBaseAddress: 0x0000000800000000, ArchiveRelocationMode: 0.
Compressed class space mapped at: 0x0000000800c00000-0x0000000840c00000, reserved size: 1073741824
Narrow klass base: 0x0000000800000000, Narrow klass shift: 0, Narrow klass range: 0x100000000

GC Precious Log:
 CPUs: 12 total, 12 available
 Memory: 16095M
 Large Page Support: Disabled
 NUMA Support: Disabled
 Compressed Oops: Enabled (Zero based)
 Heap Region Size: 2M
 Heap Min Capacity: 8M
 Heap Initial Capacity: 252M
 Heap Max Capacity: 4024M
 Pre-touch: Disabled
 Parallel Workers: 10
 Concurrent Workers: 3
 Concurrent Refinement Workers: 10
 Periodic GC: Disabled

Heap:
 garbage-first heap   total 258048K, used 57897K [0x0000000704800000, 0x0000000800000000)
  region size 2048K, 31 young (63488K), 2 survivors (4096K)
 Metaspace       used 6571K, committed 6784K, reserved 1064960K
  class space    used 499K, committed 576K, reserved 1048576K

Heap Regions: E=young(eden), S=young(survivor), O=old, HS=humongous(starts), HC=humongous(continues), CS=collection set, F=free, OA=open archive, CA=closed archive, TAMS=top-at-mark-start (previous, next)
|   0|0x0000000704800000, 0x0000000704800000, 0x0000000704a00000|  0%| F|  |TAMS 0x0000000704800000, 0x0000000704800000| Untracked 
|   1|0x0000000704a00000, 0x0000000704a00000, 0x0000000704c00000|  0%| F|  |TAMS 0x0000000704a00000, 0x0000000704a00000| Untracked 
|   2|0x0000000704c00000, 0x0000000704c00000, 0x0000000704e00000|  0%| F|  |TAMS 0x0000000704c00000, 0x0000000704c00000| Untracked 
|   3|0x0000000704e00000, 0x0000000704e00000, 0x0000000705000000|  0%| F|  |TAMS 0x0000000704e00000, 0x0000000704e00000| Untracked 
|   4|0x0000000705000000, 0x0000000705000000, 0x0000000705200000|  0%| F|  |TAMS 0x0000000705000000, 0x0000000705000000| Untracked 
|   5|0x0000000705200000, 0x0000000705200000, 0x0000000705400000|  0%| F|  |TAMS 0x0000000705200000, 0x0000000705200000| Untracked 
|   6|0x0000000705400000, 0x0000000705400000, 0x0000000705600000|  0%| F|  |TAMS 0x0000000705400000, 0x0000000705400000| Untracked 
|   7|0x0000000705600000, 0x0000000705600000, 0x0000000705800000|  0%| F|  |TAMS 0x0000000705600000, 0x0000000705600000| Untracked 
|   8|0x0000000705800000, 0x0000000705800000, 0x0000000705a00000|  0%| F|  |TAMS 0x0000000705800000, 0x0000000705800000| Untracked 
|   9|0x0000000705a00000, 0x0000000705a00000, 0x0000000705c00000|  0%| F|  |TAMS 0x0000000705a00000, 0x0000000705a00000| Untracked 
|  10|0x0000000705c00000, 0x0000000705c00000, 0x0000000705e00000|  0%| F|  |TAMS 0x0000000705c00000, 0x0000000705c00000| Untracked 
|  11|0x0000000705e00000, 0x0000000705e00000, 0x0000000706000000|  0%| F|  |TAMS 0x0000000705e00000, 0x0000000705e00000| Untracked 
|  12|0x0000000706000000, 0x0000000706000000, 0x0000000706200000|  0%| F|  |TAMS 0x0000000706000000, 0x0000000706000000| Untracked 
|  13|0x0000000706200000, 0x0000000706200000, 0x0000000706400000|  0%| F|  |TAMS 0x0000000706200000, 0x0000000706200000| Untracked 
|  14|0x0000000706400000, 0x0000000706400000, 0x0000000706600000|  0%| F|  |TAMS 0x0000000706400000, 0x0000000706400000| Untracked 
|  15|0x0000000706600000, 0x0000000706600000, 0x0000000706800000|  0%| F|  |TAMS 0x0000000706600000, 0x0000000706600000| Untracked 
|  16|0x0000000706800000, 0x0000000706800000, 0x0000000706a00000|  0%| F|  |TAMS 0x0000000706800000, 0x0000000706800000| Untracked 
|  17|0x0000000706a00000, 0x0000000706a00000, 0x0000000706c00000|  0%| F|  |TAMS 0x0000000706a00000, 0x0000000706a00000| Untracked 
|  18|0x0000000706c00000, 0x0000000706c00000, 0x0000000706e00000|  0%| F|  |TAMS 0x0000000706c00000, 0x0000000706c00000| Untracked 
|  19|0x0000000706e00000, 0x0000000706e00000, 0x0000000707000000|  0%| F|  |TAMS 0x0000000706e00000, 0x0000000706e00000| Untracked 
|  20|0x0000000707000000, 0x0000000707000000, 0x0000000707200000|  0%| F|  |TAMS 0x0000000707000000, 0x0000000707000000| Untracked 
|  21|0x0000000707200000, 0x0000000707200000, 0x0000000707400000|  0%| F|  |TAMS 0x0000000707200000, 0x0000000707200000| Untracked 
|  22|0x0000000707400000, 0x0000000707400000, 0x0000000707600000|  0%| F|  |TAMS 0x0000000707400000, 0x0000000707400000| Untracked 
|  23|0x0000000707600000, 0x0000000707600000, 0x0000000707800000|  0%| F|  |TAMS 0x0000000707600000, 0x0000000707600000| Untracked 
|  24|0x0000000707800000, 0x0000000707800000, 0x0000000707a00000|  0%| F|  |TAMS 0x0000000707800000, 0x0000000707800000| Untracked 
|  25|0x0000000707a00000, 0x0000000707a00000, 0x0000000707c00000|  0%| F|  |TAMS 0x0000000707a00000, 0x0000000707a00000| Untracked 
|  26|0x0000000707c00000, 0x0000000707c00000, 0x0000000707e00000|  0%| F|  |TAMS 0x0000000707c00000, 0x0000000707c00000| Untracked 
|  27|0x0000000707e00000, 0x0000000707e00000, 0x0000000708000000|  0%| F|  |TAMS 0x0000000707e00000, 0x0000000707e00000| Untracked 
|  28|0x0000000708000000, 0x0000000708000000, 0x0000000708200000|  0%| F|  |TAMS 0x0000000708000000, 0x0000000708000000| Untracked 
|  29|0x0000000708200000, 0x0000000708200000, 0x0000000708400000|  0%| F|  |TAMS 0x0000000708200000, 0x0000000708200000| Untracked 
|  30|0x0000000708400000, 0x0000000708400000, 0x0000000708600000|  0%| F|  |TAMS 0x0000000708400000, 0x0000000708400000| Untracked 
|  31|0x0000000708600000, 0x0000000708600000, 0x0000000708800000|  0%| F|  |TAMS 0x0000000708600000, 0x0000000708600000| Untracked 
|  32|0x0000000708800000, 0x0000000708800000, 0x0000000708a00000|  0%| F|  |TAMS 0x0000000708800000, 0x0000000708800000| Untracked 
|  33|0x0000000708a00000, 0x0000000708a00000, 0x0000000708c00000|  0%| F|  |TAMS 0x0000000708a00000, 0x0000000708a00000| Untracked 
|  34|0x0000000708c00000, 0x0000000708c00000, 0x0000000708e00000|  0%| F|  |TAMS 0x0000000708c00000, 0x0000000708c00000| Untracked 
|  35|0x0000000708e00000, 0x0000000708e00000, 0x0000000709000000|  0%| F|  |TAMS 0x0000000708e00000, 0x0000000708e00000| Untracked 
|  36|0x0000000709000000, 0x0000000709000000, 0x0000000709200000|  0%| F|  |TAMS 0x0000000709000000, 0x0000000709000000| Untracked 
|  37|0x0000000709200000, 0x0000000709200000, 0x0000000709400000|  0%| F|  |TAMS 0x0000000709200000, 0x0000000709200000| Untracked 
|  38|0x0000000709400000, 0x0000000709400000, 0x0000000709600000|  0%| F|  |TAMS 0x0000000709400000, 0x0000000709400000| Untracked 
|  39|0x0000000709600000, 0x0000000709600000, 0x0000000709800000|  0%| F|  |TAMS 0x0000000709600000, 0x0000000709600000| Untracked 
|  40|0x0000000709800000, 0x0000000709800000, 0x0000000709a00000|  0%| F|  |TAMS 0x0000000709800000, 0x0000000709800000| Untracked 
|  41|0x0000000709a00000, 0x0000000709a00000, 0x0000000709c00000|  0%| F|  |TAMS 0x0000000709a00000, 0x0000000709a00000| Untracked 
|  42|0x0000000709c00000, 0x0000000709c00000, 0x0000000709e00000|  0%| F|  |TAMS 0x0000000709c00000, 0x0000000709c00000| Untracked 
|  43|0x0000000709e00000, 0x0000000709e00000, 0x000000070a000000|  0%| F|  |TAMS 0x0000000709e00000, 0x0000000709e00000| Untracked 
|  44|0x000000070a000000, 0x000000070a000000, 0x000000070a200000|  0%| F|  |TAMS 0x000000070a000000, 0x000000070a000000| Untracked 
|  45|0x000000070a200000, 0x000000070a200000, 0x000000070a400000|  0%| F|  |TAMS 0x000000070a200000, 0x000000070a200000| Untracked 
|  46|0x000000070a400000, 0x000000070a400000, 0x000000070a600000|  0%| F|  |TAMS 0x000000070a400000, 0x000000070a400000| Untracked 
|  47|0x000000070a600000, 0x000000070a600000, 0x000000070a800000|  0%| F|  |TAMS 0x000000070a600000, 0x000000070a600000| Untracked 
|  48|0x000000070a800000, 0x000000070a800000, 0x000000070aa00000|  0%| F|  |TAMS 0x000000070a800000, 0x000000070a800000| Untracked 
|  49|0x000000070aa00000, 0x000000070aa00000, 0x000000070ac00000|  0%| F|  |TAMS 0x000000070aa00000, 0x000000070aa00000| Untracked 
|  50|0x000000070ac00000, 0x000000070ac00000, 0x000000070ae00000|  0%| F|  |TAMS 0x000000070ac00000, 0x000000070ac00000| Untracked 
|  51|0x000000070ae00000, 0x000000070ae00000, 0x000000070b000000|  0%| F|  |TAMS 0x000000070ae00000, 0x000000070ae00000| Untracked 
|  52|0x000000070b000000, 0x000000070b000000, 0x000000070b200000|  0%| F|  |TAMS 0x000000070b000000, 0x000000070b000000| Untracked 
|  53|0x000000070b200000, 0x000000070b200000, 0x000000070b400000|  0%| F|  |TAMS 0x000000070b200000, 0x000000070b200000| Untracked 
|  54|0x000000070b400000, 0x000000070b400000, 0x000000070b600000|  0%| F|  |TAMS 0x000000070b400000, 0x000000070b400000| Untracked 
|  55|0x000000070b600000, 0x000000070b600000, 0x000000070b800000|  0%| F|  |TAMS 0x000000070b600000, 0x000000070b600000| Untracked 
|  56|0x000000070b800000, 0x000000070b800000, 0x000000070ba00000|  0%| F|  |TAMS 0x000000070b800000, 0x000000070b800000| Untracked 
|  57|0x000000070ba00000, 0x000000070ba00000, 0x000000070bc00000|  0%| F|  |TAMS 0x000000070ba00000, 0x000000070ba00000| Untracked 
|  58|0x000000070bc00000, 0x000000070bc00000, 0x000000070be00000|  0%| F|  |TAMS 0x000000070bc00000, 0x000000070bc00000| Untracked 
|  59|0x000000070be00000, 0x000000070be00000, 0x000000070c000000|  0%| F|  |TAMS 0x000000070be00000, 0x000000070be00000| Untracked 
|  60|0x000000070c000000, 0x000000070c000000, 0x000000070c200000|  0%| F|  |TAMS 0x000000070c000000, 0x000000070c000000| Untracked 
|  61|0x000000070c200000, 0x000000070c200000, 0x000000070c400000|  0%| F|  |TAMS 0x000000070c200000, 0x000000070c200000| Untracked 
|  62|0x000000070c400000, 0x000000070c400000, 0x000000070c600000|  0%| F|  |TAMS 0x000000070c400000, 0x000000070c400000| Untracked 
|  63|0x000000070c600000, 0x000000070c600000, 0x000000070c800000|  0%| F|  |TAMS 0x000000070c600000, 0x000000070c600000| Untracked 
|  64|0x000000070c800000, 0x000000070c800000, 0x000000070ca00000|  0%| F|  |TAMS 0x000000070c800000, 0x000000070c800000| Untracked 
|  65|0x000000070ca00000, 0x000000070ca00000, 0x000000070cc00000|  0%| F|  |TAMS 0x000000070ca00000, 0x000000070ca00000| Untracked 
|  66|0x000000070cc00000, 0x000000070cc00000, 0x000000070ce00000|  0%| F|  |TAMS 0x000000070cc00000, 0x000000070cc00000| Untracked 
|  67|0x000000070ce00000, 0x000000070ce00000, 0x000000070d000000|  0%| F|  |TAMS 0x000000070ce00000, 0x000000070ce00000| Untracked 
|  68|0x000000070d000000, 0x000000070d000000, 0x000000070d200000|  0%| F|  |TAMS 0x000000070d000000, 0x000000070d000000| Untracked 
|  69|0x000000070d200000, 0x000000070d200000, 0x000000070d400000|  0%| F|  |TAMS 0x000000070d200000, 0x000000070d200000| Untracked 
|  70|0x000000070d400000, 0x000000070d400000, 0x000000070d600000|  0%| F|  |TAMS 0x000000070d400000, 0x000000070d400000| Untracked 
|  71|0x000000070d600000, 0x000000070d600000, 0x000000070d800000|  0%| F|  |TAMS 0x000000070d600000, 0x000000070d600000| Untracked 
|  72|0x000000070d800000, 0x000000070d800000, 0x000000070da00000|  0%| F|  |TAMS 0x000000070d800000, 0x000000070d800000| Untracked 
|  73|0x000000070da00000, 0x000000070da00000, 0x000000070dc00000|  0%| F|  |TAMS 0x000000070da00000, 0x000000070da00000| Untracked 
|  74|0x000000070dc00000, 0x000000070dc00000, 0x000000070de00000|  0%| F|  |TAMS 0x000000070dc00000, 0x000000070dc00000| Untracked 
|  75|0x000000070de00000, 0x000000070de00000, 0x000000070e000000|  0%| F|  |TAMS 0x000000070de00000, 0x000000070de00000| Untracked 
|  76|0x000000070e000000, 0x000000070e000000, 0x000000070e200000|  0%| F|  |TAMS 0x000000070e000000, 0x000000070e000000| Untracked 
|  77|0x000000070e200000, 0x000000070e200000, 0x000000070e400000|  0%| F|  |TAMS 0x000000070e200000, 0x000000070e200000| Untracked 
|  78|0x000000070e400000, 0x000000070e400000, 0x000000070e600000|  0%| F|  |TAMS 0x000000070e400000, 0x000000070e400000| Untracked 
|  79|0x000000070e600000, 0x000000070e600000, 0x000000070e800000|  0%| F|  |TAMS 0x000000070e600000, 0x000000070e600000| Untracked 
|  80|0x000000070e800000, 0x000000070e800000, 0x000000070ea00000|  0%| F|  |TAMS 0x000000070e800000, 0x000000070e800000| Untracked 
|  81|0x000000070ea00000, 0x000000070ea00000, 0x000000070ec00000|  0%| F|  |TAMS 0x000000070ea00000, 0x000000070ea00000| Untracked 
|  82|0x000000070ec00000, 0x000000070ec00000, 0x000000070ee00000|  0%| F|  |TAMS 0x000000070ec00000, 0x000000070ec00000| Untracked 
|  83|0x000000070ee00000, 0x000000070ee00000, 0x000000070f000000|  0%| F|  |TAMS 0x000000070ee00000, 0x000000070ee00000| Untracked 
|  84|0x000000070f000000, 0x000000070f000000, 0x000000070f200000|  0%| F|  |TAMS 0x000000070f000000, 0x000000070f000000| Untracked 
|  85|0x000000070f200000, 0x000000070f200000, 0x000000070f400000|  0%| F|  |TAMS 0x000000070f200000, 0x000000070f200000| Untracked 
|  86|0x000000070f400000, 0x000000070f400000, 0x000000070f600000|  0%| F|  |TAMS 0x000000070f400000, 0x000000070f400000| Untracked 
|  87|0x000000070f600000, 0x000000070f600000, 0x000000070f800000|  0%| F|  |TAMS 0x000000070f600000, 0x000000070f600000| Untracked 
|  88|0x000000070f800000, 0x000000070f800000, 0x000000070fa00000|  0%| F|  |TAMS 0x000000070f800000, 0x000000070f800000| Untracked 
|  89|0x000000070fa00000, 0x000000070fa00000, 0x000000070fc00000|  0%| F|  |TAMS 0x000000070fa00000, 0x000000070fa00000| Untracked 
|  90|0x000000070fc00000, 0x000000070fc00000, 0x000000070fe00000|  0%| F|  |TAMS 0x000000070fc00000, 0x000000070fc00000| Untracked 
|  91|0x000000070fe00000, 0x000000070fe00000, 0x0000000710000000|  0%| F|  |TAMS 0x000000070fe00000, 0x000000070fe00000| Untracked 
|  92|0x0000000710000000, 0x0000000710000000, 0x0000000710200000|  0%| F|  |TAMS 0x0000000710000000, 0x0000000710000000| Untracked 
|  93|0x0000000710200000, 0x0000000710200000, 0x0000000710400000|  0%| F|  |TAMS 0x0000000710200000, 0x0000000710200000| Untracked 
|  94|0x0000000710400000, 0x0000000710400000, 0x0000000710600000|  0%| F|  |TAMS 0x0000000710400000, 0x0000000710400000| Untracked 
|  95|0x0000000710600000, 0x0000000710800000, 0x0000000710800000|100%| E|  |TAMS 0x0000000710600000, 0x0000000710600000| Complete 
|  96|0x0000000710800000, 0x0000000710a00000, 0x0000000710a00000|100%| E|CS|TAMS 0x0000000710800000, 0x0000000710800000| Complete 
|  97|0x0000000710a00000, 0x0000000710c00000, 0x0000000710c00000|100%| E|CS|TAMS 0x0000000710a00000, 0x0000000710a00000| Complete 
|  98|0x0000000710c00000, 0x0000000710e00000, 0x0000000710e00000|100%| E|CS|TAMS 0x0000000710c00000, 0x0000000710c00000| Complete 
|  99|0x0000000710e00000, 0x0000000711000000, 0x0000000711000000|100%| E|CS|TAMS 0x0000000710e00000, 0x0000000710e00000| Complete 
| 100|0x0000000711000000, 0x0000000711200000, 0x0000000711200000|100%| E|  |TAMS 0x0000000711000000, 0x0000000711000000| Complete 
| 101|0x0000000711200000, 0x0000000711400000, 0x0000000711400000|100%| E|CS|TAMS 0x0000000711200000, 0x0000000711200000| Complete 
| 102|0x0000000711400000, 0x0000000711600000, 0x0000000711600000|100%| E|CS|TAMS 0x0000000711400000, 0x0000000711400000| Complete 
| 103|0x0000000711600000, 0x0000000711800000, 0x0000000711800000|100%| E|CS|TAMS 0x0000000711600000, 0x0000000711600000| Complete 
| 104|0x0000000711800000, 0x0000000711a00000, 0x0000000711a00000|100%| E|CS|TAMS 0x0000000711800000, 0x0000000711800000| Complete 
| 105|0x0000000711a00000, 0x0000000711c00000, 0x0000000711c00000|100%| E|CS|TAMS 0x0000000711a00000, 0x0000000711a00000| Complete 
| 106|0x0000000711c00000, 0x0000000711c8a778, 0x0000000711e00000| 27%| S|CS|TAMS 0x0000000711c00000, 0x0000000711c00000| Complete 
| 107|0x0000000711e00000, 0x0000000712000000, 0x0000000712000000|100%| S|CS|TAMS 0x0000000711e00000, 0x0000000711e00000| Complete 
| 108|0x0000000712000000, 0x0000000712200000, 0x0000000712200000|100%| E|CS|TAMS 0x0000000712000000, 0x0000000712000000| Complete 
| 109|0x0000000712200000, 0x0000000712400000, 0x0000000712400000|100%| E|CS|TAMS 0x0000000712200000, 0x0000000712200000| Complete 
| 110|0x0000000712400000, 0x0000000712600000, 0x0000000712600000|100%| E|CS|TAMS 0x0000000712400000, 0x0000000712400000| Complete 
| 111|0x0000000712600000, 0x0000000712800000, 0x0000000712800000|100%| E|CS|TAMS 0x0000000712600000, 0x0000000712600000| Complete 
| 112|0x0000000712800000, 0x0000000712a00000, 0x0000000712a00000|100%| E|CS|TAMS 0x0000000712800000, 0x0000000712800000| Complete 
| 113|0x0000000712a00000, 0x0000000712c00000, 0x0000000712c00000|100%| E|CS|TAMS 0x0000000712a00000, 0x0000000712a00000| Complete 
| 114|0x0000000712c00000, 0x0000000712e00000, 0x0000000712e00000|100%| E|CS|TAMS 0x0000000712c00000, 0x0000000712c00000| Complete 
| 115|0x0000000712e00000, 0x0000000713000000, 0x0000000713000000|100%| E|CS|TAMS 0x0000000712e00000, 0x0000000712e00000| Complete 
| 116|0x0000000713000000, 0x0000000713200000, 0x0000000713200000|100%| E|CS|TAMS 0x0000000713000000, 0x0000000713000000| Complete 
| 117|0x0000000713200000, 0x0000000713400000, 0x0000000713400000|100%| E|CS|TAMS 0x0000000713200000, 0x0000000713200000| Complete 
| 118|0x0000000713400000, 0x0000000713600000, 0x0000000713600000|100%| E|CS|TAMS 0x0000000713400000, 0x0000000713400000| Complete 
| 119|0x0000000713600000, 0x0000000713800000, 0x0000000713800000|100%| E|CS|TAMS 0x0000000713600000, 0x0000000713600000| Complete 
| 120|0x0000000713800000, 0x0000000713a00000, 0x0000000713a00000|100%| E|CS|TAMS 0x0000000713800000, 0x0000000713800000| Complete 
| 121|0x0000000713a00000, 0x0000000713c00000, 0x0000000713c00000|100%| E|CS|TAMS 0x0000000713a00000, 0x0000000713a00000| Complete 
| 122|0x0000000713c00000, 0x0000000713e00000, 0x0000000713e00000|100%| E|CS|TAMS 0x0000000713c00000, 0x0000000713c00000| Complete 
| 123|0x0000000713e00000, 0x0000000714000000, 0x0000000714000000|100%| E|CS|TAMS 0x0000000713e00000, 0x0000000713e00000| Complete 
| 124|0x0000000714000000, 0x0000000714200000, 0x0000000714200000|100%| E|CS|TAMS 0x0000000714000000, 0x0000000714000000| Complete 
| 125|0x0000000714200000, 0x0000000714400000, 0x0000000714400000|100%| E|CS|TAMS 0x0000000714200000, 0x0000000714200000| Complete 

Card table byte_map: [0x0000017d61260000,0x0000017d61a40000] _byte_map_base: 0x0000017d5da3c000

Marking Bits (Prev, Next): (CMBitMap*) 0x0000017d49aa5520, (CMBitMap*) 0x0000017d49aa5560
 Prev Bits: [0x0000017d62220000, 0x0000017d66100000)
 Next Bits: [0x0000017d66100000, 0x0000017d69fe0000)

Polling page: 0x0000017d479a0000

Metaspace:

Usage:
  Non-class:      5.93 MB used.
      Class:    499.84 KB used.
       Both:      6.42 MB used.

Virtual space:
  Non-class space:       16.00 MB reserved,       6.06 MB ( 38%) committed,  2 nodes.
      Class space:        1.00 GB reserved,     576.00 KB ( <1%) committed,  1 nodes.
             Both:        1.02 GB reserved,       6.63 MB ( <1%) committed. 

Chunk freelists:
   Non-Class:  3.55 MB
       Class:  3.34 MB
        Both:  6.89 MB

MaxMetaspaceSize: unlimited
CompressedClassSpaceSize: 1.00 GB
Initial GC threshold: 21.00 MB
Current GC threshold: 21.00 MB
CDS: on
MetaspaceReclaimPolicy: balanced
 - commit_granule_bytes: 65536.
 - commit_granule_words: 8192.
 - virtual_space_node_default_size: 1048576.
 - enlarge_chunks_in_place: 1.
 - new_chunks_are_fully_committed: 0.
 - uncommit_free_chunks: 1.
 - use_allocation_guard: 0.
 - handle_deallocations: 1.


Internal statistics:

num_allocs_failed_limit: 0.
num_arena_births: 66.
num_arena_deaths: 0.
num_vsnodes_births: 3.
num_vsnodes_deaths: 0.
num_space_committed: 104.
num_space_uncommitted: 0.
num_chunks_returned_to_freelist: 0.
num_chunks_taken_from_freelist: 255.
num_chunk_merges: 0.
num_chunk_splits: 187.
num_chunks_enlarged: 157.
num_purges: 0.
num_inconsistent_stats: 0.

CodeHeap 'non-profiled nmethods': size=120000Kb used=484Kb max_used=484Kb free=119515Kb
 bounds [0x0000017d59000000, 0x0000017d59270000, 0x0000017d60530000]
CodeHeap 'profiled nmethods': size=120000Kb used=2212Kb max_used=2212Kb free=117787Kb
 bounds [0x0000017d51ad0000, 0x0000017d51d40000, 0x0000017d59000000]
CodeHeap 'non-nmethods': size=5760Kb used=1629Kb max_used=1643Kb free=4131Kb
 bounds [0x0000017d51530000, 0x0000017d517a0000, 0x0000017d51ad0000]
 total_blobs=2311 nmethods=1246 adapters=978
 compilation: enabled
              stopped_count=0, restarted_count=0
 full_count=0

Compilation events (20 events):
Event: 7.722 Thread 0x0000017d6ccb5020 1236       3       com.badlogic.gdx.scenes.scene2d.ui.ProgressBar::drawRound (52 bytes)
Event: 7.723 Thread 0x0000017d6ccb5020 nmethod 1236 0x0000017d51cf3d10 code [0x0000017d51cf3ee0, 0x0000017d51cf4208]
Event: 7.723 Thread 0x0000017d6ccb5020 1234       1       com.badlogic.gdx.scenes.scene2d.utils.BaseDrawable::getLeftWidth (5 bytes)
Event: 7.723 Thread 0x0000017d6ccb5020 nmethod 1234 0x0000017d59077f10 code [0x0000017d590780a0, 0x0000017d59078178]
Event: 7.723 Thread 0x0000017d6ccb5020 1235       1       com.badlogic.gdx.scenes.scene2d.utils.BaseDrawable::getRightWidth (5 bytes)
Event: 7.723 Thread 0x0000017d6ccb5020 nmethod 1235 0x0000017d59078210 code [0x0000017d590783a0, 0x0000017d59078478]
Event: 7.738 Thread 0x0000017d6ccb5020 1237       3       com.badlogic.gdx.utils.SnapshotArray::end (80 bytes)
Event: 7.738 Thread 0x0000017d6ccb5020 nmethod 1237 0x0000017d51cf4390 code [0x0000017d51cf4560, 0x0000017d51cf4b18]
Event: 7.808 Thread 0x0000017d6ccb5020 1239       3       com.badlogic.gdx.physics.box2d.Fixture::getType (66 bytes)
Event: 7.808 Thread 0x0000017d6ccb5020 nmethod 1239 0x0000017d51cf4c90 code [0x0000017d51cf4e60, 0x0000017d51cf51b8]
Event: 7.808 Thread 0x0000017d6ccb5020 1241       3       com.badlogic.gdx.scenes.scene2d.ui.Table::draw (155 bytes)
Event: 7.809 Thread 0x0000017d6ccb5020 nmethod 1241 0x0000017d51cf5310 code [0x0000017d51cf5620, 0x0000017d51cf6b38]
Event: 7.809 Thread 0x0000017d6ccb5020 1242       3       com.badlogic.gdx.scenes.scene2d.ui.Table::drawBackground (64 bytes)
Event: 7.810 Thread 0x0000017d6ccb5020 nmethod 1242 0x0000017d51cf7110 code [0x0000017d51cf72e0, 0x0000017d51cf77f8]
Event: 7.810 Thread 0x0000017d6ccb5020 1243       3       com.badlogic.gdx.scenes.scene2d.ui.WidgetGroup::draw (11 bytes)
Event: 7.810 Thread 0x0000017d6ccb5020 nmethod 1243 0x0000017d51cf7990 code [0x0000017d51cf7ba0, 0x0000017d51cf83d8]
Event: 7.810 Thread 0x0000017d6ccb5020 1244       3       com.badlogic.gdx.graphics.g2d.SpriteBatch::setColor (25 bytes)
Event: 7.810 Thread 0x0000017d6ccb5020 nmethod 1244 0x0000017d51cf8710 code [0x0000017d51cf88c0, 0x0000017d51cf8af8]
Event: 7.828 Thread 0x0000017d6ccb5020 1245       3       java.util.concurrent.ConcurrentHashMap::sumCount (60 bytes)
Event: 7.828 Thread 0x0000017d6ccb5020 nmethod 1245 0x0000017d51cf8c90 code [0x0000017d51cf8e40, 0x0000017d51cf90b8]

GC Heap History (4 events):
Event: 1.818 GC heap before
{Heap before GC invocations=0 (full 0):
 garbage-first heap   total 258048K, used 20480K [0x0000000704800000, 0x0000000800000000)
  region size 2048K, 11 young (22528K), 0 survivors (0K)
 Metaspace       used 5059K, committed 5184K, reserved 1056768K
  class space    used 344K, committed 384K, reserved 1048576K
}
Event: 1.824 GC heap after
{Heap after GC invocations=1 (full 0):
 garbage-first heap   total 258048K, used 2568K [0x0000000704800000, 0x0000000800000000)
  region size 2048K, 2 young (4096K), 2 survivors (4096K)
 Metaspace       used 5059K, committed 5184K, reserved 1056768K
  class space    used 344K, committed 384K, reserved 1048576K
}
Event: 3.264 GC heap before
{Heap before GC invocations=1 (full 0):
 garbage-first heap   total 258048K, used 33288K [0x0000000704800000, 0x0000000800000000)
  region size 2048K, 18 young (36864K), 2 survivors (4096K)
 Metaspace       used 5073K, committed 5184K, reserved 1056768K
  class space    used 344K, committed 384K, reserved 1048576K
}
Event: 3.267 GC heap after
{Heap after GC invocations=2 (full 0):
 garbage-first heap   total 258048K, used 2601K [0x0000000704800000, 0x0000000800000000)
  region size 2048K, 2 young (4096K), 2 survivors (4096K)
 Metaspace       used 5073K, committed 5184K, reserved 1056768K
  class space    used 344K, committed 384K, reserved 1048576K
}

Dll operation events (10 events):
Event: 0.005 Loaded shared library C:\Users\Animesh\.jdks\corretto-17.0.5\bin\java.dll
Event: 0.012 Loaded shared library C:\Users\Animesh\.jdks\corretto-17.0.5\bin\jsvml.dll
Event: 0.069 Loaded shared library C:\Users\Animesh\.jdks\corretto-17.0.5\bin\net.dll
Event: 0.070 Loaded shared library C:\Users\Animesh\.jdks\corretto-17.0.5\bin\nio.dll
Event: 0.072 Loaded shared library C:\Users\Animesh\.jdks\corretto-17.0.5\bin\zip.dll
Event: 0.154 Loaded shared library C:\Users\Animesh\.jdks\corretto-17.0.5\bin\jimage.dll
Event: 0.164 Loaded shared library C:\Users\Animesh\AppData\Local\Temp\libgdxAnimesh\e787ab0a\gdx64.dll
Event: 0.229 Loaded shared library C:\Users\Animesh\AppData\Local\Temp\lwjglAnimesh\3.3.1-build-7\lwjgl.dll
Event: 0.910 Loaded shared library C:\Users\Animesh\AppData\Local\Temp\lwjglAnimesh\3.3.1-build-7\lwjgl_opengl.dll
Event: 7.008 Loaded shared library C:\Users\Animesh\AppData\Local\Temp\libgdxAnimesh\888fe1bc\gdx-box2d64.dll

Deoptimization events (20 events):
Event: 6.366 Thread 0x0000017d6fcf1be0 Uncommon trap: trap_request=0xffffff45 fr.pc=0x0000017d5905e01c relative=0x000000000000009c
Event: 6.366 Thread 0x0000017d6fcf1be0 Uncommon trap: reason=unstable_if action=reinterpret pc=0x0000017d5905e01c method=com.approject.tankstars.screens.Choosetank$3.run()V @ 13 c2
Event: 6.366 Thread 0x0000017d6fcf1be0 DEOPT PACKING pc=0x0000017d5905e01c sp=0x000000498b8ff0f0
Event: 6.366 Thread 0x0000017d6fcf1be0 DEOPT UNPACKING pc=0x0000017d515823a3 sp=0x000000498b8ff0a0 mode 2
Event: 6.770 Thread 0x0000017d6fcf03d0 DEOPT PACKING pc=0x0000017d51c7deba sp=0x000000498b8fef90
Event: 6.770 Thread 0x0000017d6fcf03d0 DEOPT UNPACKING pc=0x0000017d51582b43 sp=0x000000498b8fe498 mode 0
Event: 6.865 Thread 0x0000017d6fcf03d0 Uncommon trap: trap_request=0xffffff45 fr.pc=0x0000017d5905ea1c relative=0x000000000000009c
Event: 6.865 Thread 0x0000017d6fcf03d0 Uncommon trap: reason=unstable_if action=reinterpret pc=0x0000017d5905ea1c method=com.approject.tankstars.screens.Choosemap$3.run()V @ 13 c2
Event: 6.865 Thread 0x0000017d6fcf03d0 DEOPT PACKING pc=0x0000017d5905ea1c sp=0x000000498b8feff0
Event: 6.865 Thread 0x0000017d6fcf03d0 DEOPT UNPACKING pc=0x0000017d515823a3 sp=0x000000498b8fefa0 mode 2
Event: 6.986 Thread 0x0000017d49a36b20 Uncommon trap: trap_request=0xffffff45 fr.pc=0x0000017d590614a4 relative=0x0000000000000104
Event: 6.986 Thread 0x0000017d49a36b20 Uncommon trap: reason=unstable_if action=reinterpret pc=0x0000017d590614a4 method=com.badlogic.gdx.utils.IntMap.locateKey(I)I @ 29 c2
Event: 6.986 Thread 0x0000017d49a36b20 DEOPT PACKING pc=0x0000017d590614a4 sp=0x00000049893ff110
Event: 6.986 Thread 0x0000017d49a36b20 DEOPT UNPACKING pc=0x0000017d515823a3 sp=0x00000049893ff0a0 mode 2
Event: 7.035 Thread 0x0000017d49a36b20 Uncommon trap: trap_request=0xffffff45 fr.pc=0x0000017d5905fc8c relative=0x000000000000008c
Event: 7.035 Thread 0x0000017d49a36b20 Uncommon trap: reason=unstable_if action=reinterpret pc=0x0000017d5905fc8c method=java.lang.Math.round(F)I @ 36 c2
Event: 7.035 Thread 0x0000017d49a36b20 DEOPT PACKING pc=0x0000017d5905fc8c sp=0x00000049893fed30
Event: 7.035 Thread 0x0000017d49a36b20 DEOPT UNPACKING pc=0x0000017d515823a3 sp=0x00000049893feca8 mode 2
Event: 7.337 Thread 0x0000017d49a36b20 DEOPT PACKING pc=0x0000017d51cdca74 sp=0x00000049893ff390
Event: 7.337 Thread 0x0000017d49a36b20 DEOPT UNPACKING pc=0x0000017d51582b43 sp=0x00000049893fe7b8 mode 0

Classes unloaded (0 events):
No events

Classes redefined (0 events):
No events

Internal exceptions (20 events):
Event: 0.204 Thread 0x0000017d49a36b20 Exception <a 'java/lang/NoSuchMethodError'{0x0000000713ccabb8}: 'int java.lang.invoke.DirectMethodHandle$Holder.invokeSpecial(java.lang.Object, java.lang.Object, java.lang.Object)'> (0x0000000713ccabb8) 
thrown [s\src\hotspot\share\interpreter\linkResolver.cpp, line 759]
Event: 0.228 Thread 0x0000017d49a36b20 Exception <a 'sun/nio/fs/WindowsException'{0x0000000713d68090}> (0x0000000713d68090) 
thrown [s\src\hotspot\share\prims\jni.cpp, line 516]
Event: 0.228 Thread 0x0000017d49a36b20 Exception <a 'sun/nio/fs/WindowsException'{0x0000000713d685f0}> (0x0000000713d685f0) 
thrown [s\src\hotspot\share\prims\jni.cpp, line 516]
Event: 0.235 Thread 0x0000017d49a36b20 Exception <a 'java/lang/NoSuchMethodError'{0x0000000713da8e78}: 'int java.lang.invoke.DirectMethodHandle$Holder.invokeStaticInit(java.lang.Object, java.lang.Object, int, long)'> (0x0000000713da8e78) 
thrown [s\src\hotspot\share\interpreter\linkResolver.cpp, line 759]
Event: 0.235 Thread 0x0000017d49a36b20 Exception <a 'java/lang/NoSuchMethodError'{0x0000000713dae740}: 'java.lang.Object java.lang.invoke.DirectMethodHandle$Holder.newInvokeSpecial(java.lang.Object, java.lang.Object, int)'> (0x0000000713dae740) 
thrown [s\src\hotspot\share\interpreter\linkResolver.cpp, line 759]
Event: 0.237 Thread 0x0000017d49a36b20 Exception <a 'java/lang/NoSuchMethodError'{0x0000000713dc34c8}: 'int java.lang.invoke.DirectMethodHandle$Holder.invokeStaticInit(java.lang.Object, java.lang.Object, long, long)'> (0x0000000713dc34c8) 
thrown [s\src\hotspot\share\interpreter\linkResolver.cpp, line 759]
Event: 0.238 Thread 0x0000017d49a36b20 Exception <a 'java/lang/NoSuchMethodError'{0x0000000713dc95d8}: 'java.lang.Object java.lang.invoke.DirectMethodHandle$Holder.newInvokeSpecial(java.lang.Object, java.lang.Object, long)'> (0x0000000713dc95d8) 
thrown [s\src\hotspot\share\interpreter\linkResolver.cpp, line 759]
Event: 0.238 Thread 0x0000017d49a36b20 Exception <a 'java/lang/NoSuchMethodError'{0x0000000713dcd620}: 'java.lang.Object java.lang.invoke.Invokers$Holder.linkToTargetMethod(java.lang.Object, long, java.lang.Object)'> (0x0000000713dcd620) 
thrown [s\src\hotspot\share\interpreter\linkResolver.cpp, line 759]
Event: 0.239 Thread 0x0000017d49a36b20 Exception <a 'java/lang/NoSuchMethodError'{0x0000000713dd4d38}: 'int java.lang.invoke.DirectMethodHandle$Holder.invokeStaticInit(java.lang.Object, java.lang.Object, java.lang.Object, long)'> (0x0000000713dd4d38) 
thrown [s\src\hotspot\share\interpreter\linkResolver.cpp, line 759]
Event: 0.253 Thread 0x0000017d49a36b20 Exception <a 'sun/nio/fs/WindowsException'{0x0000000713a8b1b8}> (0x0000000713a8b1b8) 
thrown [s\src\hotspot\share\prims\jni.cpp, line 516]
Event: 0.253 Thread 0x0000017d49a36b20 Exception <a 'sun/nio/fs/WindowsException'{0x0000000713a8b568}> (0x0000000713a8b568) 
thrown [s\src\hotspot\share\prims\jni.cpp, line 516]
Event: 0.271 Thread 0x0000017d49a36b20 Exception <a 'sun/nio/fs/WindowsException'{0x0000000713b4a740}> (0x0000000713b4a740) 
thrown [s\src\hotspot\share\prims\jni.cpp, line 516]
Event: 0.271 Thread 0x0000017d49a36b20 Exception <a 'sun/nio/fs/WindowsException'{0x0000000713b4aac0}> (0x0000000713b4aac0) 
thrown [s\src\hotspot\share\prims\jni.cpp, line 516]
Event: 0.302 Thread 0x0000017d49a36b20 Exception <a 'sun/nio/fs/WindowsException'{0x0000000713bdd1e8}> (0x0000000713bdd1e8) 
thrown [s\src\hotspot\share\prims\jni.cpp, line 516]
Event: 0.302 Thread 0x0000017d49a36b20 Exception <a 'sun/nio/fs/WindowsException'{0x0000000713bdd578}> (0x0000000713bdd578) 
thrown [s\src\hotspot\share\prims\jni.cpp, line 516]
Event: 0.807 Thread 0x0000017d49a36b20 Exception <a 'java/lang/NoSuchMethodError'{0x0000000713829190}: 'java.lang.Object java.lang.invoke.DirectMethodHandle$Holder.newInvokeSpecial(java.lang.Object, long)'> (0x0000000713829190) 
thrown [s\src\hotspot\share\interpreter\linkResolver.cpp, line 759]
Event: 0.909 Thread 0x0000017d49a36b20 Exception <a 'sun/nio/fs/WindowsException'{0x0000000713951a28}> (0x0000000713951a28) 
thrown [s\src\hotspot\share\prims\jni.cpp, line 516]
Event: 0.909 Thread 0x0000017d49a36b20 Exception <a 'sun/nio/fs/WindowsException'{0x0000000713951de8}> (0x0000000713951de8) 
thrown [s\src\hotspot\share\prims\jni.cpp, line 516]
Event: 0.911 Thread 0x0000017d49a36b20 Exception <a 'sun/nio/fs/WindowsException'{0x0000000713961078}> (0x0000000713961078) 
thrown [s\src\hotspot\share\prims\jni.cpp, line 516]
Event: 0.911 Thread 0x0000017d49a36b20 Exception <a 'sun/nio/fs/WindowsException'{0x0000000713961370}> (0x0000000713961370) 
thrown [s\src\hotspot\share\prims\jni.cpp, line 516]

VM Operations (20 events):
Event: 0.956 Executing VM operation: HandshakeAllThreads
Event: 0.956 Executing VM operation: HandshakeAllThreads done
Event: 1.811 Executing VM operation: G1CollectForAllocation
Event: 1.925 Executing VM operation: G1CollectForAllocation done
Event: 3.264 Executing VM operation: G1CollectForAllocation
Event: 3.267 Executing VM operation: G1CollectForAllocation done
Event: 5.267 Executing VM operation: Cleanup
Event: 5.267 Executing VM operation: Cleanup done
Event: 6.883 Executing VM operation: HandshakeAllThreads
Event: 6.883 Executing VM operation: HandshakeAllThreads done
Event: 6.883 Executing VM operation: Cleanup
Event: 6.883 Executing VM operation: Cleanup done
Event: 6.916 Executing VM operation: HandshakeAllThreads
Event: 6.916 Executing VM operation: HandshakeAllThreads done
Event: 7.022 Executing VM operation: HandshakeAllThreads
Event: 7.022 Executing VM operation: HandshakeAllThreads done
Event: 7.023 Executing VM operation: HandshakeAllThreads
Event: 7.023 Executing VM operation: HandshakeAllThreads done
Event: 7.028 Executing VM operation: HandshakeAllThreads
Event: 7.028 Executing VM operation: HandshakeAllThreads done

Events (20 events):
Event: 5.516 loading class java/lang/reflect/InvocationTargetException
Event: 5.516 loading class java/lang/reflect/InvocationTargetException done
Event: 6.265 Thread 0x0000017d6fcf1be0 Thread added: 0x0000017d6fcf1be0
Event: 6.366 Thread 0x0000017d6fcf1be0 Thread exited: 0x0000017d6fcf1be0
Event: 6.765 Thread 0x0000017d6fcf03d0 Thread added: 0x0000017d6fcf03d0
Event: 6.865 Thread 0x0000017d6fcf03d0 Thread exited: 0x0000017d6fcf03d0
Event: 6.876 loading class java/util/zip/GZIPInputStream
Event: 6.876 loading class java/util/zip/GZIPInputStream done
Event: 6.877 loading class java/lang/NegativeArraySizeException
Event: 6.877 loading class java/lang/NegativeArraySizeException done
Event: 6.877 loading class java/lang/StringIndexOutOfBoundsException
Event: 6.877 loading class java/lang/StringIndexOutOfBoundsException done
Event: 6.878 loading class java/lang/ArrayIndexOutOfBoundsException
Event: 6.878 loading class java/lang/ArrayIndexOutOfBoundsException done
Event: 6.983 Thread 0x0000017d6ddac650 Thread added: 0x0000017d6ddac650
Event: 6.984 loading class jdk/internal/math/FloatingDecimal$ASCIIToBinaryBuffer
Event: 6.984 loading class jdk/internal/math/FloatingDecimal$ASCIIToBinaryBuffer done
Event: 6.992 Thread 0x0000017d6ce7f8f0 Thread added: 0x0000017d6ce7f8f0
Event: 7.173 Thread 0x0000017d6ce7f8f0 Thread exited: 0x0000017d6ce7f8f0
Event: 7.190 Thread 0x0000017d6ddac650 Thread exited: 0x0000017d6ddac650


Dynamic libraries:
0x00007ff6d2930000 - 0x00007ff6d293d000 	C:\Users\Animesh\.jdks\corretto-17.0.5\bin\java.exe
0x00007ffff7c40000 - 0x00007ffff7e49000 	C:\windows\SYSTEM32\ntdll.dll
0x00007ffff6470000 - 0x00007ffff652e000 	C:\windows\System32\KERNEL32.DLL
0x00007ffff54e0000 - 0x00007ffff585b000 	C:\windows\System32\KERNELBASE.dll
0x00007ffff5110000 - 0x00007ffff5221000 	C:\windows\System32\ucrtbase.dll
0x00007fffd5ab0000 - 0x00007fffd5ac7000 	C:\Users\Animesh\.jdks\corretto-17.0.5\bin\jli.dll
0x00007fffd5860000 - 0x00007fffd5875000 	C:\Users\Animesh\.jdks\corretto-17.0.5\bin\VCRUNTIME140.dll
0x00007ffff6130000 - 0x00007ffff62dd000 	C:\windows\System32\USER32.dll
0x00007fffd4ce0000 - 0x00007fffd4f85000 	C:\windows\WinSxS\amd64_microsoft.windows.common-controls_6595b64144ccf1df_6.0.22000.120_none_9d947278b86cc467\COMCTL32.dll
0x00007ffff6080000 - 0x00007ffff6123000 	C:\windows\System32\msvcrt.dll
0x00007ffff5a90000 - 0x00007ffff5ab6000 	C:\windows\System32\win32u.dll
0x00007ffff6bc0000 - 0x00007ffff6be9000 	C:\windows\System32\GDI32.dll
0x00007ffff5340000 - 0x00007ffff5458000 	C:\windows\System32\gdi32full.dll
0x00007ffff5230000 - 0x00007ffff52cd000 	C:\windows\System32\msvcp_win.dll
0x00007ffff6c10000 - 0x00007ffff6c42000 	C:\windows\System32\IMM32.DLL
0x00007fffc5a90000 - 0x00007fffc5b2b000 	C:\Users\Animesh\.jdks\corretto-17.0.5\bin\msvcp140.dll
0x00007fff7bf70000 - 0x00007fff7cb84000 	C:\Users\Animesh\.jdks\corretto-17.0.5\bin\server\jvm.dll
0x00007ffff7b50000 - 0x00007ffff7bfe000 	C:\windows\System32\ADVAPI32.dll
0x00007ffff6e20000 - 0x00007ffff6ebe000 	C:\windows\System32\sechost.dll
0x00007ffff5e30000 - 0x00007ffff5f50000 	C:\windows\System32\RPCRT4.dll
0x00007fffec210000 - 0x00007fffec243000 	C:\windows\SYSTEM32\WINMM.dll
0x00007fffd8900000 - 0x00007fffd8909000 	C:\windows\SYSTEM32\WSOCK32.dll
0x00007fffe2d20000 - 0x00007fffe2d2a000 	C:\windows\SYSTEM32\VERSION.dll
0x00007ffff6010000 - 0x00007ffff607f000 	C:\windows\System32\WS2_32.dll
0x00007ffff41d0000 - 0x00007ffff41e8000 	C:\windows\SYSTEM32\kernel.appcore.dll
0x00007fffd5850000 - 0x00007fffd585a000 	C:\Users\Animesh\.jdks\corretto-17.0.5\bin\jimage.dll
0x00007ffff2840000 - 0x00007ffff2a61000 	C:\windows\SYSTEM32\DBGHELP.DLL
0x00007fffd4970000 - 0x00007fffd49a1000 	C:\windows\SYSTEM32\dbgcore.DLL
0x00007ffff5460000 - 0x00007ffff54df000 	C:\windows\System32\bcryptPrimitives.dll
0x00007fffc5a60000 - 0x00007fffc5a85000 	C:\Users\Animesh\.jdks\corretto-17.0.5\bin\java.dll
0x00007fff82b90000 - 0x00007fff82c66000 	C:\Users\Animesh\.jdks\corretto-17.0.5\bin\jsvml.dll
0x00007ffff6ee0000 - 0x00007ffff7698000 	C:\windows\System32\SHELL32.dll
0x00007ffff31c0000 - 0x00007ffff3a25000 	C:\windows\SYSTEM32\windows.storage.dll
0x00007ffff7710000 - 0x00007ffff7a88000 	C:\windows\System32\combase.dll
0x00007ffff3050000 - 0x00007ffff31b6000 	C:\windows\SYSTEM32\wintypes.dll
0x00007ffff6cd0000 - 0x00007ffff6dba000 	C:\windows\System32\SHCORE.dll
0x00007ffff6b60000 - 0x00007ffff6bbd000 	C:\windows\System32\shlwapi.dll
0x00007ffff5040000 - 0x00007ffff5061000 	C:\windows\SYSTEM32\profapi.dll
0x00007fffd5820000 - 0x00007fffd5839000 	C:\Users\Animesh\.jdks\corretto-17.0.5\bin\net.dll
0x00007fffef4e0000 - 0x00007fffef5f4000 	C:\windows\SYSTEM32\WINHTTP.dll
0x00007ffff4680000 - 0x00007ffff46e7000 	C:\windows\system32\mswsock.dll
0x00007fff8caa0000 - 0x00007fff8cab5000 	C:\Users\Animesh\.jdks\corretto-17.0.5\bin\nio.dll
0x00007fff8ca80000 - 0x00007fff8ca98000 	C:\Users\Animesh\.jdks\corretto-17.0.5\bin\zip.dll
0x000000005b5d0000 - 0x000000005b5f9000 	C:\Users\Animesh\AppData\Local\Temp\libgdxAnimesh\e787ab0a\gdx64.dll
0x00007fffc67a0000 - 0x00007fffc6815000 	C:\Users\Animesh\AppData\Local\Temp\lwjglAnimesh\3.3.1-build-7\lwjgl.dll
0x00007fff734d0000 - 0x00007fff73729000 	C:\Users\Animesh\AppData\Local\Temp\lwjglAnimesh\3.3.1-build-7\jemalloc.dll
0x00007fffc6730000 - 0x00007fffc6791000 	C:\Users\Animesh\AppData\Local\Temp\lwjglAnimesh\3.3.1-build-7\glfw.dll
0x00007fffc5860000 - 0x00007fffc58a5000 	C:\windows\SYSTEM32\dinput8.dll
0x00007fffd6d20000 - 0x00007fffd6d31000 	C:\windows\SYSTEM32\xinput1_4.dll
0x00007ffff4e10000 - 0x00007ffff4e5c000 	C:\windows\SYSTEM32\cfgmgr32.dll
0x00007ffff4de0000 - 0x00007ffff4e0c000 	C:\windows\SYSTEM32\DEVOBJ.dll
0x00007ffff2730000 - 0x00007ffff275f000 	C:\windows\SYSTEM32\dwmapi.dll
0x00007fffc8130000 - 0x00007fffc82f9000 	C:\windows\SYSTEM32\inputhost.dll
0x00007ffff1140000 - 0x00007ffff1271000 	C:\windows\SYSTEM32\CoreMessaging.dll
0x00007ffff22c0000 - 0x00007ffff236c000 	C:\windows\system32\uxtheme.dll
0x00007ffff4980000 - 0x00007ffff498c000 	C:\windows\SYSTEM32\CRYPTBASE.DLL
0x00007ffff62e0000 - 0x00007ffff63fd000 	C:\windows\System32\MSCTF.dll
0x00007fffad4f0000 - 0x00007fffad687000 	C:\Users\Animesh\AppData\Local\Temp\lwjglAnimesh\3.3.1-build-7\OpenAL.dll
0x00007ffff5ac0000 - 0x00007ffff5c5a000 	C:\windows\System32\ole32.dll
0x00007ffff7a90000 - 0x00007ffff7b45000 	C:\windows\System32\clbcatq.dll
0x00007fffdb120000 - 0x00007fffdb1bb000 	C:\windows\System32\MMDevApi.dll
0x00007fffd91d0000 - 0x00007fffd93a3000 	C:\windows\SYSTEM32\AUDIOSES.DLL
0x00007ffff2660000 - 0x00007ffff2675000 	C:\windows\SYSTEM32\resourcepolicyclient.dll
0x00007ffff4bc0000 - 0x00007ffff4c0d000 	C:\windows\SYSTEM32\powrprof.dll
0x00007ffff4ab0000 - 0x00007ffff4ac3000 	C:\windows\SYSTEM32\UMPDC.dll
0x00007fffafe10000 - 0x00007fffaff11000 	C:\windows\SYSTEM32\opengl32.dll
0x00007fffc5690000 - 0x00007fffc56bd000 	C:\windows\SYSTEM32\GLU32.dll
0x00007ffff24e0000 - 0x00007ffff2518000 	C:\windows\SYSTEM32\dxcore.dll
0x00007fffec3d0000 - 0x00007fffec414000 	C:\windows\SYSTEM32\directxdatabasehelper.dll
0x00007ffff41f0000 - 0x00007ffff4224000 	C:\windows\SYSTEM32\ntmarta.dll
0x00007fffeb410000 - 0x00007fffeb544000 	C:\Windows\System32\AppXDeploymentClient.dll
0x00007fffeafa0000 - 0x00007fffeb190000 	C:\windows\SYSTEM32\urlmon.dll
0x00007fffea510000 - 0x00007fffea7c3000 	C:\Windows\System32\iertutil.dll
0x00007fffebb50000 - 0x00007fffebb78000 	C:\Windows\System32\srvcli.dll
0x00007ffff3e00000 - 0x00007ffff3e0c000 	C:\Windows\System32\netutils.dll
0x00007fff721d0000 - 0x00007fff731c3000 	C:\windows\System32\DriverStore\FileRepository\iigd_dch.inf_amd64_e0c7097ece46fc6a\igxelpicd64.dll
0x00007ffff2540000 - 0x00007ffff2633000 	C:\windows\system32\dxgi.dll
0x00007fff71d70000 - 0x00007fff721c3000 	C:\windows\System32\DriverStore\FileRepository\iigd_dch.inf_amd64_e0c7097ece46fc6a\igdml64.dll
0x00007fffe6910000 - 0x00007fffe6cd7000 	C:\windows\System32\DriverStore\FileRepository\iigd_dch.inf_amd64_e0c7097ece46fc6a\igdgmm64.dll
0x00007fffe31e0000 - 0x00007fffe67f2000 	C:\windows\System32\DriverStore\FileRepository\iigd_dch.inf_amd64_e0c7097ece46fc6a\igc64.dll
0x00007fffc5240000 - 0x00007fffc529d000 	C:\Users\Animesh\AppData\Local\Temp\lwjglAnimesh\3.3.1-build-7\lwjgl_opengl.dll
0x00007fffcf850000 - 0x00007fffcf97d000 	C:\windows\SYSTEM32\textinputframework.dll
0x00007ffff5d50000 - 0x00007ffff5e26000 	C:\windows\System32\OLEAUT32.dll
0x00007fffeb740000 - 0x00007fffebaad000 	C:\windows\SYSTEM32\CoreUIComponents.dll
0x00007fffd6c10000 - 0x00007fffd6c79000 	C:\windows\system32\Oleacc.dll
0x000000005b570000 - 0x000000005b5ca000 	C:\Users\Animesh\AppData\Local\Temp\libgdxAnimesh\888fe1bc\gdx-box2d64.dll

dbghelp: loaded successfully - version: 4.0.5 - missing functions: none
symbol engine: initialized successfully - sym options: 0x614 - pdb path: .;C:\Users\Animesh\.jdks\corretto-17.0.5\bin;C:\windows\SYSTEM32;C:\windows\WinSxS\amd64_microsoft.windows.common-controls_6595b64144ccf1df_6.0.22000.120_none_9d947278b86cc467;C:\Users\Animesh\.jdks\corretto-17.0.5\bin\server;C:\Users\Animesh\AppData\Local\Temp\libgdxAnimesh\e787ab0a;C:\Users\Animesh\AppData\Local\Temp\lwjglAnimesh\3.3.1-build-7;C:\windows\System32\DriverStore\FileRepository\iigd_dch.inf_amd64_e0c7097ece46fc6a;C:\Users\Animesh\AppData\Local\Temp\libgdxAnimesh\888fe1bc

VM Arguments:
jvm_args: -Dfile.encoding=windows-1252 -Duser.country=IN -Duser.language=en -Duser.variant 
java_command: com.approject.tankstars.DesktopLauncher
java_class_path (initial): C:\Users\Animesh\Downloads\test\desktop\build\classes\java\main;C:\Users\Animesh\Downloads\test\desktop\build\resources\main;C:\Users\Animesh\.gradle\caches\modules-2\files-2.1\com.badlogicgames.gdx\gdx-backend-lwjgl3\1.11.0\58a96db4cd349be4292d547856aa1e1c5f065f4e\gdx-backend-lwjgl3-1.11.0.jar;C:\Users\Animesh\.gradle\caches\modules-2\files-2.1\com.badlogicgames.gdx\gdx-platform\1.11.0\697fb13eada6d3c6ca648c9788692b0159add126\gdx-platform-1.11.0-natives-desktop.jar;C:\Users\Animesh\.gradle\caches\modules-2\files-2.1\com.badlogicgames.gdx\gdx-bullet-platform\1.11.0\2c067b913a306ba26d482075297538ad91cdb88b\gdx-bullet-platform-1.11.0-natives-desktop.jar;C:\Users\Animesh\.gradle\caches\modules-2\files-2.1\com.badlogicgames.gdx\gdx-box2d-platform\1.11.0\62ff9baa1e57a11e0a4428a38c9660bf9f312fdc\gdx-box2d-platform-1.11.0-natives-desktop.jar;C:\Users\Animesh\.gradle\caches\modules-2\files-2.1\com.badlogicgames.gdx\gdx-freetype-platform\1.11.0\420e2c2c206843a0d51010be28a141a1eb946235\gdx-freetype-platform-1.11.0-natives-desktop.jar;C:\Users\Animesh\.gradle\caches\modules-2\files-2.1\com.badlogicgames.gdx-controllers\gdx-controllers-desktop\2.2.1\cb3430c32468a090eca54d494d16bb3764ceff9b\gdx-controllers-desktop-2.2.1.jar;C:\Users\Animesh\Downloads\test\core\build\libs\core-1.0.jar;C:\Users\Animesh\.gradle\caches\modules-2\files-2.1\com.badlogicgames.gdx-controllers\gdx-controllers-core\2.2.1\8aca0dc002a8daf6a6d28f49c44e25189dd93fd7\gdx-controllers-core-2.2.1.jar;C:\Users\Animesh\.gradle\caches\modules-2\files-2.1\com.badlogicgames.gdx\gdx-bullet\1.11.0\1eb83845fa655e7e8ab6bbb979d28b0502ad3302\gdx-bullet-1.11.0.jar;C:\Users\Animesh\.gradle\caches\modules-2\files-2.1\com.badlogicgames.box2dlights\box2dlights\1.5\6902dbcd250c95a27973aa24a147a95b3828d348\box2dlights-1.5.jar;C:\Users\Animesh\.gradle\caches\modules-2\files-2.1\com.badlogicgames.gdx\gdx-box2d\1.11.0\ad4facee800dd945d6d6e93dea2936bc135b5f\gdx-box2d-1.11.0.jar;C:\Users\Animesh\.gradle\cach
Launcher Type: SUN_STANDARD

[Global flags]
     intx CICompilerCount                          = 4                                         {product} {ergonomic}
     uint ConcGCThreads                            = 3                                         {product} {ergonomic}
     uint G1ConcRefinementThreads                  = 10                                        {product} {ergonomic}
   size_t G1HeapRegionSize                         = 2097152                                   {product} {ergonomic}
    uintx GCDrainStackTargetSize                   = 64                                        {product} {ergonomic}
   size_t InitialHeapSize                          = 264241152                                 {product} {ergonomic}
   size_t MarkStackSize                            = 4194304                                   {product} {ergonomic}
   size_t MaxHeapSize                              = 4219469824                                {product} {ergonomic}
   size_t MaxNewSize                               = 2531262464                                {product} {ergonomic}
   size_t MinHeapDeltaBytes                        = 2097152                                   {product} {ergonomic}
   size_t MinHeapSize                              = 8388608                                   {product} {ergonomic}
    uintx NonNMethodCodeHeapSize                   = 5839372                                {pd product} {ergonomic}
    uintx NonProfiledCodeHeapSize                  = 122909434                              {pd product} {ergonomic}
    uintx ProfiledCodeHeapSize                     = 122909434                              {pd product} {ergonomic}
    uintx ReservedCodeCacheSize                    = 251658240                              {pd product} {ergonomic}
     bool SegmentedCodeCache                       = true                                      {product} {ergonomic}
   size_t SoftMaxHeapSize                          = 4219469824                             {manageable} {ergonomic}
     bool UseCompressedClassPointers               = true                           {product lp64_product} {ergonomic}
     bool UseCompressedOops                        = true                           {product lp64_product} {ergonomic}
     bool UseG1GC                                  = true                                      {product} {ergonomic}
     bool UseLargePagesIndividualAllocation        = false                                  {pd product} {ergonomic}

Logging:
Log output configuration:
 #0: stdout all=warning uptime,level,tags
 #1: stderr all=off uptime,level,tags

Environment Variables:
JAVA_HOME=C:\Program Files\Java\jdk-19
PATH=C:\Program Files\Common Files\Oracle\Java\javapath;C:\Program Files (x86)\Common Files\Oracle\Java\javapath;C:\windows\system32;C:\windows;C:\windows\System32\Wbem;C:\windows\System32\WindowsPowerShell\v1.0\;C:\windows\System32\OpenSSH\;C:\Program Files\MATLAB\R2022b\runtime\win64;C:\Program Files\MATLAB\R2022b\bin;C:\Users\Animesh\AppData\Local\Microsoft\WindowsApps;C:\Program Files\JetBrains\IntelliJ IDEA 2022.2.3\bin;;C:\Users\Animesh\AppData\Local\Programs\Microsoft VS Code\bin;C:\Program Files\apache-maven-3.8.6\bin;
USERNAME=Animesh
OS=Windows_NT
PROCESSOR_IDENTIFIER=Intel64 Family 6 Model 154 Stepping 4, GenuineIntel
TMP=C:\Users\Animesh\AppData\Local\Temp
TEMP=C:\Users\Animesh\AppData\Local\Temp



---------------  S Y S T E M  ---------------

OS:
 Windows 11 , 64 bit Build 22000 (10.0.22000.1219)
OS uptime: 14 days 23:44 hours
Hyper-V role detected

CPU: total 12 (initial active 12) (6 cores per cpu, 2 threads per core) family 6 model 154 stepping 4 microcode 0x423, cx8, cmov, fxsr, ht, mmx, 3dnowpref, sse, sse2, sse3, ssse3, sse4.1, sse4.2, popcnt, lzcnt, tsc, tscinvbit, avx, avx2, aes, erms, clmul, bmi1, bmi2, adx, sha, fma, vzeroupper, clflush, clflushopt, clwb, hv

Memory: 4k page, system-wide physical 16095M (5601M free)
TotalPageFile size 18527M (AvailPageFile size 4330M)
current process WorkingSet (physical memory assigned to process): 1164M, peak: 1167M
current process commit charge ("private bytes"): 1384M, peak: 1388M

vm_info: OpenJDK 64-Bit Server VM (17.0.5+8-LTS) for windows-amd64 JRE (17.0.5+8-LTS), built on Oct 13 2022 05:18:14 by "Administrator" with MS VC++ 15.9 (VS2017)

END.
