#
# A fatal error has been detected by the Java Runtime Environment:
#
#  EXCEPTION_ACCESS_VIOLATION (0xc0000005) at pc=0x000000005b590dd0, pid=23308, tid=24192
#
# JRE version: OpenJDK Runtime Environment Corretto-17.0.5.8.1 (17.0.5+8) (build 17.0.5+8-LTS)
# Java VM: OpenJDK 64-Bit Server VM Corretto-17.0.5.8.1 (17.0.5+8-LTS, mixed mode, sharing, tiered, compressed oops, compressed class ptrs, g1 gc, windows-amd64)
# Problematic frame:
# C  [gdx-box2d64.dll+0x20dd0]
#
# No core dump will be written. Minidumps are not enabled by default on client versions of Windows
#
# If you would like to submit a bug report, please visit:
#   https://github.com/corretto/corretto-17/issues/
# The crash happened outside the Java Virtual Machine in native code.
# See problematic frame for where to report the bug.
#

---------------  S U M M A R Y ------------

Command Line: -Dfile.encoding=windows-1252 -Duser.country=IN -Duser.language=en -Duser.variant com.approject.tankstars.DesktopLauncher

Host: 12th Gen Intel(R) Core(TM) i7-1255U, 12 cores, 15G,  Windows 11 , 64 bit Build 22000 (10.0.22000.1219)
Time: Wed Dec 21 19:16:56 2022 India Standard Time elapsed time: 121.213149 seconds (0d 0h 2m 1s)

---------------  T H R E A D  ---------------

Current thread (0x000001b536e285f0):  JavaThread "main" [_thread_in_native, id=24192, stack(0x0000005203700000,0x0000005203800000)]

Stack: [0x0000005203700000,0x0000005203800000],  sp=0x00000052037ff338,  free space=1020k
Native frames: (J=compiled Java code, j=interpreted, Vv=VM code, C=native code)
C  [gdx-box2d64.dll+0x20dd0]

Java frames: (J=compiled Java code, j=interpreted, Vv=VM code)
J 1434  com.badlogic.gdx.physics.box2d.World.jniStep(JFII)V (0 bytes) @ 0x000001b54647f871 [0x000001b54647f820+0x0000000000000051]
J 1433 c1 com.badlogic.gdx.physics.box2d.World.step(FII)V (12 bytes) @ 0x000001b53f130524 [0x000001b53f1304a0+0x0000000000000084]
J 1417 c1 com.approject.tankstars.screens.Gamescreen.updatemine(F)V (174 bytes) @ 0x000001b53f121584 [0x000001b53f121300+0x0000000000000284]
j  com.approject.tankstars.screens.Gamescreen.render(F)V+2
J 1569 c2 com.badlogic.gdx.backends.lwjgl3.Lwjgl3Window.update()Z (217 bytes) @ 0x000001b5464d3014 [0x000001b5464d2980+0x0000000000000694]
j  com.badlogic.gdx.backends.lwjgl3.Lwjgl3Application.loop()V+111
j  com.badlogic.gdx.backends.lwjgl3.Lwjgl3Application.<init>(Lcom/badlogic/gdx/ApplicationListener;Lcom/badlogic/gdx/backends/lwjgl3/Lwjgl3ApplicationConfiguration;)V+269
j  com.approject.tankstars.DesktopLauncher.main([Ljava/lang/String;)V+47
v  ~StubRoutines::call_stub

siginfo: EXCEPTION_ACCESS_VIOLATION (0xc0000005), writing address 0x000001b563bc6308


Register to memory mapping:

RIP=0x000000005b590dd0 gdx-box2d64.dll
RAX=0x000000005b5b5940 gdx-box2d64.dll
RBX=0x000001b563bad000 points into unknown readable memory: 0x000001b562a3c750 | 50 c7 a3 62 b5 01 00 00
RCX=0x000001b563bad000 points into unknown readable memory: 0x000001b562a3c750 | 50 c7 a3 62 b5 01 00 00
RDX=0x00000052037ff360 is pointing into the stack for thread: 0x000001b536e285f0
RSP=0x00000052037ff338 is pointing into the stack for thread: 0x000001b536e285f0
RBP=0x00000052037ff430 is pointing into the stack for thread: 0x000001b536e285f0
RSI=0x0000000000000002 is an unknown value
RDI=0x0000000000000002 is an unknown value
R8 =0x000001b563bad000 points into unknown readable memory: 0x000001b562a3c750 | 50 c7 a3 62 b5 01 00 00
R9 =0x0000000000000006 is an unknown value
R10=0x000000005b597130 gdx-box2d64.dll
R11=3792569909 is a compressed pointer to object: com.approject.tankstars.sprites.Tankobjects 
{0x00000007107031a8} - klass: 'com/approject/tankstars/sprites/Tankobjects'
 - ---- fields (total size 15 words):
 - 'u' 'F' @12  0.000000
 - 'v' 'F' @16  0.000000
 - 'u2' 'F' @20  1.000000 (3f7fffff)
 - 'v2' 'F' @24  1.000000 (3f800000)
 - 'regionWidth' 'I' @28  107 (6b)
 - 'regionHeight' 'I' @32  60 (3c)
 - 'texture' 'Lcom/badlogic/gdx/graphics/Texture;' @36  a 'com/badlogic/gdx/graphics/Texture'{0x0000000710703248} (e20e0649)
 - private 'x' 'F' @40  596.500000 (44152000)
 - private 'y' 'F' @44  161.004974 (43210146)
 - 'width' 'F' @48  107.000000 (42d60000)
 - 'height' 'F' @52  60.000000 (42700000)
 - private 'originX' 'F' @56  53.500000 (42560000)
 - private 'originY' 'F' @60  30.000000 (41f00000)
 - private 'rotation' 'F' @64  0.000000
 - private 'scaleX' 'F' @68  1.000000 (3f800000)
 - private 'scaleY' 'F' @72  1.000000 (3f800000)
 - private 'dirty' 'Z' @76  false
 - final 'vertices' '[F' @80  [F{0x000000071070cb18} (e20e1963)
 - private final 'color' 'Lcom/badlogic/gdx/graphics/Color;' @84  a 'com/badlogic/gdx/graphics/Color'{0x000000071070cb78} (e20e196f)
 - private 'bounds' 'Lcom/badlogic/gdx/math/Rectangle;' @88  NULL (0)
 - public 'hp' 'F' @92  100.000000 (42c80000)
 - public 'fuel' 'F' @96  100.000000 (42c80000)
 - private 'gi' 'Lcom/approject/tankstars/screens/Gamescreen;' @100  a 'com/approject/tankstars/screens/Gamescreen'{0x0000000710ebc698} (e21d78d3)
 - private 'w' 'Lcom/badlogic/gdx/physics/box2d/World;' @104  a 'com/badlogic/gdx/physics/box2d/World'{0x0000000710654538} (e20ca8a7)
 - public 'b' 'Lcom/badlogic/gdx/physics/box2d/Body;' @108  a 'com/badlogic/gdx/physics/box2d/Body'{0x000000071070cdc8} (e20e19b9)
 - private 't' 'Ljava/lang/Boolean;' @112  a 'java/lang/Boolean'{0x0000000711e01bd8} = true (e23c037b)
 - private 'neo' 'Lcom/badlogic/gdx/graphics/g2d/TextureRegion;' @116  a 'com/badlogic/gdx/graphics/g2d/TextureRegion'{0x000000071070d098} (e20e1a13)
R12=0x0 is NULL
R13=0x0000000000000100 is an unknown value
R14=0x00000052037ff488 is pointing into the stack for thread: 0x000001b536e285f0
R15=0x000001b536e285f0 is a thread


Registers:
RAX=0x000000005b5b5940, RBX=0x000001b563bad000, RCX=0x000001b563bad000, RDX=0x00000052037ff360
RSP=0x00000052037ff338, RBP=0x00000052037ff430, RSI=0x0000000000000002, RDI=0x0000000000000002
R8 =0x000001b563bad000, R9 =0x0000000000000006, R10=0x000000005b597130, R11=0x00000000e20e0635
R12=0x0000000000000000, R13=0x0000000000000100, R14=0x00000052037ff488, R15=0x000001b536e285f0
RIP=0x000000005b590dd0, EFLAGS=0x0000000000010202

Top of Stack: (sp=0x00000052037ff338)
0x00000052037ff338:   000000005b597179 0000000000000000
0x00000052037ff348:   0000000000000000 000001b55af9d190
0x00000052037ff358:   000001b536e285f0 000000005b5b58e0
0x00000052037ff368:   000001b536e28898 00000052037ff3f0
0x00000052037ff378:   000001b521043e24 000000005b5b5940
0x00000052037ff388:   000001b536e28898 00000052037ff3f0
0x00000052037ff398:   000001b53e92c711 0000000000000000
0x00000052037ff3a8:   0000000000000000 000001b5210875d8
0x00000052037ff3b8:   000001b54647f91f 000001b53e9294fe
0x00000052037ff3c8:   000001b53e92c6cb 00000052037ff3d0
0x00000052037ff3d8:   000001b55af9d178 0000000000000006
0x00000052037ff3e8:   0000000000000002 0000000710654538
0x00000052037ff3f8:   00000052037ff488 000001b53f121514
0x00000052037ff408:   0000000000000000 000001b55af9d190
0x00000052037ff418:   00007fff7caab350 0000000000000002
0x00000052037ff428:   0000000000000002 00000052037ff598 

Instructions: (pc=0x000000005b590dd0)
0x000000005b590cd0:   04 00 00 00 c7 83 58 93 01 00 00 00 00 00 48 89
0x000000005b590ce0:   9b 18 93 01 00 48 c7 83 60 93 01 00 00 00 00 00
0x000000005b590cf0:   48 c7 83 68 93 01 00 00 00 00 00 48 89 83 38 93
0x000000005b590d00:   01 00 48 c7 83 70 93 01 00 00 00 00 00 48 c7 83
0x000000005b590d10:   78 93 01 00 00 00 00 00 48 83 c4 20 5b 5e 5f c3
0x000000005b590d20:   48 89 c7 48 89 d9 e8 85 ac fe ff 48 89 f9 e8 ed
0x000000005b590d30:   28 01 00 48 89 f1 48 89 c7 e8 a2 b5 fe ff eb e3
0x000000005b590d40:   57 56 53 48 83 ec 20 48 8b 81 20 93 01 00 48 89
0x000000005b590d50:   ce 48 85 c0 74 3d 66 2e 0f 1f 84 00 00 00 00 00
0x000000005b590d60:   48 8b 48 70 48 8b 78 68 48 85 c9 74 1e 0f 1f 00
0x000000005b590d70:   48 8b 59 08 c7 41 30 00 00 00 00 48 89 f2 e8 ed
0x000000005b590d80:   e7 ff ff 48 85 db 48 89 d9 75 e5 48 85 ff 48 89
0x000000005b590d90:   f8 75 cd 48 8d 8e a0 92 01 00 e8 01 28 fe ff 48
0x000000005b590da0:   8d 8e 80 00 00 00 e8 35 b5 fe ff 48 89 f1 48 83
0x000000005b590db0:   c4 20 5b 5e 5f e9 f6 ab fe ff 66 0f 1f 44 00 00
0x000000005b590dc0:   48 89 91 48 93 01 00 c3 0f 1f 84 00 00 00 00 00
0x000000005b590dd0:   48 89 91 08 93 01 00 c3 0f 1f 84 00 00 00 00 00
0x000000005b590de0:   48 89 91 10 93 01 00 c3 0f 1f 84 00 00 00 00 00
0x000000005b590df0:   48 89 91 50 93 01 00 c3 0f 1f 84 00 00 00 00 00
0x000000005b590e00:   56 53 48 83 ec 38 f6 81 98 92 01 00 02 48 89 cb
0x000000005b590e10:   48 89 d6 75 6b ba b8 00 00 00 48 89 d9 e8 ce ab
0x000000005b590e20:   fe ff 48 85 c0 74 18 48 89 c1 49 89 d8 48 89 f2
0x000000005b590e30:   48 89 44 24 28 e8 36 cf ff ff 48 8b 44 24 28 48
0x000000005b590e40:   c7 40 60 00 00 00 00 48 8b 93 20 93 01 00 48 89
0x000000005b590e50:   50 68 48 8b 93 20 93 01 00 48 85 d2 74 04 48 89
0x000000005b590e60:   42 60 83 83 30 93 01 00 01 48 89 83 20 93 01 00
0x000000005b590e70:   48 83 c4 38 5b 5e c3 66 0f 1f 84 00 00 00 00 00
0x000000005b590e80:   48 8d 15 99 08 02 00 48 8d 0d f0 08 02 00 41 b8
0x000000005b590e90:   6d 00 00 00 e8 f7 2c 01 00 31 c0 f6 83 98 92 01
0x000000005b590ea0:   00 02 0f 84 6d ff ff ff 48 83 c4 38 5b 5e c3 90
0x000000005b590eb0:   56 53 48 83 ec 28 f6 81 98 92 01 00 02 48 89 cb
0x000000005b590ec0:   48 89 d6 0f 85 f7 00 00 00 48 89 da 48 89 f1 e8 


Stack slot to memory mapping:
stack at sp + 0 slots: 0x000000005b597179 gdx-box2d64.dll
stack at sp + 1 slots: 0x0 is NULL
stack at sp + 2 slots: 0x0 is NULL
stack at sp + 3 slots: {method} {0x000001b55af9d198} 'dispose' '()V' in 'com/approject/tankstars/scenes/Status1'
stack at sp + 4 slots: 0x000001b536e285f0 is a thread
stack at sp + 5 slots: 0x000000005b5b58e0 gdx-box2d64.dll
stack at sp + 6 slots: 0x000001b536e28898 points into unknown readable memory: 0x000001b55b547f30 | 30 7f 54 5b b5 01 00 00
stack at sp + 7 slots: 0x00000052037ff3f0 is pointing into the stack for thread: 0x000001b536e285f0


---------------  P R O C E S S  ---------------

Threads class SMR info:
_java_thread_list=0x000001b55a472280, length=13, elements={
0x000001b536e285f0, 0x000001b55a0990e0, 0x000001b55a0998a0, 0x000001b55a0b0dc0,
0x000001b55a0b3690, 0x000001b55a0b8050, 0x000001b55a0b8a00, 0x000001b55a0bd7b0,
0x000001b55a0bee60, 0x000001b55a0c0770, 0x000001b55a1f4f40, 0x000001b55a1fa7c0,
0x000001b55cdb3040
}

Java Threads: ( => current thread )
=>0x000001b536e285f0 JavaThread "main" [_thread_in_native, id=24192, stack(0x0000005203700000,0x0000005203800000)]
  0x000001b55a0990e0 JavaThread "Reference Handler" daemon [_thread_blocked, id=4796, stack(0x0000005203e00000,0x0000005203f00000)]
  0x000001b55a0998a0 JavaThread "Finalizer" daemon [_thread_blocked, id=16688, stack(0x0000005203f00000,0x0000005204000000)]
  0x000001b55a0b0dc0 JavaThread "Signal Dispatcher" daemon [_thread_blocked, id=7952, stack(0x0000005204000000,0x0000005204100000)]
  0x000001b55a0b3690 JavaThread "Attach Listener" daemon [_thread_blocked, id=18624, stack(0x0000005204100000,0x0000005204200000)]
  0x000001b55a0b8050 JavaThread "Service Thread" daemon [_thread_blocked, id=3868, stack(0x0000005204200000,0x0000005204300000)]
  0x000001b55a0b8a00 JavaThread "Monitor Deflation Thread" daemon [_thread_blocked, id=8448, stack(0x0000005204300000,0x0000005204400000)]
  0x000001b55a0bd7b0 JavaThread "C2 CompilerThread0" daemon [_thread_blocked, id=20176, stack(0x0000005204400000,0x0000005204500000)]
  0x000001b55a0bee60 JavaThread "C1 CompilerThread0" daemon [_thread_blocked, id=5352, stack(0x0000005204500000,0x0000005204600000)]
  0x000001b55a0c0770 JavaThread "Sweeper thread" daemon [_thread_blocked, id=1044, stack(0x0000005204600000,0x0000005204700000)]
  0x000001b55a1f4f40 JavaThread "Notification Thread" daemon [_thread_blocked, id=15212, stack(0x0000005204700000,0x0000005204800000)]
  0x000001b55a1fa7c0 JavaThread "Common-Cleaner" daemon [_thread_blocked, id=13744, stack(0x0000005204900000,0x0000005204a00000)]
  0x000001b55cdb3040 JavaThread "LWJGL3 Timer" daemon [_thread_blocked, id=20236, stack(0x0000005205400000,0x0000005205500000)]

Other Threads:
  0x000001b55990e530 VMThread "VM Thread" [stack: 0x0000005203d00000,0x0000005203e00000] [id=20600]
  0x000001b536eb3280 WatcherThread [stack: 0x0000005204800000,0x0000005204900000] [id=23928]
  0x000001b536e95ad0 GCTaskThread "GC Thread#0" [stack: 0x0000005203800000,0x0000005203900000] [id=18848]
  0x000001b55cd699c0 GCTaskThread "GC Thread#1" [stack: 0x0000005205200000,0x0000005205300000] [id=18800]
  0x000001b55cd34d20 GCTaskThread "GC Thread#2" [stack: 0x0000005205300000,0x0000005205400000] [id=10244]
  0x000001b55ce640c0 GCTaskThread "GC Thread#3" [stack: 0x0000005205500000,0x0000005205600000] [id=10172]
  0x000001b55cd41d20 GCTaskThread "GC Thread#4" [stack: 0x0000005205600000,0x0000005205700000] [id=14644]
  0x000001b55cd483b0 GCTaskThread "GC Thread#5" [stack: 0x0000005205700000,0x0000005205800000] [id=19168]
  0x000001b55cd47e50 GCTaskThread "GC Thread#6" [stack: 0x0000005205800000,0x0000005205900000] [id=14888]
  0x000001b55cd48910 GCTaskThread "GC Thread#7" [stack: 0x0000005205900000,0x0000005205a00000] [id=17224]
  0x000001b55cd49120 GCTaskThread "GC Thread#8" [stack: 0x0000005205a00000,0x0000005205b00000] [id=19048]
  0x000001b55cd47640 GCTaskThread "GC Thread#9" [stack: 0x0000005205b00000,0x0000005205c00000] [id=3988]
  0x000001b536ea6590 ConcurrentGCThread "G1 Main Marker" [stack: 0x0000005203900000,0x0000005203a00000] [id=23372]
  0x000001b536ea7100 ConcurrentGCThread "G1 Conc#0" [stack: 0x0000005203a00000,0x0000005203b00000] [id=10116]
  0x000001b5597d5470 ConcurrentGCThread "G1 Refine#0" [stack: 0x0000005203b00000,0x0000005203c00000] [id=4712]
  0x000001b5597d5d30 ConcurrentGCThread "G1 Service" [stack: 0x0000005203c00000,0x0000005203d00000] [id=11380]

Threads with active compile tasks:

VM state: not at safepoint (normal execution)

VM Mutex/Monitor currently owned by a thread: None

Heap address: 0x0000000704800000, size: 4024 MB, Compressed Oops mode: Zero based, Oop shift amount: 3

CDS archive(s) mapped at: [0x0000000800000000-0x0000000800bc0000-0x0000000800bc0000), size 12320768, SharedBaseAddress: 0x0000000800000000, ArchiveRelocationMode: 0.
Compressed class space mapped at: 0x0000000800c00000-0x0000000840c00000, reserved size: 1073741824
Narrow klass base: 0x0000000800000000, Narrow klass shift: 0, Narrow klass range: 0x100000000

GC Precious Log:
 CPUs: 12 total, 12 available
 Memory: 16095M
 Large Page Support: Disabled
 NUMA Support: Disabled
 Compressed Oops: Enabled (Zero based)
 Heap Region Size: 2M
 Heap Min Capacity: 8M
 Heap Initial Capacity: 252M
 Heap Max Capacity: 4024M
 Pre-touch: Disabled
 Parallel Workers: 10
 Concurrent Workers: 3
 Concurrent Refinement Workers: 10
 Periodic GC: Disabled

Heap:
 garbage-first heap   total 258048K, used 57910K [0x0000000704800000, 0x0000000800000000)
  region size 2048K, 31 young (63488K), 2 survivors (4096K)
 Metaspace       used 6755K, committed 6912K, reserved 1064960K
  class space    used 501K, committed 576K, reserved 1048576K

Heap Regions: E=young(eden), S=young(survivor), O=old, HS=humongous(starts), HC=humongous(continues), CS=collection set, F=free, OA=open archive, CA=closed archive, TAMS=top-at-mark-start (previous, next)
|   0|0x0000000704800000, 0x0000000704800000, 0x0000000704a00000|  0%| F|  |TAMS 0x0000000704800000, 0x0000000704800000| Untracked 
|   1|0x0000000704a00000, 0x0000000704a00000, 0x0000000704c00000|  0%| F|  |TAMS 0x0000000704a00000, 0x0000000704a00000| Untracked 
|   2|0x0000000704c00000, 0x0000000704c00000, 0x0000000704e00000|  0%| F|  |TAMS 0x0000000704c00000, 0x0000000704c00000| Untracked 
|   3|0x0000000704e00000, 0x0000000704e00000, 0x0000000705000000|  0%| F|  |TAMS 0x0000000704e00000, 0x0000000704e00000| Untracked 
|   4|0x0000000705000000, 0x0000000705000000, 0x0000000705200000|  0%| F|  |TAMS 0x0000000705000000, 0x0000000705000000| Untracked 
|   5|0x0000000705200000, 0x0000000705200000, 0x0000000705400000|  0%| F|  |TAMS 0x0000000705200000, 0x0000000705200000| Untracked 
|   6|0x0000000705400000, 0x0000000705400000, 0x0000000705600000|  0%| F|  |TAMS 0x0000000705400000, 0x0000000705400000| Untracked 
|   7|0x0000000705600000, 0x0000000705600000, 0x0000000705800000|  0%| F|  |TAMS 0x0000000705600000, 0x0000000705600000| Untracked 
|   8|0x0000000705800000, 0x0000000705800000, 0x0000000705a00000|  0%| F|  |TAMS 0x0000000705800000, 0x0000000705800000| Untracked 
|   9|0x0000000705a00000, 0x0000000705a00000, 0x0000000705c00000|  0%| F|  |TAMS 0x0000000705a00000, 0x0000000705a00000| Untracked 
|  10|0x0000000705c00000, 0x0000000705c00000, 0x0000000705e00000|  0%| F|  |TAMS 0x0000000705c00000, 0x0000000705c00000| Untracked 
|  11|0x0000000705e00000, 0x0000000705e00000, 0x0000000706000000|  0%| F|  |TAMS 0x0000000705e00000, 0x0000000705e00000| Untracked 
|  12|0x0000000706000000, 0x0000000706000000, 0x0000000706200000|  0%| F|  |TAMS 0x0000000706000000, 0x0000000706000000| Untracked 
|  13|0x0000000706200000, 0x0000000706200000, 0x0000000706400000|  0%| F|  |TAMS 0x0000000706200000, 0x0000000706200000| Untracked 
|  14|0x0000000706400000, 0x0000000706400000, 0x0000000706600000|  0%| F|  |TAMS 0x0000000706400000, 0x0000000706400000| Untracked 
|  15|0x0000000706600000, 0x0000000706600000, 0x0000000706800000|  0%| F|  |TAMS 0x0000000706600000, 0x0000000706600000| Untracked 
|  16|0x0000000706800000, 0x0000000706800000, 0x0000000706a00000|  0%| F|  |TAMS 0x0000000706800000, 0x0000000706800000| Untracked 
|  17|0x0000000706a00000, 0x0000000706a00000, 0x0000000706c00000|  0%| F|  |TAMS 0x0000000706a00000, 0x0000000706a00000| Untracked 
|  18|0x0000000706c00000, 0x0000000706c00000, 0x0000000706e00000|  0%| F|  |TAMS 0x0000000706c00000, 0x0000000706c00000| Untracked 
|  19|0x0000000706e00000, 0x0000000706e00000, 0x0000000707000000|  0%| F|  |TAMS 0x0000000706e00000, 0x0000000706e00000| Untracked 
|  20|0x0000000707000000, 0x0000000707000000, 0x0000000707200000|  0%| F|  |TAMS 0x0000000707000000, 0x0000000707000000| Untracked 
|  21|0x0000000707200000, 0x0000000707200000, 0x0000000707400000|  0%| F|  |TAMS 0x0000000707200000, 0x0000000707200000| Untracked 
|  22|0x0000000707400000, 0x0000000707400000, 0x0000000707600000|  0%| F|  |TAMS 0x0000000707400000, 0x0000000707400000| Untracked 
|  23|0x0000000707600000, 0x0000000707600000, 0x0000000707800000|  0%| F|  |TAMS 0x0000000707600000, 0x0000000707600000| Untracked 
|  24|0x0000000707800000, 0x0000000707800000, 0x0000000707a00000|  0%| F|  |TAMS 0x0000000707800000, 0x0000000707800000| Untracked 
|  25|0x0000000707a00000, 0x0000000707a00000, 0x0000000707c00000|  0%| F|  |TAMS 0x0000000707a00000, 0x0000000707a00000| Untracked 
|  26|0x0000000707c00000, 0x0000000707c00000, 0x0000000707e00000|  0%| F|  |TAMS 0x0000000707c00000, 0x0000000707c00000| Untracked 
|  27|0x0000000707e00000, 0x0000000707e00000, 0x0000000708000000|  0%| F|  |TAMS 0x0000000707e00000, 0x0000000707e00000| Untracked 
|  28|0x0000000708000000, 0x0000000708000000, 0x0000000708200000|  0%| F|  |TAMS 0x0000000708000000, 0x0000000708000000| Untracked 
|  29|0x0000000708200000, 0x0000000708200000, 0x0000000708400000|  0%| F|  |TAMS 0x0000000708200000, 0x0000000708200000| Untracked 
|  30|0x0000000708400000, 0x0000000708400000, 0x0000000708600000|  0%| F|  |TAMS 0x0000000708400000, 0x0000000708400000| Untracked 
|  31|0x0000000708600000, 0x0000000708600000, 0x0000000708800000|  0%| F|  |TAMS 0x0000000708600000, 0x0000000708600000| Untracked 
|  32|0x0000000708800000, 0x0000000708800000, 0x0000000708a00000|  0%| F|  |TAMS 0x0000000708800000, 0x0000000708800000| Untracked 
|  33|0x0000000708a00000, 0x0000000708a00000, 0x0000000708c00000|  0%| F|  |TAMS 0x0000000708a00000, 0x0000000708a00000| Untracked 
|  34|0x0000000708c00000, 0x0000000708c00000, 0x0000000708e00000|  0%| F|  |TAMS 0x0000000708c00000, 0x0000000708c00000| Untracked 
|  35|0x0000000708e00000, 0x0000000708e00000, 0x0000000709000000|  0%| F|  |TAMS 0x0000000708e00000, 0x0000000708e00000| Untracked 
|  36|0x0000000709000000, 0x0000000709000000, 0x0000000709200000|  0%| F|  |TAMS 0x0000000709000000, 0x0000000709000000| Untracked 
|  37|0x0000000709200000, 0x0000000709200000, 0x0000000709400000|  0%| F|  |TAMS 0x0000000709200000, 0x0000000709200000| Untracked 
|  38|0x0000000709400000, 0x0000000709400000, 0x0000000709600000|  0%| F|  |TAMS 0x0000000709400000, 0x0000000709400000| Untracked 
|  39|0x0000000709600000, 0x0000000709600000, 0x0000000709800000|  0%| F|  |TAMS 0x0000000709600000, 0x0000000709600000| Untracked 
|  40|0x0000000709800000, 0x0000000709800000, 0x0000000709a00000|  0%| F|  |TAMS 0x0000000709800000, 0x0000000709800000| Untracked 
|  41|0x0000000709a00000, 0x0000000709a00000, 0x0000000709c00000|  0%| F|  |TAMS 0x0000000709a00000, 0x0000000709a00000| Untracked 
|  42|0x0000000709c00000, 0x0000000709c00000, 0x0000000709e00000|  0%| F|  |TAMS 0x0000000709c00000, 0x0000000709c00000| Untracked 
|  43|0x0000000709e00000, 0x0000000709e00000, 0x000000070a000000|  0%| F|  |TAMS 0x0000000709e00000, 0x0000000709e00000| Untracked 
|  44|0x000000070a000000, 0x000000070a000000, 0x000000070a200000|  0%| F|  |TAMS 0x000000070a000000, 0x000000070a000000| Untracked 
|  45|0x000000070a200000, 0x000000070a200000, 0x000000070a400000|  0%| F|  |TAMS 0x000000070a200000, 0x000000070a200000| Untracked 
|  46|0x000000070a400000, 0x000000070a400000, 0x000000070a600000|  0%| F|  |TAMS 0x000000070a400000, 0x000000070a400000| Untracked 
|  47|0x000000070a600000, 0x000000070a600000, 0x000000070a800000|  0%| F|  |TAMS 0x000000070a600000, 0x000000070a600000| Untracked 
|  48|0x000000070a800000, 0x000000070a800000, 0x000000070aa00000|  0%| F|  |TAMS 0x000000070a800000, 0x000000070a800000| Untracked 
|  49|0x000000070aa00000, 0x000000070aa00000, 0x000000070ac00000|  0%| F|  |TAMS 0x000000070aa00000, 0x000000070aa00000| Untracked 
|  50|0x000000070ac00000, 0x000000070ac00000, 0x000000070ae00000|  0%| F|  |TAMS 0x000000070ac00000, 0x000000070ac00000| Untracked 
|  51|0x000000070ae00000, 0x000000070ae00000, 0x000000070b000000|  0%| F|  |TAMS 0x000000070ae00000, 0x000000070ae00000| Untracked 
|  52|0x000000070b000000, 0x000000070b000000, 0x000000070b200000|  0%| F|  |TAMS 0x000000070b000000, 0x000000070b000000| Untracked 
|  53|0x000000070b200000, 0x000000070b200000, 0x000000070b400000|  0%| F|  |TAMS 0x000000070b200000, 0x000000070b200000| Untracked 
|  54|0x000000070b400000, 0x000000070b400000, 0x000000070b600000|  0%| F|  |TAMS 0x000000070b400000, 0x000000070b400000| Untracked 
|  55|0x000000070b600000, 0x000000070b600000, 0x000000070b800000|  0%| F|  |TAMS 0x000000070b600000, 0x000000070b600000| Untracked 
|  56|0x000000070b800000, 0x000000070b800000, 0x000000070ba00000|  0%| F|  |TAMS 0x000000070b800000, 0x000000070b800000| Untracked 
|  57|0x000000070ba00000, 0x000000070ba00000, 0x000000070bc00000|  0%| F|  |TAMS 0x000000070ba00000, 0x000000070ba00000| Untracked 
|  58|0x000000070bc00000, 0x000000070bc00000, 0x000000070be00000|  0%| F|  |TAMS 0x000000070bc00000, 0x000000070bc00000| Untracked 
|  59|0x000000070be00000, 0x000000070be00000, 0x000000070c000000|  0%| F|  |TAMS 0x000000070be00000, 0x000000070be00000| Untracked 
|  60|0x000000070c000000, 0x000000070c000000, 0x000000070c200000|  0%| F|  |TAMS 0x000000070c000000, 0x000000070c000000| Untracked 
|  61|0x000000070c200000, 0x000000070c200000, 0x000000070c400000|  0%| F|  |TAMS 0x000000070c200000, 0x000000070c200000| Untracked 
|  62|0x000000070c400000, 0x000000070c400000, 0x000000070c600000|  0%| F|  |TAMS 0x000000070c400000, 0x000000070c400000| Untracked 
|  63|0x000000070c600000, 0x000000070c600000, 0x000000070c800000|  0%| F|  |TAMS 0x000000070c600000, 0x000000070c600000| Untracked 
|  64|0x000000070c800000, 0x000000070c800000, 0x000000070ca00000|  0%| F|  |TAMS 0x000000070c800000, 0x000000070c800000| Untracked 
|  65|0x000000070ca00000, 0x000000070ca00000, 0x000000070cc00000|  0%| F|  |TAMS 0x000000070ca00000, 0x000000070ca00000| Untracked 
|  66|0x000000070cc00000, 0x000000070cc00000, 0x000000070ce00000|  0%| F|  |TAMS 0x000000070cc00000, 0x000000070cc00000| Untracked 
|  67|0x000000070ce00000, 0x000000070ce00000, 0x000000070d000000|  0%| F|  |TAMS 0x000000070ce00000, 0x000000070ce00000| Untracked 
|  68|0x000000070d000000, 0x000000070d000000, 0x000000070d200000|  0%| F|  |TAMS 0x000000070d000000, 0x000000070d000000| Untracked 
|  69|0x000000070d200000, 0x000000070d200000, 0x000000070d400000|  0%| F|  |TAMS 0x000000070d200000, 0x000000070d200000| Untracked 
|  70|0x000000070d400000, 0x000000070d400000, 0x000000070d600000|  0%| F|  |TAMS 0x000000070d400000, 0x000000070d400000| Untracked 
|  71|0x000000070d600000, 0x000000070d600000, 0x000000070d800000|  0%| F|  |TAMS 0x000000070d600000, 0x000000070d600000| Untracked 
|  72|0x000000070d800000, 0x000000070d800000, 0x000000070da00000|  0%| F|  |TAMS 0x000000070d800000, 0x000000070d800000| Untracked 
|  73|0x000000070da00000, 0x000000070da00000, 0x000000070dc00000|  0%| F|  |TAMS 0x000000070da00000, 0x000000070da00000| Untracked 
|  74|0x000000070dc00000, 0x000000070dc00000, 0x000000070de00000|  0%| F|  |TAMS 0x000000070dc00000, 0x000000070dc00000| Untracked 
|  75|0x000000070de00000, 0x000000070de00000, 0x000000070e000000|  0%| F|  |TAMS 0x000000070de00000, 0x000000070de00000| Untracked 
|  76|0x000000070e000000, 0x000000070e000000, 0x000000070e200000|  0%| F|  |TAMS 0x000000070e000000, 0x000000070e000000| Untracked 
|  77|0x000000070e200000, 0x000000070e200000, 0x000000070e400000|  0%| F|  |TAMS 0x000000070e200000, 0x000000070e200000| Untracked 
|  78|0x000000070e400000, 0x000000070e400000, 0x000000070e600000|  0%| F|  |TAMS 0x000000070e400000, 0x000000070e400000| Untracked 
|  79|0x000000070e600000, 0x000000070e600000, 0x000000070e800000|  0%| F|  |TAMS 0x000000070e600000, 0x000000070e600000| Untracked 
|  80|0x000000070e800000, 0x000000070e800000, 0x000000070ea00000|  0%| F|  |TAMS 0x000000070e800000, 0x000000070e800000| Untracked 
|  81|0x000000070ea00000, 0x000000070ea00000, 0x000000070ec00000|  0%| F|  |TAMS 0x000000070ea00000, 0x000000070ea00000| Untracked 
|  82|0x000000070ec00000, 0x000000070ec00000, 0x000000070ee00000|  0%| F|  |TAMS 0x000000070ec00000, 0x000000070ec00000| Untracked 
|  83|0x000000070ee00000, 0x000000070ee00000, 0x000000070f000000|  0%| F|  |TAMS 0x000000070ee00000, 0x000000070ee00000| Untracked 
|  84|0x000000070f000000, 0x000000070f000000, 0x000000070f200000|  0%| F|  |TAMS 0x000000070f000000, 0x000000070f000000| Untracked 
|  85|0x000000070f200000, 0x000000070f200000, 0x000000070f400000|  0%| F|  |TAMS 0x000000070f200000, 0x000000070f200000| Untracked 
|  86|0x000000070f400000, 0x000000070f400000, 0x000000070f600000|  0%| F|  |TAMS 0x000000070f400000, 0x000000070f400000| Untracked 
|  87|0x000000070f600000, 0x000000070f600000, 0x000000070f800000|  0%| F|  |TAMS 0x000000070f600000, 0x000000070f600000| Untracked 
|  88|0x000000070f800000, 0x000000070f800000, 0x000000070fa00000|  0%| F|  |TAMS 0x000000070f800000, 0x000000070f800000| Untracked 
|  89|0x000000070fa00000, 0x000000070fa00000, 0x000000070fc00000|  0%| F|  |TAMS 0x000000070fa00000, 0x000000070fa00000| Untracked 
|  90|0x000000070fc00000, 0x000000070fc00000, 0x000000070fe00000|  0%| F|  |TAMS 0x000000070fc00000, 0x000000070fc00000| Untracked 
|  91|0x000000070fe00000, 0x000000070fe00000, 0x0000000710000000|  0%| F|  |TAMS 0x000000070fe00000, 0x000000070fe00000| Untracked 
|  92|0x0000000710000000, 0x0000000710000000, 0x0000000710200000|  0%| F|  |TAMS 0x0000000710000000, 0x0000000710000000| Untracked 
|  93|0x0000000710200000, 0x0000000710200000, 0x0000000710400000|  0%| F|  |TAMS 0x0000000710200000, 0x0000000710200000| Untracked 
|  94|0x0000000710400000, 0x0000000710400000, 0x0000000710600000|  0%| F|  |TAMS 0x0000000710400000, 0x0000000710400000| Untracked 
|  95|0x0000000710600000, 0x0000000710800000, 0x0000000710800000|100%| E|  |TAMS 0x0000000710600000, 0x0000000710600000| Complete 
|  96|0x0000000710800000, 0x0000000710a00000, 0x0000000710a00000|100%| E|CS|TAMS 0x0000000710800000, 0x0000000710800000| Complete 
|  97|0x0000000710a00000, 0x0000000710c00000, 0x0000000710c00000|100%| E|CS|TAMS 0x0000000710a00000, 0x0000000710a00000| Complete 
|  98|0x0000000710c00000, 0x0000000710e00000, 0x0000000710e00000|100%| E|CS|TAMS 0x0000000710c00000, 0x0000000710c00000| Complete 
|  99|0x0000000710e00000, 0x0000000711000000, 0x0000000711000000|100%| E|CS|TAMS 0x0000000710e00000, 0x0000000710e00000| Complete 
| 100|0x0000000711000000, 0x0000000711200000, 0x0000000711200000|100%| E|  |TAMS 0x0000000711000000, 0x0000000711000000| Complete 
| 101|0x0000000711200000, 0x0000000711400000, 0x0000000711400000|100%| E|CS|TAMS 0x0000000711200000, 0x0000000711200000| Complete 
| 102|0x0000000711400000, 0x0000000711600000, 0x0000000711600000|100%| E|CS|TAMS 0x0000000711400000, 0x0000000711400000| Complete 
| 103|0x0000000711600000, 0x0000000711800000, 0x0000000711800000|100%| E|CS|TAMS 0x0000000711600000, 0x0000000711600000| Complete 
| 104|0x0000000711800000, 0x0000000711a00000, 0x0000000711a00000|100%| E|CS|TAMS 0x0000000711800000, 0x0000000711800000| Complete 
| 105|0x0000000711a00000, 0x0000000711c00000, 0x0000000711c00000|100%| E|CS|TAMS 0x0000000711a00000, 0x0000000711a00000| Complete 
| 106|0x0000000711c00000, 0x0000000711c8d980, 0x0000000711e00000| 27%| S|CS|TAMS 0x0000000711c00000, 0x0000000711c00000| Complete 
| 107|0x0000000711e00000, 0x0000000712000000, 0x0000000712000000|100%| S|CS|TAMS 0x0000000711e00000, 0x0000000711e00000| Complete 
| 108|0x0000000712000000, 0x0000000712200000, 0x0000000712200000|100%| E|CS|TAMS 0x0000000712000000, 0x0000000712000000| Complete 
| 109|0x0000000712200000, 0x0000000712400000, 0x0000000712400000|100%| E|CS|TAMS 0x0000000712200000, 0x0000000712200000| Complete 
| 110|0x0000000712400000, 0x0000000712600000, 0x0000000712600000|100%| E|CS|TAMS 0x0000000712400000, 0x0000000712400000| Complete 
| 111|0x0000000712600000, 0x0000000712800000, 0x0000000712800000|100%| E|CS|TAMS 0x0000000712600000, 0x0000000712600000| Complete 
| 112|0x0000000712800000, 0x0000000712a00000, 0x0000000712a00000|100%| E|CS|TAMS 0x0000000712800000, 0x0000000712800000| Complete 
| 113|0x0000000712a00000, 0x0000000712c00000, 0x0000000712c00000|100%| E|CS|TAMS 0x0000000712a00000, 0x0000000712a00000| Complete 
| 114|0x0000000712c00000, 0x0000000712e00000, 0x0000000712e00000|100%| E|CS|TAMS 0x0000000712c00000, 0x0000000712c00000| Complete 
| 115|0x0000000712e00000, 0x0000000713000000, 0x0000000713000000|100%| E|CS|TAMS 0x0000000712e00000, 0x0000000712e00000| Complete 
| 116|0x0000000713000000, 0x0000000713200000, 0x0000000713200000|100%| E|CS|TAMS 0x0000000713000000, 0x0000000713000000| Complete 
| 117|0x0000000713200000, 0x0000000713400000, 0x0000000713400000|100%| E|CS|TAMS 0x0000000713200000, 0x0000000713200000| Complete 
| 118|0x0000000713400000, 0x0000000713600000, 0x0000000713600000|100%| E|CS|TAMS 0x0000000713400000, 0x0000000713400000| Complete 
| 119|0x0000000713600000, 0x0000000713800000, 0x0000000713800000|100%| E|CS|TAMS 0x0000000713600000, 0x0000000713600000| Complete 
| 120|0x0000000713800000, 0x0000000713a00000, 0x0000000713a00000|100%| E|CS|TAMS 0x0000000713800000, 0x0000000713800000| Complete 
| 121|0x0000000713a00000, 0x0000000713c00000, 0x0000000713c00000|100%| E|CS|TAMS 0x0000000713a00000, 0x0000000713a00000| Complete 
| 122|0x0000000713c00000, 0x0000000713e00000, 0x0000000713e00000|100%| E|CS|TAMS 0x0000000713c00000, 0x0000000713c00000| Complete 
| 123|0x0000000713e00000, 0x0000000714000000, 0x0000000714000000|100%| E|CS|TAMS 0x0000000713e00000, 0x0000000713e00000| Complete 
| 124|0x0000000714000000, 0x0000000714200000, 0x0000000714200000|100%| E|CS|TAMS 0x0000000714000000, 0x0000000714000000| Complete 
| 125|0x0000000714200000, 0x0000000714400000, 0x0000000714400000|100%| E|CS|TAMS 0x0000000714200000, 0x0000000714200000| Complete 

Card table byte_map: [0x000001b54e650000,0x000001b54ee30000] _byte_map_base: 0x000001b54ae2c000

Marking Bits (Prev, Next): (CMBitMap*) 0x000001b536e960e0, (CMBitMap*) 0x000001b536e96120
 Prev Bits: [0x000001b54f610000, 0x000001b5534f0000)
 Next Bits: [0x000001b5534f0000, 0x000001b5573d0000)

Polling page: 0x000001b534dc0000

Metaspace:

Usage:
  Non-class:      6.11 MB used.
      Class:    501.61 KB used.
       Both:      6.60 MB used.

Virtual space:
  Non-class space:       16.00 MB reserved,       6.19 MB ( 39%) committed,  2 nodes.
      Class space:        1.00 GB reserved,     576.00 KB ( <1%) committed,  1 nodes.
             Both:        1.02 GB reserved,       6.75 MB ( <1%) committed. 

Chunk freelists:
   Non-Class:  3.41 MB
       Class:  3.34 MB
        Both:  6.75 MB

MaxMetaspaceSize: unlimited
CompressedClassSpaceSize: 1.00 GB
Initial GC threshold: 21.00 MB
Current GC threshold: 21.00 MB
CDS: on
MetaspaceReclaimPolicy: balanced
 - commit_granule_bytes: 65536.
 - commit_granule_words: 8192.
 - virtual_space_node_default_size: 1048576.
 - enlarge_chunks_in_place: 1.
 - new_chunks_are_fully_committed: 0.
 - uncommit_free_chunks: 1.
 - use_allocation_guard: 0.
 - handle_deallocations: 1.


Internal statistics:

num_allocs_failed_limit: 0.
num_arena_births: 66.
num_arena_deaths: 0.
num_vsnodes_births: 3.
num_vsnodes_deaths: 0.
num_space_committed: 106.
num_space_uncommitted: 0.
num_chunks_returned_to_freelist: 0.
num_chunks_taken_from_freelist: 260.
num_chunk_merges: 0.
num_chunk_splits: 192.
num_chunks_enlarged: 162.
num_purges: 0.
num_inconsistent_stats: 0.

CodeHeap 'non-profiled nmethods': size=120000Kb used=963Kb max_used=963Kb free=119036Kb
 bounds [0x000001b5463f0000, 0x000001b546660000, 0x000001b54d920000]
CodeHeap 'profiled nmethods': size=120000Kb used=2593Kb max_used=2593Kb free=117406Kb
 bounds [0x000001b53eec0000, 0x000001b53f150000, 0x000001b5463f0000]
CodeHeap 'non-nmethods': size=5760Kb used=1631Kb max_used=1662Kb free=4128Kb
 bounds [0x000001b53e920000, 0x000001b53eb90000, 0x000001b53eec0000]
 total_blobs=2643 nmethods=1577 adapters=979
 compilation: enabled
              stopped_count=0, restarted_count=0
 full_count=0

Compilation events (20 events):
Event: 112.012 Thread 0x000001b55a0bd7b0 1569   !   4       com.badlogic.gdx.backends.lwjgl3.Lwjgl3Window::update (217 bytes)
Event: 112.035 Thread 0x000001b55a0bd7b0 nmethod 1569 0x000001b5464d2710 code [0x000001b5464d2980, 0x000001b5464d3e58]
Event: 112.035 Thread 0x000001b55a0bd7b0 1568       4       com.badlogic.gdx.backends.lwjgl3.Lwjgl3Window::makeCurrent (72 bytes)
Event: 112.038 Thread 0x000001b55a0bd7b0 nmethod 1568 0x000001b5464d4a90 code [0x000001b5464d4c20, 0x000001b5464d5188]
Event: 112.038 Thread 0x000001b55a0bd7b0 1570       4       com.badlogic.gdx.backends.lwjgl3.Lwjgl3Graphics::update (111 bytes)
Event: 112.038 Thread 0x000001b55a0bd7b0 nmethod 1570 0x000001b5464d5310 code [0x000001b5464d54a0, 0x000001b5464d55d8]
Event: 118.963 Thread 0x000001b55a0bd7b0 1571       4       com.approject.tankstars.screens.Gamescreen::handleinput (1038 bytes)
Event: 119.104 Thread 0x000001b55a0bd7b0 nmethod 1571 0x000001b5464d5690 code [0x000001b5464d6000, 0x000001b5464dc488]
Event: 121.164 Thread 0x000001b55a0bee60 1572       3       java.util.jar.Manifest::getAttributes (14 bytes)
Event: 121.164 Thread 0x000001b55a0bee60 nmethod 1572 0x000001b53f145f90 code [0x000001b53f146140, 0x000001b53f146428]
Event: 121.164 Thread 0x000001b55a0bee60 1573       3       jdk.internal.loader.URLClassPath$JarLoader$2::getInputStream (15 bytes)
Event: 121.164 Thread 0x000001b55a0bee60 nmethod 1573 0x000001b53f146510 code [0x000001b53f1466c0, 0x000001b53f1468a8]
Event: 121.164 Thread 0x000001b55a0bee60 1574       3       jdk.internal.loader.URLClassPath$JarLoader$2::getBytes (48 bytes)
Event: 121.165 Thread 0x000001b55a0bee60 nmethod 1574 0x000001b53f146990 code [0x000001b53f146b80, 0x000001b53f1471c8]
Event: 121.165 Thread 0x000001b55a0bee60 1575       3       jdk.internal.loader.URLClassPath$JarLoader$2::getContentLength (9 bytes)
Event: 121.165 Thread 0x000001b55a0bee60 nmethod 1575 0x000001b53f147410 code [0x000001b53f1475a0, 0x000001b53f147758]
Event: 121.165 Thread 0x000001b55a0bee60 1576       3       jdk.internal.loader.URLClassPath$JarLoader$2::getCodeSigners (8 bytes)
Event: 121.165 Thread 0x000001b55a0bee60 nmethod 1576 0x000001b53f147810 code [0x000001b53f1479c0, 0x000001b53f147ba8]
Event: 121.165 Thread 0x000001b55a0bee60 1577   !   3       java.util.jar.JarFile$JarFileEntry::getCodeSigners (81 bytes)
Event: 121.166 Thread 0x000001b55a0bee60 nmethod 1577 0x000001b53f147c90 code [0x000001b53f147ea0, 0x000001b53f148428]

GC Heap History (4 events):
Event: 2.478 GC heap before
{Heap before GC invocations=0 (full 0):
 garbage-first heap   total 258048K, used 22528K [0x0000000704800000, 0x0000000800000000)
  region size 2048K, 11 young (22528K), 0 survivors (0K)
 Metaspace       used 5070K, committed 5184K, reserved 1056768K
  class space    used 344K, committed 384K, reserved 1048576K
}
Event: 2.483 GC heap after
{Heap after GC invocations=1 (full 0):
 garbage-first heap   total 258048K, used 2611K [0x0000000704800000, 0x0000000800000000)
  region size 2048K, 2 young (4096K), 2 survivors (4096K)
 Metaspace       used 5070K, committed 5184K, reserved 1056768K
  class space    used 344K, committed 384K, reserved 1048576K
}
Event: 3.925 GC heap before
{Heap before GC invocations=1 (full 0):
 garbage-first heap   total 258048K, used 33331K [0x0000000704800000, 0x0000000800000000)
  region size 2048K, 18 young (36864K), 2 survivors (4096K)
 Metaspace       used 5084K, committed 5184K, reserved 1056768K
  class space    used 344K, committed 384K, reserved 1048576K
}
Event: 3.928 GC heap after
{Heap after GC invocations=2 (full 0):
 garbage-first heap   total 258048K, used 2614K [0x0000000704800000, 0x0000000800000000)
  region size 2048K, 2 young (4096K), 2 survivors (4096K)
 Metaspace       used 5084K, committed 5184K, reserved 1056768K
  class space    used 344K, committed 384K, reserved 1048576K
}

Dll operation events (10 events):
Event: 0.005 Loaded shared library C:\Users\Animesh\.jdks\corretto-17.0.5\bin\java.dll
Event: 0.012 Loaded shared library C:\Users\Animesh\.jdks\corretto-17.0.5\bin\jsvml.dll
Event: 0.061 Loaded shared library C:\Users\Animesh\.jdks\corretto-17.0.5\bin\net.dll
Event: 0.062 Loaded shared library C:\Users\Animesh\.jdks\corretto-17.0.5\bin\nio.dll
Event: 0.064 Loaded shared library C:\Users\Animesh\.jdks\corretto-17.0.5\bin\zip.dll
Event: 0.121 Loaded shared library C:\Users\Animesh\.jdks\corretto-17.0.5\bin\jimage.dll
Event: 0.125 Loaded shared library C:\Users\Animesh\AppData\Local\Temp\libgdxAnimesh\e787ab0a\gdx64.dll
Event: 0.192 Loaded shared library C:\Users\Animesh\AppData\Local\Temp\lwjglAnimesh\3.3.1-build-7\lwjgl.dll
Event: 1.454 Loaded shared library C:\Users\Animesh\AppData\Local\Temp\lwjglAnimesh\3.3.1-build-7\lwjgl_opengl.dll
Event: 12.263 Loaded shared library C:\Users\Animesh\AppData\Local\Temp\libgdxAnimesh\888fe1bc\gdx-box2d64.dll

Deoptimization events (20 events):
Event: 69.265 Thread 0x000001b536e285f0 DEOPT PACKING pc=0x000001b546467678 sp=0x00000052037ff2f0
Event: 69.265 Thread 0x000001b536e285f0 DEOPT UNPACKING pc=0x000001b53e9723a3 sp=0x00000052037ff198 mode 2
Event: 69.265 Thread 0x000001b536e285f0 Uncommon trap: trap_request=0xffffff45 fr.pc=0x000001b54645f73c relative=0x000000000000011c
Event: 69.265 Thread 0x000001b536e285f0 Uncommon trap: reason=unstable_if action=reinterpret pc=0x000001b54645f73c method=com.badlogic.gdx.maps.tiled.TiledMapTileLayer.getCell(II)Lcom/badlogic/gdx/maps/tiled/TiledMapTileLayer$Cell; @ 23 c2
Event: 69.265 Thread 0x000001b536e285f0 DEOPT PACKING pc=0x000001b54645f73c sp=0x00000052037ff1e0
Event: 69.265 Thread 0x000001b536e285f0 DEOPT UNPACKING pc=0x000001b53e9723a3 sp=0x00000052037ff188 mode 2
Event: 69.282 Thread 0x000001b536e285f0 DEOPT PACKING pc=0x000001b53f143174 sp=0x00000052037ff2f0
Event: 69.282 Thread 0x000001b536e285f0 DEOPT UNPACKING pc=0x000001b53e972b43 sp=0x00000052037fe708 mode 0
Event: 69.314 Thread 0x000001b536e285f0 DEOPT PACKING pc=0x000001b53f143174 sp=0x00000052037ff2f0
Event: 69.315 Thread 0x000001b536e285f0 DEOPT UNPACKING pc=0x000001b53e972b43 sp=0x00000052037fe708 mode 0
Event: 69.333 Thread 0x000001b536e285f0 DEOPT PACKING pc=0x000001b53f143174 sp=0x00000052037ff2f0
Event: 69.333 Thread 0x000001b536e285f0 DEOPT UNPACKING pc=0x000001b53e972b43 sp=0x00000052037fe708 mode 0
Event: 69.365 Thread 0x000001b536e285f0 DEOPT PACKING pc=0x000001b53f143174 sp=0x00000052037ff2f0
Event: 69.365 Thread 0x000001b536e285f0 DEOPT UNPACKING pc=0x000001b53e972b43 sp=0x00000052037fe708 mode 0
Event: 69.382 Thread 0x000001b536e285f0 DEOPT PACKING pc=0x000001b53f143174 sp=0x00000052037ff2f0
Event: 69.382 Thread 0x000001b536e285f0 DEOPT UNPACKING pc=0x000001b53e972b43 sp=0x00000052037fe708 mode 0
Event: 121.146 Thread 0x000001b536e285f0 Uncommon trap: trap_request=0xffffff45 fr.pc=0x000001b5464cdb64 relative=0x0000000000001e24
Event: 121.147 Thread 0x000001b536e285f0 Uncommon trap: reason=unstable_if action=reinterpret pc=0x000001b5464cdb64 method=com.approject.tankstars.sprites.Tankobjects.updatetank()V @ 44 c2
Event: 121.147 Thread 0x000001b536e285f0 DEOPT PACKING pc=0x000001b5464cdb64 sp=0x00000052037ff540
Event: 121.147 Thread 0x000001b536e285f0 DEOPT UNPACKING pc=0x000001b53e9723a3 sp=0x00000052037ff458 mode 2

Classes unloaded (0 events):
No events

Classes redefined (0 events):
No events

Internal exceptions (20 events):
Event: 0.165 Thread 0x000001b536e285f0 Exception <a 'java/lang/NoSuchMethodError'{0x0000000713ccabb8}: 'int java.lang.invoke.DirectMethodHandle$Holder.invokeSpecial(java.lang.Object, java.lang.Object, java.lang.Object)'> (0x0000000713ccabb8) 
thrown [s\src\hotspot\share\interpreter\linkResolver.cpp, line 759]
Event: 0.191 Thread 0x000001b536e285f0 Exception <a 'sun/nio/fs/WindowsException'{0x0000000713d681a0}> (0x0000000713d681a0) 
thrown [s\src\hotspot\share\prims\jni.cpp, line 516]
Event: 0.191 Thread 0x000001b536e285f0 Exception <a 'sun/nio/fs/WindowsException'{0x0000000713d68700}> (0x0000000713d68700) 
thrown [s\src\hotspot\share\prims\jni.cpp, line 516]
Event: 0.199 Thread 0x000001b536e285f0 Exception <a 'java/lang/NoSuchMethodError'{0x0000000713da8f88}: 'int java.lang.invoke.DirectMethodHandle$Holder.invokeStaticInit(java.lang.Object, java.lang.Object, int, long)'> (0x0000000713da8f88) 
thrown [s\src\hotspot\share\interpreter\linkResolver.cpp, line 759]
Event: 0.200 Thread 0x000001b536e285f0 Exception <a 'java/lang/NoSuchMethodError'{0x0000000713dae850}: 'java.lang.Object java.lang.invoke.DirectMethodHandle$Holder.newInvokeSpecial(java.lang.Object, java.lang.Object, int)'> (0x0000000713dae850) 
thrown [s\src\hotspot\share\interpreter\linkResolver.cpp, line 759]
Event: 0.202 Thread 0x000001b536e285f0 Exception <a 'java/lang/NoSuchMethodError'{0x0000000713dc3638}: 'int java.lang.invoke.DirectMethodHandle$Holder.invokeStaticInit(java.lang.Object, java.lang.Object, long, long)'> (0x0000000713dc3638) 
thrown [s\src\hotspot\share\interpreter\linkResolver.cpp, line 759]
Event: 0.203 Thread 0x000001b536e285f0 Exception <a 'java/lang/NoSuchMethodError'{0x0000000713dc9748}: 'java.lang.Object java.lang.invoke.DirectMethodHandle$Holder.newInvokeSpecial(java.lang.Object, java.lang.Object, long)'> (0x0000000713dc9748) 
thrown [s\src\hotspot\share\interpreter\linkResolver.cpp, line 759]
Event: 0.203 Thread 0x000001b536e285f0 Exception <a 'java/lang/NoSuchMethodError'{0x0000000713dcd790}: 'java.lang.Object java.lang.invoke.Invokers$Holder.linkToTargetMethod(java.lang.Object, long, java.lang.Object)'> (0x0000000713dcd790) 
thrown [s\src\hotspot\share\interpreter\linkResolver.cpp, line 759]
Event: 0.204 Thread 0x000001b536e285f0 Exception <a 'java/lang/NoSuchMethodError'{0x0000000713dd4ea8}: 'int java.lang.invoke.DirectMethodHandle$Holder.invokeStaticInit(java.lang.Object, java.lang.Object, java.lang.Object, long)'> (0x0000000713dd4ea8) 
thrown [s\src\hotspot\share\interpreter\linkResolver.cpp, line 759]
Event: 0.219 Thread 0x000001b536e285f0 Exception <a 'sun/nio/fs/WindowsException'{0x0000000713a8b170}> (0x0000000713a8b170) 
thrown [s\src\hotspot\share\prims\jni.cpp, line 516]
Event: 0.219 Thread 0x000001b536e285f0 Exception <a 'sun/nio/fs/WindowsException'{0x0000000713a8b520}> (0x0000000713a8b520) 
thrown [s\src\hotspot\share\prims\jni.cpp, line 516]
Event: 0.236 Thread 0x000001b536e285f0 Exception <a 'sun/nio/fs/WindowsException'{0x0000000713b4a640}> (0x0000000713b4a640) 
thrown [s\src\hotspot\share\prims\jni.cpp, line 516]
Event: 0.236 Thread 0x000001b536e285f0 Exception <a 'sun/nio/fs/WindowsException'{0x0000000713b4a9c0}> (0x0000000713b4a9c0) 
thrown [s\src\hotspot\share\prims\jni.cpp, line 516]
Event: 0.262 Thread 0x000001b536e285f0 Exception <a 'sun/nio/fs/WindowsException'{0x0000000713bdce60}> (0x0000000713bdce60) 
thrown [s\src\hotspot\share\prims\jni.cpp, line 516]
Event: 0.262 Thread 0x000001b536e285f0 Exception <a 'sun/nio/fs/WindowsException'{0x0000000713bdd1f0}> (0x0000000713bdd1f0) 
thrown [s\src\hotspot\share\prims\jni.cpp, line 516]
Event: 1.360 Thread 0x000001b536e285f0 Exception <a 'java/lang/NoSuchMethodError'{0x0000000713829190}: 'java.lang.Object java.lang.invoke.DirectMethodHandle$Holder.newInvokeSpecial(java.lang.Object, long)'> (0x0000000713829190) 
thrown [s\src\hotspot\share\interpreter\linkResolver.cpp, line 759]
Event: 1.453 Thread 0x000001b536e285f0 Exception <a 'sun/nio/fs/WindowsException'{0x00000007139517f8}> (0x00000007139517f8) 
thrown [s\src\hotspot\share\prims\jni.cpp, line 516]
Event: 1.453 Thread 0x000001b536e285f0 Exception <a 'sun/nio/fs/WindowsException'{0x0000000713951bb8}> (0x0000000713951bb8) 
thrown [s\src\hotspot\share\prims\jni.cpp, line 516]
Event: 1.455 Thread 0x000001b536e285f0 Exception <a 'sun/nio/fs/WindowsException'{0x0000000713961078}> (0x0000000713961078) 
thrown [s\src\hotspot\share\prims\jni.cpp, line 516]
Event: 1.455 Thread 0x000001b536e285f0 Exception <a 'sun/nio/fs/WindowsException'{0x0000000713961370}> (0x0000000713961370) 
thrown [s\src\hotspot\share\prims\jni.cpp, line 516]

VM Operations (20 events):
Event: 31.294 Executing VM operation: Cleanup
Event: 31.294 Executing VM operation: Cleanup done
Event: 34.295 Executing VM operation: Cleanup
Event: 34.296 Executing VM operation: Cleanup done
Event: 35.296 Executing VM operation: Cleanup
Event: 35.296 Executing VM operation: Cleanup done
Event: 38.297 Executing VM operation: Cleanup
Event: 38.298 Executing VM operation: Cleanup done
Event: 43.299 Executing VM operation: Cleanup
Event: 43.299 Executing VM operation: Cleanup done
Event: 44.300 Executing VM operation: Cleanup
Event: 44.300 Executing VM operation: Cleanup done
Event: 68.308 Executing VM operation: Cleanup
Event: 68.308 Executing VM operation: Cleanup done
Event: 83.315 Executing VM operation: Cleanup
Event: 83.315 Executing VM operation: Cleanup done
Event: 101.324 Executing VM operation: Cleanup
Event: 101.324 Executing VM operation: Cleanup done
Event: 102.324 Executing VM operation: Cleanup
Event: 102.324 Executing VM operation: Cleanup done

Events (20 events):
Event: 10.902 Thread 0x000001b55ce111f0 Thread added: 0x000001b55ce111f0
Event: 11.002 Thread 0x000001b55ce111f0 Thread exited: 0x000001b55ce111f0
Event: 12.018 Thread 0x000001b55ce12a00 Thread added: 0x000001b55ce12a00
Event: 12.119 Thread 0x000001b55ce12a00 Thread exited: 0x000001b55ce12a00
Event: 12.142 loading class java/util/zip/GZIPInputStream
Event: 12.142 loading class java/util/zip/GZIPInputStream done
Event: 12.144 loading class java/lang/NegativeArraySizeException
Event: 12.144 loading class java/lang/NegativeArraySizeException done
Event: 12.144 loading class java/lang/StringIndexOutOfBoundsException
Event: 12.144 loading class java/lang/StringIndexOutOfBoundsException done
Event: 12.144 loading class java/lang/ArrayIndexOutOfBoundsException
Event: 12.144 loading class java/lang/ArrayIndexOutOfBoundsException done
Event: 12.229 loading class jdk/internal/math/FloatingDecimal$ASCIIToBinaryBuffer
Event: 12.229 Thread 0x000001b55d017a40 Thread added: 0x000001b55d017a40
Event: 12.229 loading class jdk/internal/math/FloatingDecimal$ASCIIToBinaryBuffer done
Event: 12.229 Thread 0x000001b55a1648e0 Thread added: 0x000001b55a1648e0
Event: 12.407 Thread 0x000001b55a1648e0 Thread exited: 0x000001b55a1648e0
Event: 12.621 Thread 0x000001b55d017a40 Thread exited: 0x000001b55d017a40
Event: 25.333 loading class jdk/internal/math/FDBigInteger
Event: 25.333 loading class jdk/internal/math/FDBigInteger done


Dynamic libraries:
0x00007ff6d2930000 - 0x00007ff6d293d000 	C:\Users\Animesh\.jdks\corretto-17.0.5\bin\java.exe
0x00007ffff7c40000 - 0x00007ffff7e49000 	C:\windows\SYSTEM32\ntdll.dll
0x00007ffff6470000 - 0x00007ffff652e000 	C:\windows\System32\KERNEL32.DLL
0x00007ffff54e0000 - 0x00007ffff585b000 	C:\windows\System32\KERNELBASE.dll
0x00007ffff5110000 - 0x00007ffff5221000 	C:\windows\System32\ucrtbase.dll
0x00007fffd5ab0000 - 0x00007fffd5ac7000 	C:\Users\Animesh\.jdks\corretto-17.0.5\bin\jli.dll
0x00007fffd5860000 - 0x00007fffd5875000 	C:\Users\Animesh\.jdks\corretto-17.0.5\bin\VCRUNTIME140.dll
0x00007ffff6130000 - 0x00007ffff62dd000 	C:\windows\System32\USER32.dll
0x00007ffff5a90000 - 0x00007ffff5ab6000 	C:\windows\System32\win32u.dll
0x00007ffff6bc0000 - 0x00007ffff6be9000 	C:\windows\System32\GDI32.dll
0x00007fffd4ce0000 - 0x00007fffd4f85000 	C:\windows\WinSxS\amd64_microsoft.windows.common-controls_6595b64144ccf1df_6.0.22000.120_none_9d947278b86cc467\COMCTL32.dll
0x00007ffff5340000 - 0x00007ffff5458000 	C:\windows\System32\gdi32full.dll
0x00007ffff5230000 - 0x00007ffff52cd000 	C:\windows\System32\msvcp_win.dll
0x00007ffff6080000 - 0x00007ffff6123000 	C:\windows\System32\msvcrt.dll
0x00007ffff6c10000 - 0x00007ffff6c42000 	C:\windows\System32\IMM32.DLL
0x00007fffc5a90000 - 0x00007fffc5b2b000 	C:\Users\Animesh\.jdks\corretto-17.0.5\bin\msvcp140.dll
0x00007fff7bf70000 - 0x00007fff7cb84000 	C:\Users\Animesh\.jdks\corretto-17.0.5\bin\server\jvm.dll
0x00007ffff7b50000 - 0x00007ffff7bfe000 	C:\windows\System32\ADVAPI32.dll
0x00007ffff6e20000 - 0x00007ffff6ebe000 	C:\windows\System32\sechost.dll
0x00007ffff5e30000 - 0x00007ffff5f50000 	C:\windows\System32\RPCRT4.dll
0x00007fffd8900000 - 0x00007fffd8909000 	C:\windows\SYSTEM32\WSOCK32.dll
0x00007ffff6010000 - 0x00007ffff607f000 	C:\windows\System32\WS2_32.dll
0x00007fffe2d20000 - 0x00007fffe2d2a000 	C:\windows\SYSTEM32\VERSION.dll
0x00007fffec210000 - 0x00007fffec243000 	C:\windows\SYSTEM32\WINMM.dll
0x00007ffff41d0000 - 0x00007ffff41e8000 	C:\windows\SYSTEM32\kernel.appcore.dll
0x00007fffd5850000 - 0x00007fffd585a000 	C:\Users\Animesh\.jdks\corretto-17.0.5\bin\jimage.dll
0x00007ffff2840000 - 0x00007ffff2a61000 	C:\windows\SYSTEM32\DBGHELP.DLL
0x00007fffd4970000 - 0x00007fffd49a1000 	C:\windows\SYSTEM32\dbgcore.DLL
0x00007ffff5460000 - 0x00007ffff54df000 	C:\windows\System32\bcryptPrimitives.dll
0x00007fffc5a60000 - 0x00007fffc5a85000 	C:\Users\Animesh\.jdks\corretto-17.0.5\bin\java.dll
0x00007fff82b90000 - 0x00007fff82c66000 	C:\Users\Animesh\.jdks\corretto-17.0.5\bin\jsvml.dll
0x00007ffff6ee0000 - 0x00007ffff7698000 	C:\windows\System32\SHELL32.dll
0x00007ffff31c0000 - 0x00007ffff3a25000 	C:\windows\SYSTEM32\windows.storage.dll
0x00007ffff7710000 - 0x00007ffff7a88000 	C:\windows\System32\combase.dll
0x00007ffff3050000 - 0x00007ffff31b6000 	C:\windows\SYSTEM32\wintypes.dll
0x00007ffff6cd0000 - 0x00007ffff6dba000 	C:\windows\System32\SHCORE.dll
0x00007ffff6b60000 - 0x00007ffff6bbd000 	C:\windows\System32\shlwapi.dll
0x00007ffff5040000 - 0x00007ffff5061000 	C:\windows\SYSTEM32\profapi.dll
0x00007fffd5820000 - 0x00007fffd5839000 	C:\Users\Animesh\.jdks\corretto-17.0.5\bin\net.dll
0x00007fffef4e0000 - 0x00007fffef5f4000 	C:\windows\SYSTEM32\WINHTTP.dll
0x00007ffff4680000 - 0x00007ffff46e7000 	C:\windows\system32\mswsock.dll
0x00007fff8caa0000 - 0x00007fff8cab5000 	C:\Users\Animesh\.jdks\corretto-17.0.5\bin\nio.dll
0x00007fff8ca80000 - 0x00007fff8ca98000 	C:\Users\Animesh\.jdks\corretto-17.0.5\bin\zip.dll
0x000000005b5d0000 - 0x000000005b5f9000 	C:\Users\Animesh\AppData\Local\Temp\libgdxAnimesh\e787ab0a\gdx64.dll
0x00007fffc67a0000 - 0x00007fffc6815000 	C:\Users\Animesh\AppData\Local\Temp\lwjglAnimesh\3.3.1-build-7\lwjgl.dll
0x00007fff734d0000 - 0x00007fff73729000 	C:\Users\Animesh\AppData\Local\Temp\lwjglAnimesh\3.3.1-build-7\jemalloc.dll
0x00007fffc6730000 - 0x00007fffc6791000 	C:\Users\Animesh\AppData\Local\Temp\lwjglAnimesh\3.3.1-build-7\glfw.dll
0x00007fffc5860000 - 0x00007fffc58a5000 	C:\windows\SYSTEM32\dinput8.dll
0x00007fffea1c0000 - 0x00007fffea1d1000 	C:\windows\SYSTEM32\xinput1_4.dll
0x00007ffff4de0000 - 0x00007ffff4e0c000 	C:\windows\SYSTEM32\DEVOBJ.dll
0x00007ffff4e10000 - 0x00007ffff4e5c000 	C:\windows\SYSTEM32\cfgmgr32.dll
0x00007ffff2730000 - 0x00007ffff275f000 	C:\windows\SYSTEM32\dwmapi.dll
0x00007fffc8130000 - 0x00007fffc82f9000 	C:\windows\SYSTEM32\inputhost.dll
0x00007ffff1140000 - 0x00007ffff1271000 	C:\windows\SYSTEM32\CoreMessaging.dll
0x00007ffff22c0000 - 0x00007ffff236c000 	C:\windows\system32\uxtheme.dll
0x00007ffff62e0000 - 0x00007ffff63fd000 	C:\windows\System32\MSCTF.dll
0x00007ffff4980000 - 0x00007ffff498c000 	C:\windows\SYSTEM32\CRYPTBASE.DLL
0x00007fffad4f0000 - 0x00007fffad687000 	C:\Users\Animesh\AppData\Local\Temp\lwjglAnimesh\3.3.1-build-7\OpenAL.dll
0x00007ffff5ac0000 - 0x00007ffff5c5a000 	C:\windows\System32\ole32.dll
0x00007ffff7a90000 - 0x00007ffff7b45000 	C:\windows\System32\clbcatq.dll
0x00007fffdb120000 - 0x00007fffdb1bb000 	C:\windows\System32\MMDevApi.dll
0x00007fffd91d0000 - 0x00007fffd93a3000 	C:\windows\SYSTEM32\AUDIOSES.DLL
0x00007ffff2660000 - 0x00007ffff2675000 	C:\windows\SYSTEM32\resourcepolicyclient.dll
0x00007ffff4bc0000 - 0x00007ffff4c0d000 	C:\windows\SYSTEM32\powrprof.dll
0x00007ffff4ab0000 - 0x00007ffff4ac3000 	C:\windows\SYSTEM32\UMPDC.dll
0x00007fffafe10000 - 0x00007fffaff11000 	C:\windows\SYSTEM32\opengl32.dll
0x00007fffc5690000 - 0x00007fffc56bd000 	C:\windows\SYSTEM32\GLU32.dll
0x00007ffff24e0000 - 0x00007ffff2518000 	C:\windows\SYSTEM32\dxcore.dll
0x00007fffec3d0000 - 0x00007fffec414000 	C:\windows\SYSTEM32\directxdatabasehelper.dll
0x00007ffff41f0000 - 0x00007ffff4224000 	C:\windows\SYSTEM32\ntmarta.dll
0x00007fffeb410000 - 0x00007fffeb544000 	C:\Windows\System32\AppXDeploymentClient.dll
0x00007fffeafa0000 - 0x00007fffeb190000 	C:\windows\SYSTEM32\urlmon.dll
0x00007fffea510000 - 0x00007fffea7c3000 	C:\Windows\System32\iertutil.dll
0x00007fffebb50000 - 0x00007fffebb78000 	C:\Windows\System32\srvcli.dll
0x00007ffff3e00000 - 0x00007ffff3e0c000 	C:\Windows\System32\netutils.dll
0x00007fff721d0000 - 0x00007fff731c3000 	C:\windows\System32\DriverStore\FileRepository\iigd_dch.inf_amd64_e0c7097ece46fc6a\igxelpicd64.dll
0x00007ffff2540000 - 0x00007ffff2633000 	C:\windows\system32\dxgi.dll
0x00007fff71d70000 - 0x00007fff721c3000 	C:\windows\System32\DriverStore\FileRepository\iigd_dch.inf_amd64_e0c7097ece46fc6a\igdml64.dll
0x00007fffe6910000 - 0x00007fffe6cd7000 	C:\windows\System32\DriverStore\FileRepository\iigd_dch.inf_amd64_e0c7097ece46fc6a\igdgmm64.dll
0x00007fffe31e0000 - 0x00007fffe67f2000 	C:\windows\System32\DriverStore\FileRepository\iigd_dch.inf_amd64_e0c7097ece46fc6a\igc64.dll
0x00007fffc5240000 - 0x00007fffc529d000 	C:\Users\Animesh\AppData\Local\Temp\lwjglAnimesh\3.3.1-build-7\lwjgl_opengl.dll
0x00007fffcf850000 - 0x00007fffcf97d000 	C:\windows\SYSTEM32\textinputframework.dll
0x00007ffff5d50000 - 0x00007ffff5e26000 	C:\windows\System32\OLEAUT32.dll
0x00007fffeb740000 - 0x00007fffebaad000 	C:\windows\SYSTEM32\CoreUIComponents.dll
0x00007fffd6c10000 - 0x00007fffd6c79000 	C:\windows\system32\Oleacc.dll
0x000000005b570000 - 0x000000005b5ca000 	C:\Users\Animesh\AppData\Local\Temp\libgdxAnimesh\888fe1bc\gdx-box2d64.dll

dbghelp: loaded successfully - version: 4.0.5 - missing functions: none
symbol engine: initialized successfully - sym options: 0x614 - pdb path: .;C:\Users\Animesh\.jdks\corretto-17.0.5\bin;C:\windows\SYSTEM32;C:\windows\WinSxS\amd64_microsoft.windows.common-controls_6595b64144ccf1df_6.0.22000.120_none_9d947278b86cc467;C:\Users\Animesh\.jdks\corretto-17.0.5\bin\server;C:\Users\Animesh\AppData\Local\Temp\libgdxAnimesh\e787ab0a;C:\Users\Animesh\AppData\Local\Temp\lwjglAnimesh\3.3.1-build-7;C:\windows\System32\DriverStore\FileRepository\iigd_dch.inf_amd64_e0c7097ece46fc6a;C:\Users\Animesh\AppData\Local\Temp\libgdxAnimesh\888fe1bc

VM Arguments:
jvm_args: -Dfile.encoding=windows-1252 -Duser.country=IN -Duser.language=en -Duser.variant 
java_command: com.approject.tankstars.DesktopLauncher
java_class_path (initial): C:\Users\Animesh\Downloads\test\desktop\build\classes\java\main;C:\Users\Animesh\Downloads\test\desktop\build\resources\main;C:\Users\Animesh\.gradle\caches\modules-2\files-2.1\com.badlogicgames.gdx\gdx-backend-lwjgl3\1.11.0\58a96db4cd349be4292d547856aa1e1c5f065f4e\gdx-backend-lwjgl3-1.11.0.jar;C:\Users\Animesh\.gradle\caches\modules-2\files-2.1\com.badlogicgames.gdx\gdx-platform\1.11.0\697fb13eada6d3c6ca648c9788692b0159add126\gdx-platform-1.11.0-natives-desktop.jar;C:\Users\Animesh\.gradle\caches\modules-2\files-2.1\com.badlogicgames.gdx\gdx-bullet-platform\1.11.0\2c067b913a306ba26d482075297538ad91cdb88b\gdx-bullet-platform-1.11.0-natives-desktop.jar;C:\Users\Animesh\.gradle\caches\modules-2\files-2.1\com.badlogicgames.gdx\gdx-box2d-platform\1.11.0\62ff9baa1e57a11e0a4428a38c9660bf9f312fdc\gdx-box2d-platform-1.11.0-natives-desktop.jar;C:\Users\Animesh\.gradle\caches\modules-2\files-2.1\com.badlogicgames.gdx\gdx-freetype-platform\1.11.0\420e2c2c206843a0d51010be28a141a1eb946235\gdx-freetype-platform-1.11.0-natives-desktop.jar;C:\Users\Animesh\.gradle\caches\modules-2\files-2.1\com.badlogicgames.gdx-controllers\gdx-controllers-desktop\2.2.1\cb3430c32468a090eca54d494d16bb3764ceff9b\gdx-controllers-desktop-2.2.1.jar;C:\Users\Animesh\Downloads\test\core\build\libs\core-1.0.jar;C:\Users\Animesh\.gradle\caches\modules-2\files-2.1\com.badlogicgames.gdx-controllers\gdx-controllers-core\2.2.1\8aca0dc002a8daf6a6d28f49c44e25189dd93fd7\gdx-controllers-core-2.2.1.jar;C:\Users\Animesh\.gradle\caches\modules-2\files-2.1\com.badlogicgames.gdx\gdx-bullet\1.11.0\1eb83845fa655e7e8ab6bbb979d28b0502ad3302\gdx-bullet-1.11.0.jar;C:\Users\Animesh\.gradle\caches\modules-2\files-2.1\com.badlogicgames.box2dlights\box2dlights\1.5\6902dbcd250c95a27973aa24a147a95b3828d348\box2dlights-1.5.jar;C:\Users\Animesh\.gradle\caches\modules-2\files-2.1\com.badlogicgames.gdx\gdx-box2d\1.11.0\ad4facee800dd945d6d6e93dea2936bc135b5f\gdx-box2d-1.11.0.jar;C:\Users\Animesh\.gradle\cach
Launcher Type: SUN_STANDARD

[Global flags]
     intx CICompilerCount                          = 4                                         {product} {ergonomic}
     uint ConcGCThreads                            = 3                                         {product} {ergonomic}
     uint G1ConcRefinementThreads                  = 10                                        {product} {ergonomic}
   size_t G1HeapRegionSize                         = 2097152                                   {product} {ergonomic}
    uintx GCDrainStackTargetSize                   = 64                                        {product} {ergonomic}
   size_t InitialHeapSize                          = 264241152                                 {product} {ergonomic}
   size_t MarkStackSize                            = 4194304                                   {product} {ergonomic}
   size_t MaxHeapSize                              = 4219469824                                {product} {ergonomic}
   size_t MaxNewSize                               = 2531262464                                {product} {ergonomic}
   size_t MinHeapDeltaBytes                        = 2097152                                   {product} {ergonomic}
   size_t MinHeapSize                              = 8388608                                   {product} {ergonomic}
    uintx NonNMethodCodeHeapSize                   = 5839372                                {pd product} {ergonomic}
    uintx NonProfiledCodeHeapSize                  = 122909434                              {pd product} {ergonomic}
    uintx ProfiledCodeHeapSize                     = 122909434                              {pd product} {ergonomic}
    uintx ReservedCodeCacheSize                    = 251658240                              {pd product} {ergonomic}
     bool SegmentedCodeCache                       = true                                      {product} {ergonomic}
   size_t SoftMaxHeapSize                          = 4219469824                             {manageable} {ergonomic}
     bool UseCompressedClassPointers               = true                           {product lp64_product} {ergonomic}
     bool UseCompressedOops                        = true                           {product lp64_product} {ergonomic}
     bool UseG1GC                                  = true                                      {product} {ergonomic}
     bool UseLargePagesIndividualAllocation        = false                                  {pd product} {ergonomic}

Logging:
Log output configuration:
 #0: stdout all=warning uptime,level,tags
 #1: stderr all=off uptime,level,tags

Environment Variables:
JAVA_HOME=C:\Program Files\Java\jdk-19
PATH=C:\Program Files\Common Files\Oracle\Java\javapath;C:\Program Files (x86)\Common Files\Oracle\Java\javapath;C:\windows\system32;C:\windows;C:\windows\System32\Wbem;C:\windows\System32\WindowsPowerShell\v1.0\;C:\windows\System32\OpenSSH\;C:\Program Files\MATLAB\R2022b\runtime\win64;C:\Program Files\MATLAB\R2022b\bin;C:\Users\Animesh\AppData\Local\Microsoft\WindowsApps;C:\Program Files\JetBrains\IntelliJ IDEA 2022.2.3\bin;;C:\Users\Animesh\AppData\Local\Programs\Microsoft VS Code\bin;C:\Program Files\apache-maven-3.8.6\bin;
USERNAME=Animesh
OS=Windows_NT
PROCESSOR_IDENTIFIER=Intel64 Family 6 Model 154 Stepping 4, GenuineIntel
TMP=C:\Users\Animesh\AppData\Local\Temp
TEMP=C:\Users\Animesh\AppData\Local\Temp



---------------  S Y S T E M  ---------------

OS:
 Windows 11 , 64 bit Build 22000 (10.0.22000.1219)
OS uptime: 14 days 23:38 hours
Hyper-V role detected

CPU: total 12 (initial active 12) (6 cores per cpu, 2 threads per core) family 6 model 154 stepping 4 microcode 0x423, cx8, cmov, fxsr, ht, mmx, 3dnowpref, sse, sse2, sse3, ssse3, sse4.1, sse4.2, popcnt, lzcnt, tsc, tscinvbit, avx, avx2, aes, erms, clmul, bmi1, bmi2, adx, sha, fma, vzeroupper, clflush, clflushopt, clwb, hv

Memory: 4k page, system-wide physical 16095M (5938M free)
TotalPageFile size 18527M (AvailPageFile size 4768M)
current process WorkingSet (physical memory assigned to process): 822M, peak: 1095M
current process commit charge ("private bytes"): 1041M, peak: 1317M

vm_info: OpenJDK 64-Bit Server VM (17.0.5+8-LTS) for windows-amd64 JRE (17.0.5+8-LTS), built on Oct 13 2022 05:18:14 by "Administrator" with MS VC++ 15.9 (VS2017)

END.
