#
# A fatal error has been detected by the Java Runtime Environment:
#
#  EXCEPTION_ACCESS_VIOLATION (0xc0000005) at pc=0x00007ffff60f7e62, pid=11928, tid=8060
#
# JRE version: OpenJDK Runtime Environment Corretto-17.0.5.8.1 (17.0.5+8) (build 17.0.5+8-LTS)
# Java VM: OpenJDK 64-Bit Server VM Corretto-17.0.5.8.1 (17.0.5+8-LTS, mixed mode, sharing, tiered, compressed oops, compressed class ptrs, g1 gc, windows-amd64)
# Problematic frame:
# C  [msvcrt.dll+0x77e62]
#
# No core dump will be written. Minidumps are not enabled by default on client versions of Windows
#
# If you would like to submit a bug report, please visit:
#   https://github.com/corretto/corretto-17/issues/
# The crash happened outside the Java Virtual Machine in native code.
# See problematic frame for where to report the bug.
#

---------------  S U M M A R Y ------------

Command Line: -Dfile.encoding=windows-1252 -Duser.country=IN -Duser.language=en -Duser.variant com.approject.tankstars.DesktopLauncher

Host: 12th Gen Intel(R) Core(TM) i7-1255U, 12 cores, 15G,  Windows 11 , 64 bit Build 22000 (10.0.22000.1219)
Time: Wed Dec 21 19:20:35 2022 India Standard Time elapsed time: 8.442364 seconds (0d 0h 0m 8s)

---------------  T H R E A D  ---------------

Current thread (0x0000027c05705700):  JavaThread "main" [_thread_in_native, id=8060, stack(0x0000008009200000,0x0000008009300000)]

Stack: [0x0000008009200000,0x0000008009300000],  sp=0x00000080092febd8,  free space=1018k
Native frames: (J=compiled Java code, j=interpreted, Vv=VM code, C=native code)
C  [msvcrt.dll+0x77e62]
C  [gdx64.dll+0x2241]

Java frames: (J=compiled Java code, j=interpreted, Vv=VM code)
J 1122  com.badlogic.gdx.utils.BufferUtils.copyJni([FLjava/nio/Buffer;II)V (0 bytes) @ 0x0000027c14d39918 [0x0000027c14d398a0+0x0000000000000078]
J 1131 c1 com.badlogic.gdx.utils.BufferUtils.copy([FLjava/nio/Buffer;II)V (45 bytes) @ 0x0000027c0d99451c [0x0000027c0d994080+0x000000000000049c]
j  com.badlogic.gdx.graphics.glutils.VertexBufferObject.setVertices([FII)V+12
J 1204 c1 com.badlogic.gdx.graphics.Mesh.setVertices([FII)Lcom/badlogic/gdx/graphics/Mesh; (14 bytes) @ 0x0000027c0d9b23d4 [0x0000027c0d9b22c0+0x0000000000000114]
j  com.badlogic.gdx.graphics.glutils.ImmediateModeRenderer20.flush()V+71
j  com.badlogic.gdx.graphics.glutils.ImmediateModeRenderer20.end()V+1
j  com.badlogic.gdx.graphics.glutils.ShapeRenderer.end()V+4
j  com.badlogic.gdx.physics.box2d.Box2DDebugRenderer.renderBodies(Lcom/badlogic/gdx/physics/box2d/World;)V+131
j  com.badlogic.gdx.physics.box2d.Box2DDebugRenderer.render(Lcom/badlogic/gdx/physics/box2d/World;Lcom/badlogic/gdx/math/Matrix4;)V+10
j  com.approject.tankstars.screens.Gamescreen.render(F)V+50
j  com.badlogic.gdx.Game.render()V+19
j  com.approject.tankstars.MytankstarsGame.render()V+1
j  com.badlogic.gdx.backends.lwjgl3.Lwjgl3Window.update()Z+187
j  com.badlogic.gdx.backends.lwjgl3.Lwjgl3Application.loop()V+111
j  com.badlogic.gdx.backends.lwjgl3.Lwjgl3Application.<init>(Lcom/badlogic/gdx/ApplicationListener;Lcom/badlogic/gdx/backends/lwjgl3/Lwjgl3ApplicationConfiguration;)V+269
j  com.approject.tankstars.DesktopLauncher.main([Ljava/lang/String;)V+47
v  ~StubRoutines::call_stub

siginfo: EXCEPTION_ACCESS_VIOLATION (0xc0000005), writing address 0x0000027c32427000


Register to memory mapping:

RIP=0x00007ffff60f7e62 msvcrt.dll
RAX=0x0000027c32426ba0 points into unknown readable memory: 0xc24c0000c4a18000 | 00 80 a1 c4 00 00 4c c2
RBX=0x0000027c057059a8 points into unknown readable memory: 0x0000027c29d9a3a0 | a0 a3 d9 29 7c 02 00 00
RCX=0x0000027c32427030 is an unknown value
RDX=0xfffffd8ade643ce8 is an unknown value
RSP=0x00000080092febd8 is pointing into the stack for thread: 0x0000027c05705700
RBP=0x00000080092fec70 is pointing into the stack for thread: 0x0000027c05705700
RSI=0x0000000000000190 is an unknown value
RDI=0x0 is NULL
R8 =0x0000000000000030 is an unknown value
R9 =0x0000000000000006 is an unknown value
R10=0x00007fff7cac5450 jvm.dll
R11=0x0000000710a6aec8 is pointing into object: [F 
{0x0000000710a6a878} - klass: {type array float}
 - length: 20000
R12=0x0000027c32426ba0 points into unknown readable memory: 0xc24c0000c4a18000 | 00 80 a1 c4 00 00 4c c2
R13=0x0000000710a6a888 is pointing into object: [F 
{0x0000000710a6a878} - klass: {type array float}
 - length: 20000
R14=0x00000080092feca0 is pointing into the stack for thread: 0x0000027c05705700
R15=0x0000027c05705700 is a thread


Registers:
RAX=0x0000027c32426ba0, RBX=0x0000027c057059a8, RCX=0x0000027c32427030, RDX=0xfffffd8ade643ce8
RSP=0x00000080092febd8, RBP=0x00000080092fec70, RSI=0x0000000000000190, RDI=0x0000000000000000
R8 =0x0000000000000030, R9 =0x0000000000000006, R10=0x00007fff7cac5450, R11=0x0000000710a6aec8
R12=0x0000027c32426ba0, R13=0x0000000710a6a888, R14=0x00000080092feca0, R15=0x0000027c05705700
RIP=0x00007ffff60f7e62, EFLAGS=0x0000000000010206

Top of Stack: (sp=0x00000080092febd8)
0x00000080092febd8:   000000005b5d2241 0000027c057059a8
0x00000080092febe8:   00000080092fec70 0000000000000190
0x00000080092febf8:   0000000000000000 0000027c0d208e10
0x00000080092fec08:   0000000000000158 0000000710a65a40
0x00000080092fec18:   0000000000000000 00000080092fecb0
0x00000080092fec28:   0000000000000000 00000080092fed30
0x00000080092fec38:   0000027c14d399b8 0000000710a5f8e0
0x00000080092fec48:   0000000100000000 0000000700000000
0x00000080092fec58:   00007fff73102570 0000000000000190
0x00000080092fec68:   0000000000000000 0000000710a6a878
0x00000080092fec78:   0000000710a65a40 0000027c0d208e10
0x00000080092fec88:   0000027c00000000 0000027c2b4d23f0
0x00000080092fec98:   0000000710a53d98 0000000711ec3778
0x00000080092feca8:   0000000710a53f00 00000080092fed98
0x00000080092fecb8:   0000027c0d99451c 00000080092fee90
0x00000080092fecc8:   0000027c0d94c66c 0000000000000000 

Instructions: (pc=0x00007ffff60f7e62)
0x00007ffff60f7d62:   f8 20 77 5a 0f 10 02 42 0f 10 4c 02 f0 0f 11 01
0x00007ffff60f7d72:   42 0f 11 4c 01 f0 c3 0f 1f 80 00 00 00 00 4d 85
0x00007ffff60f7d82:   c0 74 15 48 2b d1 72 16 44 8a 1c 11 48 ff c1 49
0x00007ffff60f7d92:   ff c8 44 88 59 ff 75 f0 c3 0f 1f 44 00 00 49 03
0x00007ffff60f7da2:   c8 44 8a 5c 11 ff 48 ff c9 49 ff c8 44 88 19 75
0x00007ffff60f7db2:   f0 c3 66 66 66 66 0f 1f 84 00 00 00 00 00 4e 8d
0x00007ffff60f7dc2:   1c 02 48 2b d1 73 09 4c 3b d9 0f 87 6e 01 00 00
0x00007ffff60f7dd2:   0f 10 04 11 48 83 c1 10 f6 c1 0f 74 12 48 83 e1
0x00007ffff60f7de2:   f0 0f 10 0c 11 0f 11 00 0f 28 c1 48 83 c1 10 4c
0x00007ffff60f7df2:   03 c0 4c 2b c1 4d 8b c8 49 c1 e9 06 74 6f 49 81
0x00007ffff60f7e02:   f9 00 10 00 00 0f 87 b3 00 00 00 49 83 e0 3f eb
0x00007ffff60f7e12:   2d 66 66 66 66 66 66 66 0f 1f 84 00 00 00 00 00
0x00007ffff60f7e22:   66 66 66 66 66 66 66 0f 1f 84 00 00 00 00 00 66
0x00007ffff60f7e32:   66 66 66 66 66 66 0f 1f 84 00 00 00 00 00 0f 10
0x00007ffff60f7e42:   0c 11 0f 10 54 11 10 0f 10 5c 11 20 0f 10 64 11
0x00007ffff60f7e52:   30 0f 29 41 f0 48 83 c1 40 49 ff c9 0f 29 49 c0
0x00007ffff60f7e62:   0f 29 51 d0 0f 29 59 e0 0f 28 c4 75 d1 4d 8b c8
0x00007ffff60f7e72:   49 c1 e9 04 74 19 0f 1f 84 00 00 00 00 00 0f 29
0x00007ffff60f7e82:   41 f0 0f 10 04 11 48 83 c1 10 49 ff c9 75 ef 49
0x00007ffff60f7e92:   83 e0 0f 74 0e 4e 8d 5c 01 f0 41 0f 10 0c 13 41
0x00007ffff60f7ea2:   0f 11 0b 0f 29 41 f0 c3 66 66 66 66 66 66 66 0f
0x00007ffff60f7eb2:   1f 84 00 00 00 00 00 0f 1f 80 00 00 00 00 4d 8b
0x00007ffff60f7ec2:   c8 49 c1 e9 06 49 83 e0 3f 0f 18 44 11 40 eb 2e
0x00007ffff60f7ed2:   66 66 66 66 66 66 66 0f 1f 84 00 00 00 00 00 66
0x00007ffff60f7ee2:   66 66 66 66 66 66 0f 1f 84 00 00 00 00 00 66 66
0x00007ffff60f7ef2:   66 66 66 66 66 0f 1f 84 00 00 00 00 00 90 0f 10
0x00007ffff60f7f02:   0c 11 0f 10 54 11 10 0f 10 5c 11 20 0f 10 64 11
0x00007ffff60f7f12:   30 0f 2b 41 f0 48 83 c1 40 0f 18 44 11 40 49 ff
0x00007ffff60f7f22:   c9 0f 2b 49 c0 0f 2b 51 d0 0f 2b 59 e0 0f 28 c4
0x00007ffff60f7f32:   75 cc 0f ae f8 e9 33 ff ff ff 0f 1f 40 00 49 03
0x00007ffff60f7f42:   c8 0f 10 44 11 f0 48 83 e9 10 49 83 e8 10 f6 c1
0x00007ffff60f7f52:   0f 74 18 4c 8b d9 48 83 e1 f0 0f 10 0c 11 41 0f 


Stack slot to memory mapping:
stack at sp + 0 slots: 0x000000005b5d2241 gdx64.dll
stack at sp + 1 slots: 0x0000027c057059a8 points into unknown readable memory: 0x0000027c29d9a3a0 | a0 a3 d9 29 7c 02 00 00
stack at sp + 2 slots: 0x00000080092fec70 is pointing into the stack for thread: 0x0000027c05705700
stack at sp + 3 slots: 0x0000000000000190 is an unknown value
stack at sp + 4 slots: 0x0 is NULL
stack at sp + 5 slots: 0x0000027c0d208e10 is at code_begin+-112 in 
[CodeBlob (0x0000027c0d208e10)]
Framesize: 0
BufferBlob (0x0000027c0d208e10) used for Interpreter
stack at sp + 6 slots: 0x0000000000000158 is an unknown value
stack at sp + 7 slots: 0x0000000710a65a40 is an oop: java.nio.DirectByteBuffer 
{0x0000000710a65a40} - klass: 'java/nio/DirectByteBuffer'
 - ---- fields (total size 8 words):
 - private 'mark' 'I' @12  -1 (ffffffff)
 - 'address' 'J' @16  2732442413984 (32426ba0 27c)
 - private 'position' 'I' @24  0
 - private 'limit' 'I' @28  1600 (640)
 - private 'capacity' 'I' @32  80000 (13880)
 - final 'segment' 'Ljdk/internal/access/foreign/MemorySegmentProxy;' @36  NULL (0)
 - final 'offset' 'I' @40  0
 - 'isReadOnly' 'Z' @44  false
 - 'bigEndian' 'Z' @45  false
 - 'nativeByteOrder' 'Z' @46  true
 - final 'hb' '[B' @48  NULL (0)
 - private final 'isSync' 'Z' @47  false
 - private final 'fd' 'Ljava/io/FileDescriptor;' @52  NULL (0)
 - private final 'att' 'Ljava/lang/Object;' @56  NULL (0)
 - private final 'cleaner' 'Ljdk/internal/ref/Cleaner;' @60  NULL (0)


---------------  P R O C E S S  ---------------

Threads class SMR info:
_java_thread_list=0x0000027c29702c00, length=13, elements={
0x0000027c05705700, 0x0000027c289438a0, 0x0000027c28944360, 0x0000027c2895aa10,
0x0000027c2895b2d0, 0x0000027c294080a0, 0x0000027c29408960, 0x0000027c2895ded0,
0x0000027c2895e880, 0x0000027c29431630, 0x0000027c29564630, 0x0000027c2956c6a0,
0x0000027c2b8b6090
}

Java Threads: ( => current thread )
=>0x0000027c05705700 JavaThread "main" [_thread_in_native, id=8060, stack(0x0000008009200000,0x0000008009300000)]
  0x0000027c289438a0 JavaThread "Reference Handler" daemon [_thread_blocked, id=10648, stack(0x0000008009900000,0x0000008009a00000)]
  0x0000027c28944360 JavaThread "Finalizer" daemon [_thread_blocked, id=5980, stack(0x0000008009a00000,0x0000008009b00000)]
  0x0000027c2895aa10 JavaThread "Signal Dispatcher" daemon [_thread_blocked, id=6236, stack(0x0000008009b00000,0x0000008009c00000)]
  0x0000027c2895b2d0 JavaThread "Attach Listener" daemon [_thread_blocked, id=14712, stack(0x0000008009c00000,0x0000008009d00000)]
  0x0000027c294080a0 JavaThread "Service Thread" daemon [_thread_blocked, id=11232, stack(0x0000008009d00000,0x0000008009e00000)]
  0x0000027c29408960 JavaThread "Monitor Deflation Thread" daemon [_thread_blocked, id=21448, stack(0x0000008009e00000,0x0000008009f00000)]
  0x0000027c2895ded0 JavaThread "C2 CompilerThread0" daemon [_thread_blocked, id=492, stack(0x0000008009f00000,0x000000800a000000)]
  0x0000027c2895e880 JavaThread "C1 CompilerThread0" daemon [_thread_blocked, id=11212, stack(0x000000800a000000,0x000000800a100000)]
  0x0000027c29431630 JavaThread "Sweeper thread" daemon [_thread_blocked, id=9984, stack(0x000000800a100000,0x000000800a200000)]
  0x0000027c29564630 JavaThread "Notification Thread" daemon [_thread_blocked, id=2424, stack(0x000000800a200000,0x000000800a300000)]
  0x0000027c2956c6a0 JavaThread "Common-Cleaner" daemon [_thread_blocked, id=23896, stack(0x000000800a400000,0x000000800a500000)]
  0x0000027c2b8b6090 JavaThread "LWJGL3 Timer" daemon [_thread_blocked, id=6756, stack(0x000000800af00000,0x000000800b000000)]

Other Threads:
  0x0000027c2893bed0 VMThread "VM Thread" [stack: 0x0000008009800000,0x0000008009900000] [id=11416]
  0x0000027c0578b670 WatcherThread [stack: 0x000000800a300000,0x000000800a400000] [id=7644]
  0x0000027c05772f50 GCTaskThread "GC Thread#0" [stack: 0x0000008009300000,0x0000008009400000] [id=17068]
  0x0000027c2b35a820 GCTaskThread "GC Thread#1" [stack: 0x000000800ad00000,0x000000800ae00000] [id=16220]
  0x0000027c2b35aad0 GCTaskThread "GC Thread#2" [stack: 0x000000800ae00000,0x000000800af00000] [id=18692]
  0x0000027c2b8f1ed0 GCTaskThread "GC Thread#3" [stack: 0x000000800b000000,0x000000800b100000] [id=15572]
  0x0000027c2b8f2180 GCTaskThread "GC Thread#4" [stack: 0x000000800b100000,0x000000800b200000] [id=908]
  0x0000027c2b9bd3e0 GCTaskThread "GC Thread#5" [stack: 0x000000800b200000,0x000000800b300000] [id=9888]
  0x0000027c2b9bdaa0 GCTaskThread "GC Thread#6" [stack: 0x000000800b300000,0x000000800b400000] [id=18312]
  0x0000027c2b9b48f0 GCTaskThread "GC Thread#7" [stack: 0x000000800b400000,0x000000800b500000] [id=23536]
  0x0000027c2b9b4ba0 GCTaskThread "GC Thread#8" [stack: 0x000000800b500000,0x000000800b600000] [id=21656]
  0x0000027c2b9b4e50 GCTaskThread "GC Thread#9" [stack: 0x000000800b600000,0x000000800b700000] [id=18072]
  0x0000027c05783920 ConcurrentGCThread "G1 Main Marker" [stack: 0x0000008009400000,0x0000008009500000] [id=18772]
  0x0000027c057843a0 ConcurrentGCThread "G1 Conc#0" [stack: 0x0000008009500000,0x0000008009600000] [id=5996]
  0x0000027c057cdc30 ConcurrentGCThread "G1 Refine#0" [stack: 0x0000008009600000,0x0000008009700000] [id=11808]
  0x0000027c287fb530 ConcurrentGCThread "G1 Service" [stack: 0x0000008009700000,0x0000008009800000] [id=5948]

Threads with active compile tasks:

VM state: not at safepoint (normal execution)

VM Mutex/Monitor currently owned by a thread: None

Heap address: 0x0000000704800000, size: 4024 MB, Compressed Oops mode: Zero based, Oop shift amount: 3

CDS archive(s) mapped at: [0x0000000800000000-0x0000000800bc0000-0x0000000800bc0000), size 12320768, SharedBaseAddress: 0x0000000800000000, ArchiveRelocationMode: 0.
Compressed class space mapped at: 0x0000000800c00000-0x0000000840c00000, reserved size: 1073741824
Narrow klass base: 0x0000000800000000, Narrow klass shift: 0, Narrow klass range: 0x100000000

GC Precious Log:
 CPUs: 12 total, 12 available
 Memory: 16095M
 Large Page Support: Disabled
 NUMA Support: Disabled
 Compressed Oops: Enabled (Zero based)
 Heap Region Size: 2M
 Heap Min Capacity: 8M
 Heap Initial Capacity: 252M
 Heap Max Capacity: 4024M
 Pre-touch: Disabled
 Parallel Workers: 10
 Concurrent Workers: 3
 Concurrent Refinement Workers: 10
 Periodic GC: Disabled

Heap:
 garbage-first heap   total 258048K, used 53899K [0x0000000704800000, 0x0000000800000000)
  region size 2048K, 29 young (59392K), 2 survivors (4096K)
 Metaspace       used 6608K, committed 6784K, reserved 1064960K
  class space    used 499K, committed 576K, reserved 1048576K

Heap Regions: E=young(eden), S=young(survivor), O=old, HS=humongous(starts), HC=humongous(continues), CS=collection set, F=free, OA=open archive, CA=closed archive, TAMS=top-at-mark-start (previous, next)
|   0|0x0000000704800000, 0x0000000704800000, 0x0000000704a00000|  0%| F|  |TAMS 0x0000000704800000, 0x0000000704800000| Untracked 
|   1|0x0000000704a00000, 0x0000000704a00000, 0x0000000704c00000|  0%| F|  |TAMS 0x0000000704a00000, 0x0000000704a00000| Untracked 
|   2|0x0000000704c00000, 0x0000000704c00000, 0x0000000704e00000|  0%| F|  |TAMS 0x0000000704c00000, 0x0000000704c00000| Untracked 
|   3|0x0000000704e00000, 0x0000000704e00000, 0x0000000705000000|  0%| F|  |TAMS 0x0000000704e00000, 0x0000000704e00000| Untracked 
|   4|0x0000000705000000, 0x0000000705000000, 0x0000000705200000|  0%| F|  |TAMS 0x0000000705000000, 0x0000000705000000| Untracked 
|   5|0x0000000705200000, 0x0000000705200000, 0x0000000705400000|  0%| F|  |TAMS 0x0000000705200000, 0x0000000705200000| Untracked 
|   6|0x0000000705400000, 0x0000000705400000, 0x0000000705600000|  0%| F|  |TAMS 0x0000000705400000, 0x0000000705400000| Untracked 
|   7|0x0000000705600000, 0x0000000705600000, 0x0000000705800000|  0%| F|  |TAMS 0x0000000705600000, 0x0000000705600000| Untracked 
|   8|0x0000000705800000, 0x0000000705800000, 0x0000000705a00000|  0%| F|  |TAMS 0x0000000705800000, 0x0000000705800000| Untracked 
|   9|0x0000000705a00000, 0x0000000705a00000, 0x0000000705c00000|  0%| F|  |TAMS 0x0000000705a00000, 0x0000000705a00000| Untracked 
|  10|0x0000000705c00000, 0x0000000705c00000, 0x0000000705e00000|  0%| F|  |TAMS 0x0000000705c00000, 0x0000000705c00000| Untracked 
|  11|0x0000000705e00000, 0x0000000705e00000, 0x0000000706000000|  0%| F|  |TAMS 0x0000000705e00000, 0x0000000705e00000| Untracked 
|  12|0x0000000706000000, 0x0000000706000000, 0x0000000706200000|  0%| F|  |TAMS 0x0000000706000000, 0x0000000706000000| Untracked 
|  13|0x0000000706200000, 0x0000000706200000, 0x0000000706400000|  0%| F|  |TAMS 0x0000000706200000, 0x0000000706200000| Untracked 
|  14|0x0000000706400000, 0x0000000706400000, 0x0000000706600000|  0%| F|  |TAMS 0x0000000706400000, 0x0000000706400000| Untracked 
|  15|0x0000000706600000, 0x0000000706600000, 0x0000000706800000|  0%| F|  |TAMS 0x0000000706600000, 0x0000000706600000| Untracked 
|  16|0x0000000706800000, 0x0000000706800000, 0x0000000706a00000|  0%| F|  |TAMS 0x0000000706800000, 0x0000000706800000| Untracked 
|  17|0x0000000706a00000, 0x0000000706a00000, 0x0000000706c00000|  0%| F|  |TAMS 0x0000000706a00000, 0x0000000706a00000| Untracked 
|  18|0x0000000706c00000, 0x0000000706c00000, 0x0000000706e00000|  0%| F|  |TAMS 0x0000000706c00000, 0x0000000706c00000| Untracked 
|  19|0x0000000706e00000, 0x0000000706e00000, 0x0000000707000000|  0%| F|  |TAMS 0x0000000706e00000, 0x0000000706e00000| Untracked 
|  20|0x0000000707000000, 0x0000000707000000, 0x0000000707200000|  0%| F|  |TAMS 0x0000000707000000, 0x0000000707000000| Untracked 
|  21|0x0000000707200000, 0x0000000707200000, 0x0000000707400000|  0%| F|  |TAMS 0x0000000707200000, 0x0000000707200000| Untracked 
|  22|0x0000000707400000, 0x0000000707400000, 0x0000000707600000|  0%| F|  |TAMS 0x0000000707400000, 0x0000000707400000| Untracked 
|  23|0x0000000707600000, 0x0000000707600000, 0x0000000707800000|  0%| F|  |TAMS 0x0000000707600000, 0x0000000707600000| Untracked 
|  24|0x0000000707800000, 0x0000000707800000, 0x0000000707a00000|  0%| F|  |TAMS 0x0000000707800000, 0x0000000707800000| Untracked 
|  25|0x0000000707a00000, 0x0000000707a00000, 0x0000000707c00000|  0%| F|  |TAMS 0x0000000707a00000, 0x0000000707a00000| Untracked 
|  26|0x0000000707c00000, 0x0000000707c00000, 0x0000000707e00000|  0%| F|  |TAMS 0x0000000707c00000, 0x0000000707c00000| Untracked 
|  27|0x0000000707e00000, 0x0000000707e00000, 0x0000000708000000|  0%| F|  |TAMS 0x0000000707e00000, 0x0000000707e00000| Untracked 
|  28|0x0000000708000000, 0x0000000708000000, 0x0000000708200000|  0%| F|  |TAMS 0x0000000708000000, 0x0000000708000000| Untracked 
|  29|0x0000000708200000, 0x0000000708200000, 0x0000000708400000|  0%| F|  |TAMS 0x0000000708200000, 0x0000000708200000| Untracked 
|  30|0x0000000708400000, 0x0000000708400000, 0x0000000708600000|  0%| F|  |TAMS 0x0000000708400000, 0x0000000708400000| Untracked 
|  31|0x0000000708600000, 0x0000000708600000, 0x0000000708800000|  0%| F|  |TAMS 0x0000000708600000, 0x0000000708600000| Untracked 
|  32|0x0000000708800000, 0x0000000708800000, 0x0000000708a00000|  0%| F|  |TAMS 0x0000000708800000, 0x0000000708800000| Untracked 
|  33|0x0000000708a00000, 0x0000000708a00000, 0x0000000708c00000|  0%| F|  |TAMS 0x0000000708a00000, 0x0000000708a00000| Untracked 
|  34|0x0000000708c00000, 0x0000000708c00000, 0x0000000708e00000|  0%| F|  |TAMS 0x0000000708c00000, 0x0000000708c00000| Untracked 
|  35|0x0000000708e00000, 0x0000000708e00000, 0x0000000709000000|  0%| F|  |TAMS 0x0000000708e00000, 0x0000000708e00000| Untracked 
|  36|0x0000000709000000, 0x0000000709000000, 0x0000000709200000|  0%| F|  |TAMS 0x0000000709000000, 0x0000000709000000| Untracked 
|  37|0x0000000709200000, 0x0000000709200000, 0x0000000709400000|  0%| F|  |TAMS 0x0000000709200000, 0x0000000709200000| Untracked 
|  38|0x0000000709400000, 0x0000000709400000, 0x0000000709600000|  0%| F|  |TAMS 0x0000000709400000, 0x0000000709400000| Untracked 
|  39|0x0000000709600000, 0x0000000709600000, 0x0000000709800000|  0%| F|  |TAMS 0x0000000709600000, 0x0000000709600000| Untracked 
|  40|0x0000000709800000, 0x0000000709800000, 0x0000000709a00000|  0%| F|  |TAMS 0x0000000709800000, 0x0000000709800000| Untracked 
|  41|0x0000000709a00000, 0x0000000709a00000, 0x0000000709c00000|  0%| F|  |TAMS 0x0000000709a00000, 0x0000000709a00000| Untracked 
|  42|0x0000000709c00000, 0x0000000709c00000, 0x0000000709e00000|  0%| F|  |TAMS 0x0000000709c00000, 0x0000000709c00000| Untracked 
|  43|0x0000000709e00000, 0x0000000709e00000, 0x000000070a000000|  0%| F|  |TAMS 0x0000000709e00000, 0x0000000709e00000| Untracked 
|  44|0x000000070a000000, 0x000000070a000000, 0x000000070a200000|  0%| F|  |TAMS 0x000000070a000000, 0x000000070a000000| Untracked 
|  45|0x000000070a200000, 0x000000070a200000, 0x000000070a400000|  0%| F|  |TAMS 0x000000070a200000, 0x000000070a200000| Untracked 
|  46|0x000000070a400000, 0x000000070a400000, 0x000000070a600000|  0%| F|  |TAMS 0x000000070a400000, 0x000000070a400000| Untracked 
|  47|0x000000070a600000, 0x000000070a600000, 0x000000070a800000|  0%| F|  |TAMS 0x000000070a600000, 0x000000070a600000| Untracked 
|  48|0x000000070a800000, 0x000000070a800000, 0x000000070aa00000|  0%| F|  |TAMS 0x000000070a800000, 0x000000070a800000| Untracked 
|  49|0x000000070aa00000, 0x000000070aa00000, 0x000000070ac00000|  0%| F|  |TAMS 0x000000070aa00000, 0x000000070aa00000| Untracked 
|  50|0x000000070ac00000, 0x000000070ac00000, 0x000000070ae00000|  0%| F|  |TAMS 0x000000070ac00000, 0x000000070ac00000| Untracked 
|  51|0x000000070ae00000, 0x000000070ae00000, 0x000000070b000000|  0%| F|  |TAMS 0x000000070ae00000, 0x000000070ae00000| Untracked 
|  52|0x000000070b000000, 0x000000070b000000, 0x000000070b200000|  0%| F|  |TAMS 0x000000070b000000, 0x000000070b000000| Untracked 
|  53|0x000000070b200000, 0x000000070b200000, 0x000000070b400000|  0%| F|  |TAMS 0x000000070b200000, 0x000000070b200000| Untracked 
|  54|0x000000070b400000, 0x000000070b400000, 0x000000070b600000|  0%| F|  |TAMS 0x000000070b400000, 0x000000070b400000| Untracked 
|  55|0x000000070b600000, 0x000000070b600000, 0x000000070b800000|  0%| F|  |TAMS 0x000000070b600000, 0x000000070b600000| Untracked 
|  56|0x000000070b800000, 0x000000070b800000, 0x000000070ba00000|  0%| F|  |TAMS 0x000000070b800000, 0x000000070b800000| Untracked 
|  57|0x000000070ba00000, 0x000000070ba00000, 0x000000070bc00000|  0%| F|  |TAMS 0x000000070ba00000, 0x000000070ba00000| Untracked 
|  58|0x000000070bc00000, 0x000000070bc00000, 0x000000070be00000|  0%| F|  |TAMS 0x000000070bc00000, 0x000000070bc00000| Untracked 
|  59|0x000000070be00000, 0x000000070be00000, 0x000000070c000000|  0%| F|  |TAMS 0x000000070be00000, 0x000000070be00000| Untracked 
|  60|0x000000070c000000, 0x000000070c000000, 0x000000070c200000|  0%| F|  |TAMS 0x000000070c000000, 0x000000070c000000| Untracked 
|  61|0x000000070c200000, 0x000000070c200000, 0x000000070c400000|  0%| F|  |TAMS 0x000000070c200000, 0x000000070c200000| Untracked 
|  62|0x000000070c400000, 0x000000070c400000, 0x000000070c600000|  0%| F|  |TAMS 0x000000070c400000, 0x000000070c400000| Untracked 
|  63|0x000000070c600000, 0x000000070c600000, 0x000000070c800000|  0%| F|  |TAMS 0x000000070c600000, 0x000000070c600000| Untracked 
|  64|0x000000070c800000, 0x000000070c800000, 0x000000070ca00000|  0%| F|  |TAMS 0x000000070c800000, 0x000000070c800000| Untracked 
|  65|0x000000070ca00000, 0x000000070ca00000, 0x000000070cc00000|  0%| F|  |TAMS 0x000000070ca00000, 0x000000070ca00000| Untracked 
|  66|0x000000070cc00000, 0x000000070cc00000, 0x000000070ce00000|  0%| F|  |TAMS 0x000000070cc00000, 0x000000070cc00000| Untracked 
|  67|0x000000070ce00000, 0x000000070ce00000, 0x000000070d000000|  0%| F|  |TAMS 0x000000070ce00000, 0x000000070ce00000| Untracked 
|  68|0x000000070d000000, 0x000000070d000000, 0x000000070d200000|  0%| F|  |TAMS 0x000000070d000000, 0x000000070d000000| Untracked 
|  69|0x000000070d200000, 0x000000070d200000, 0x000000070d400000|  0%| F|  |TAMS 0x000000070d200000, 0x000000070d200000| Untracked 
|  70|0x000000070d400000, 0x000000070d400000, 0x000000070d600000|  0%| F|  |TAMS 0x000000070d400000, 0x000000070d400000| Untracked 
|  71|0x000000070d600000, 0x000000070d600000, 0x000000070d800000|  0%| F|  |TAMS 0x000000070d600000, 0x000000070d600000| Untracked 
|  72|0x000000070d800000, 0x000000070d800000, 0x000000070da00000|  0%| F|  |TAMS 0x000000070d800000, 0x000000070d800000| Untracked 
|  73|0x000000070da00000, 0x000000070da00000, 0x000000070dc00000|  0%| F|  |TAMS 0x000000070da00000, 0x000000070da00000| Untracked 
|  74|0x000000070dc00000, 0x000000070dc00000, 0x000000070de00000|  0%| F|  |TAMS 0x000000070dc00000, 0x000000070dc00000| Untracked 
|  75|0x000000070de00000, 0x000000070de00000, 0x000000070e000000|  0%| F|  |TAMS 0x000000070de00000, 0x000000070de00000| Untracked 
|  76|0x000000070e000000, 0x000000070e000000, 0x000000070e200000|  0%| F|  |TAMS 0x000000070e000000, 0x000000070e000000| Untracked 
|  77|0x000000070e200000, 0x000000070e200000, 0x000000070e400000|  0%| F|  |TAMS 0x000000070e200000, 0x000000070e200000| Untracked 
|  78|0x000000070e400000, 0x000000070e400000, 0x000000070e600000|  0%| F|  |TAMS 0x000000070e400000, 0x000000070e400000| Untracked 
|  79|0x000000070e600000, 0x000000070e600000, 0x000000070e800000|  0%| F|  |TAMS 0x000000070e600000, 0x000000070e600000| Untracked 
|  80|0x000000070e800000, 0x000000070e800000, 0x000000070ea00000|  0%| F|  |TAMS 0x000000070e800000, 0x000000070e800000| Untracked 
|  81|0x000000070ea00000, 0x000000070ea00000, 0x000000070ec00000|  0%| F|  |TAMS 0x000000070ea00000, 0x000000070ea00000| Untracked 
|  82|0x000000070ec00000, 0x000000070ec00000, 0x000000070ee00000|  0%| F|  |TAMS 0x000000070ec00000, 0x000000070ec00000| Untracked 
|  83|0x000000070ee00000, 0x000000070ee00000, 0x000000070f000000|  0%| F|  |TAMS 0x000000070ee00000, 0x000000070ee00000| Untracked 
|  84|0x000000070f000000, 0x000000070f000000, 0x000000070f200000|  0%| F|  |TAMS 0x000000070f000000, 0x000000070f000000| Untracked 
|  85|0x000000070f200000, 0x000000070f200000, 0x000000070f400000|  0%| F|  |TAMS 0x000000070f200000, 0x000000070f200000| Untracked 
|  86|0x000000070f400000, 0x000000070f400000, 0x000000070f600000|  0%| F|  |TAMS 0x000000070f400000, 0x000000070f400000| Untracked 
|  87|0x000000070f600000, 0x000000070f600000, 0x000000070f800000|  0%| F|  |TAMS 0x000000070f600000, 0x000000070f600000| Untracked 
|  88|0x000000070f800000, 0x000000070f800000, 0x000000070fa00000|  0%| F|  |TAMS 0x000000070f800000, 0x000000070f800000| Untracked 
|  89|0x000000070fa00000, 0x000000070fa00000, 0x000000070fc00000|  0%| F|  |TAMS 0x000000070fa00000, 0x000000070fa00000| Untracked 
|  90|0x000000070fc00000, 0x000000070fc00000, 0x000000070fe00000|  0%| F|  |TAMS 0x000000070fc00000, 0x000000070fc00000| Untracked 
|  91|0x000000070fe00000, 0x000000070fe00000, 0x0000000710000000|  0%| F|  |TAMS 0x000000070fe00000, 0x000000070fe00000| Untracked 
|  92|0x0000000710000000, 0x0000000710000000, 0x0000000710200000|  0%| F|  |TAMS 0x0000000710000000, 0x0000000710000000| Untracked 
|  93|0x0000000710200000, 0x0000000710200000, 0x0000000710400000|  0%| F|  |TAMS 0x0000000710200000, 0x0000000710200000| Untracked 
|  94|0x0000000710400000, 0x0000000710400000, 0x0000000710600000|  0%| F|  |TAMS 0x0000000710400000, 0x0000000710400000| Untracked 
|  95|0x0000000710600000, 0x0000000710600000, 0x0000000710800000|  0%| F|  |TAMS 0x0000000710600000, 0x0000000710600000| Untracked 
|  96|0x0000000710800000, 0x0000000710800000, 0x0000000710a00000|  0%| F|  |TAMS 0x0000000710800000, 0x0000000710800000| Untracked 
|  97|0x0000000710a00000, 0x0000000710c00000, 0x0000000710c00000|100%| E|  |TAMS 0x0000000710a00000, 0x0000000710a00000| Complete 
|  98|0x0000000710c00000, 0x0000000710e00000, 0x0000000710e00000|100%| E|CS|TAMS 0x0000000710c00000, 0x0000000710c00000| Complete 
|  99|0x0000000710e00000, 0x0000000711000000, 0x0000000711000000|100%| E|CS|TAMS 0x0000000710e00000, 0x0000000710e00000| Complete 
| 100|0x0000000711000000, 0x0000000711200000, 0x0000000711200000|100%| E|CS|TAMS 0x0000000711000000, 0x0000000711000000| Complete 
| 101|0x0000000711200000, 0x0000000711400000, 0x0000000711400000|100%| E|CS|TAMS 0x0000000711200000, 0x0000000711200000| Complete 
| 102|0x0000000711400000, 0x0000000711600000, 0x0000000711600000|100%| E|CS|TAMS 0x0000000711400000, 0x0000000711400000| Complete 
| 103|0x0000000711600000, 0x0000000711800000, 0x0000000711800000|100%| E|  |TAMS 0x0000000711600000, 0x0000000711600000| Complete 
| 104|0x0000000711800000, 0x0000000711a00000, 0x0000000711a00000|100%| E|CS|TAMS 0x0000000711800000, 0x0000000711800000| Complete 
| 105|0x0000000711a00000, 0x0000000711c00000, 0x0000000711c00000|100%| E|CS|TAMS 0x0000000711a00000, 0x0000000711a00000| Complete 
| 106|0x0000000711c00000, 0x0000000711ca2c10, 0x0000000711e00000| 31%| S|CS|TAMS 0x0000000711c00000, 0x0000000711c00000| Complete 
| 107|0x0000000711e00000, 0x0000000712000000, 0x0000000712000000|100%| S|CS|TAMS 0x0000000711e00000, 0x0000000711e00000| Complete 
| 108|0x0000000712000000, 0x0000000712200000, 0x0000000712200000|100%| E|CS|TAMS 0x0000000712000000, 0x0000000712000000| Complete 
| 109|0x0000000712200000, 0x0000000712400000, 0x0000000712400000|100%| E|CS|TAMS 0x0000000712200000, 0x0000000712200000| Complete 
| 110|0x0000000712400000, 0x0000000712600000, 0x0000000712600000|100%| E|CS|TAMS 0x0000000712400000, 0x0000000712400000| Complete 
| 111|0x0000000712600000, 0x0000000712800000, 0x0000000712800000|100%| E|CS|TAMS 0x0000000712600000, 0x0000000712600000| Complete 
| 112|0x0000000712800000, 0x0000000712a00000, 0x0000000712a00000|100%| E|CS|TAMS 0x0000000712800000, 0x0000000712800000| Complete 
| 113|0x0000000712a00000, 0x0000000712c00000, 0x0000000712c00000|100%| E|CS|TAMS 0x0000000712a00000, 0x0000000712a00000| Complete 
| 114|0x0000000712c00000, 0x0000000712e00000, 0x0000000712e00000|100%| E|CS|TAMS 0x0000000712c00000, 0x0000000712c00000| Complete 
| 115|0x0000000712e00000, 0x0000000713000000, 0x0000000713000000|100%| E|CS|TAMS 0x0000000712e00000, 0x0000000712e00000| Complete 
| 116|0x0000000713000000, 0x0000000713200000, 0x0000000713200000|100%| E|CS|TAMS 0x0000000713000000, 0x0000000713000000| Complete 
| 117|0x0000000713200000, 0x0000000713400000, 0x0000000713400000|100%| E|CS|TAMS 0x0000000713200000, 0x0000000713200000| Complete 
| 118|0x0000000713400000, 0x0000000713600000, 0x0000000713600000|100%| E|CS|TAMS 0x0000000713400000, 0x0000000713400000| Complete 
| 119|0x0000000713600000, 0x0000000713800000, 0x0000000713800000|100%| E|CS|TAMS 0x0000000713600000, 0x0000000713600000| Complete 
| 120|0x0000000713800000, 0x0000000713a00000, 0x0000000713a00000|100%| E|CS|TAMS 0x0000000713800000, 0x0000000713800000| Complete 
| 121|0x0000000713a00000, 0x0000000713c00000, 0x0000000713c00000|100%| E|CS|TAMS 0x0000000713a00000, 0x0000000713a00000| Complete 
| 122|0x0000000713c00000, 0x0000000713e00000, 0x0000000713e00000|100%| E|CS|TAMS 0x0000000713c00000, 0x0000000713c00000| Complete 
| 123|0x0000000713e00000, 0x0000000714000000, 0x0000000714000000|100%| E|CS|TAMS 0x0000000713e00000, 0x0000000713e00000| Complete 
| 124|0x0000000714000000, 0x0000000714200000, 0x0000000714200000|100%| E|CS|TAMS 0x0000000714000000, 0x0000000714000000| Complete 
| 125|0x0000000714200000, 0x0000000714400000, 0x0000000714400000|100%| E|CS|TAMS 0x0000000714200000, 0x0000000714200000| Complete 

Card table byte_map: [0x0000027c1cf30000,0x0000027c1d710000] _byte_map_base: 0x0000027c1970c000

Marking Bits (Prev, Next): (CMBitMap*) 0x0000027c05773470, (CMBitMap*) 0x0000027c057734b0
 Prev Bits: [0x0000027c1def0000, 0x0000027c21dd0000)
 Next Bits: [0x0000027c21dd0000, 0x0000027c25cb0000)

Polling page: 0x0000027c03450000

Metaspace:

Usage:
  Non-class:      5.97 MB used.
      Class:    499.84 KB used.
       Both:      6.45 MB used.

Virtual space:
  Non-class space:       16.00 MB reserved,       6.06 MB ( 38%) committed,  2 nodes.
      Class space:        1.00 GB reserved,     576.00 KB ( <1%) committed,  1 nodes.
             Both:        1.02 GB reserved,       6.63 MB ( <1%) committed. 

Chunk freelists:
   Non-Class:  3.52 MB
       Class:  3.34 MB
        Both:  6.86 MB

MaxMetaspaceSize: unlimited
CompressedClassSpaceSize: 1.00 GB
Initial GC threshold: 21.00 MB
Current GC threshold: 21.00 MB
CDS: on
MetaspaceReclaimPolicy: balanced
 - commit_granule_bytes: 65536.
 - commit_granule_words: 8192.
 - virtual_space_node_default_size: 1048576.
 - enlarge_chunks_in_place: 1.
 - new_chunks_are_fully_committed: 0.
 - uncommit_free_chunks: 1.
 - use_allocation_guard: 0.
 - handle_deallocations: 1.


Internal statistics:

num_allocs_failed_limit: 0.
num_arena_births: 66.
num_arena_deaths: 0.
num_vsnodes_births: 3.
num_vsnodes_deaths: 0.
num_space_committed: 104.
num_space_uncommitted: 0.
num_chunks_returned_to_freelist: 0.
num_chunks_taken_from_freelist: 257.
num_chunk_merges: 0.
num_chunk_splits: 190.
num_chunks_enlarged: 158.
num_purges: 0.
num_inconsistent_stats: 0.

CodeHeap 'non-profiled nmethods': size=120000Kb used=506Kb max_used=506Kb free=119494Kb
 bounds [0x0000027c14cd0000, 0x0000027c14f40000, 0x0000027c1c200000]
CodeHeap 'profiled nmethods': size=120000Kb used=2280Kb max_used=2280Kb free=117719Kb
 bounds [0x0000027c0d7a0000, 0x0000027c0da10000, 0x0000027c14cd0000]
CodeHeap 'non-nmethods': size=5760Kb used=1630Kb max_used=1645Kb free=4129Kb
 bounds [0x0000027c0d200000, 0x0000027c0d470000, 0x0000027c0d7a0000]
 total_blobs=2362 nmethods=1297 adapters=978
 compilation: enabled
              stopped_count=0, restarted_count=0
 full_count=0

Compilation events (20 events):
Event: 8.244 Thread 0x0000027c2895e880 1286       3       com.badlogic.gdx.scenes.scene2d.ui.ProgressBar::draw (734 bytes)
Event: 8.247 Thread 0x0000027c2895e880 nmethod 1286 0x0000027c0d9cf110 code [0x0000027c0d9cf520, 0x0000027c0d9d1f58]
Event: 8.247 Thread 0x0000027c2895e880 1287       3       com.badlogic.gdx.scenes.scene2d.ui.ProgressBar::getKnobDrawable (33 bytes)
Event: 8.247 Thread 0x0000027c2895e880 nmethod 1287 0x0000027c0d9d2a90 code [0x0000027c0d9d2c40, 0x0000027c0d9d2e18]
Event: 8.277 Thread 0x0000027c2895e880 1288       3       com.badlogic.gdx.utils.Array::ensureCapacity (75 bytes)
Event: 8.278 Thread 0x0000027c2895e880 nmethod 1288 0x0000027c0d9d2f10 code [0x0000027c0d9d3180, 0x0000027c0d9d3a88]
Event: 8.327 Thread 0x0000027c2895e880 1289       3       com.badlogic.gdx.physics.box2d.Box2DDebugRenderer::getColorByBody (59 bytes)
Event: 8.327 Thread 0x0000027c2895e880 nmethod 1289 0x0000027c0d9d3d90 code [0x0000027c0d9d3fa0, 0x0000027c0d9d4438]
Event: 8.327 Thread 0x0000027c2895e880 1290       3       com.badlogic.gdx.graphics.Color::set (34 bytes)
Event: 8.328 Thread 0x0000027c2895e880 nmethod 1290 0x0000027c0d9d4610 code [0x0000027c0d9d47a0, 0x0000027c0d9d48d8]
Event: 8.378 Thread 0x0000027c2895ded0 1291       4       java.nio.MappedByteBuffer::limit (6 bytes)
Event: 8.380 Thread 0x0000027c2895ded0 nmethod 1291 0x0000027c14d4db90 code [0x0000027c14d4dd00, 0x0000027c14d4ddf8]
Event: 8.393 Thread 0x0000027c2895e880 1292       3       java.util.concurrent.ConcurrentHashMap::sumCount (60 bytes)
Event: 8.394 Thread 0x0000027c2895e880 nmethod 1292 0x0000027c0d9d4990 code [0x0000027c0d9d4b40, 0x0000027c0d9d4db8]
Event: 8.424 Thread 0x0000027c2895e880 1293       3       jdk.internal.loader.BuiltinClassLoader::getAndVerifyPackage (113 bytes)
Event: 8.425 Thread 0x0000027c2895e880 nmethod 1293 0x0000027c0d9d4f10 code [0x0000027c0d9d5280, 0x0000027c0d9d64a8]
Event: 8.425 Thread 0x0000027c2895e880 1296       3       com.badlogic.gdx.physics.box2d.Box2DDebugRenderer::drawShape (297 bytes)
Event: 8.426 Thread 0x0000027c2895e880 nmethod 1296 0x0000027c0d9d6b10 code [0x0000027c0d9d6ee0, 0x0000027c0d9d83c8]
Event: 8.426 Thread 0x0000027c2895e880 1297       3       com.badlogic.gdx.physics.box2d.Fixture::getShape (143 bytes)
Event: 8.426 Thread 0x0000027c2895e880 nmethod 1297 0x0000027c0d9d8c10 code [0x0000027c0d9d8ea0, 0x0000027c0d9d9c38]

GC Heap History (4 events):
Event: 2.377 GC heap before
{Heap before GC invocations=0 (full 0):
 garbage-first heap   total 258048K, used 22528K [0x0000000704800000, 0x0000000800000000)
  region size 2048K, 11 young (22528K), 0 survivors (0K)
 Metaspace       used 5068K, committed 5184K, reserved 1056768K
  class space    used 344K, committed 384K, reserved 1048576K
}
Event: 2.384 GC heap after
{Heap after GC invocations=1 (full 0):
 garbage-first heap   total 258048K, used 2635K [0x0000000704800000, 0x0000000800000000)
  region size 2048K, 2 young (4096K), 2 survivors (4096K)
 Metaspace       used 5068K, committed 5184K, reserved 1056768K
  class space    used 344K, committed 384K, reserved 1048576K
}
Event: 3.709 GC heap before
{Heap before GC invocations=1 (full 0):
 garbage-first heap   total 258048K, used 33355K [0x0000000704800000, 0x0000000800000000)
  region size 2048K, 18 young (36864K), 2 survivors (4096K)
 Metaspace       used 5088K, committed 5184K, reserved 1056768K
  class space    used 344K, committed 384K, reserved 1048576K
}
Event: 3.713 GC heap after
{Heap after GC invocations=2 (full 0):
 garbage-first heap   total 258048K, used 2699K [0x0000000704800000, 0x0000000800000000)
  region size 2048K, 2 young (4096K), 2 survivors (4096K)
 Metaspace       used 5088K, committed 5184K, reserved 1056768K
  class space    used 344K, committed 384K, reserved 1048576K
}

Dll operation events (10 events):
Event: 0.005 Loaded shared library C:\Users\Animesh\.jdks\corretto-17.0.5\bin\java.dll
Event: 0.012 Loaded shared library C:\Users\Animesh\.jdks\corretto-17.0.5\bin\jsvml.dll
Event: 0.061 Loaded shared library C:\Users\Animesh\.jdks\corretto-17.0.5\bin\net.dll
Event: 0.062 Loaded shared library C:\Users\Animesh\.jdks\corretto-17.0.5\bin\nio.dll
Event: 0.064 Loaded shared library C:\Users\Animesh\.jdks\corretto-17.0.5\bin\zip.dll
Event: 0.119 Loaded shared library C:\Users\Animesh\.jdks\corretto-17.0.5\bin\jimage.dll
Event: 0.124 Loaded shared library C:\Users\Animesh\AppData\Local\Temp\libgdxAnimesh\e787ab0a\gdx64.dll
Event: 0.181 Loaded shared library C:\Users\Animesh\AppData\Local\Temp\lwjglAnimesh\3.3.1-build-7\lwjgl.dll
Event: 1.427 Loaded shared library C:\Users\Animesh\AppData\Local\Temp\lwjglAnimesh\3.3.1-build-7\lwjgl_opengl.dll
Event: 6.812 Loaded shared library C:\Users\Animesh\AppData\Local\Temp\libgdxAnimesh\888fe1bc\gdx-box2d64.dll

Deoptimization events (20 events):
Event: 6.640 Thread 0x0000027c2bcbb7d0 Uncommon trap: trap_request=0xffffff45 fr.pc=0x0000027c14d2ab9c relative=0x000000000000009c
Event: 6.640 Thread 0x0000027c2bcbb7d0 Uncommon trap: reason=unstable_if action=reinterpret pc=0x0000027c14d2ab9c method=com.approject.tankstars.screens.Choosemap$3.run()V @ 13 c2
Event: 6.640 Thread 0x0000027c2bcbb7d0 DEOPT PACKING pc=0x0000027c14d2ab9c sp=0x000000800b7ff100
Event: 6.640 Thread 0x0000027c2bcbb7d0 DEOPT UNPACKING pc=0x0000027c0d2523a3 sp=0x000000800b7ff0b0 mode 2
Event: 6.780 Thread 0x0000027c05705700 Uncommon trap: trap_request=0xffffff45 fr.pc=0x0000027c14d2d924 relative=0x0000000000000104
Event: 6.780 Thread 0x0000027c05705700 Uncommon trap: reason=unstable_if action=reinterpret pc=0x0000027c14d2d924 method=com.badlogic.gdx.utils.IntMap.locateKey(I)I @ 29 c2
Event: 6.780 Thread 0x0000027c05705700 DEOPT PACKING pc=0x0000027c14d2d924 sp=0x00000080092fec00
Event: 6.780 Thread 0x0000027c05705700 DEOPT UNPACKING pc=0x0000027c0d2523a3 sp=0x00000080092feb90 mode 2
Event: 6.843 Thread 0x0000027c05705700 Uncommon trap: trap_request=0xffffff45 fr.pc=0x0000027c14d2ccd8 relative=0x0000000000000058
Event: 6.843 Thread 0x0000027c05705700 Uncommon trap: reason=unstable_if action=reinterpret pc=0x0000027c14d2ccd8 method=java.lang.Math.abs(F)F @ 3 c2
Event: 6.843 Thread 0x0000027c05705700 DEOPT PACKING pc=0x0000027c14d2ccd8 sp=0x00000080092fef10
Event: 6.843 Thread 0x0000027c05705700 DEOPT UNPACKING pc=0x0000027c0d2523a3 sp=0x00000080092feeb0 mode 2
Event: 6.849 Thread 0x0000027c05705700 Uncommon trap: trap_request=0xffffff45 fr.pc=0x0000027c14d2be0c relative=0x000000000000008c
Event: 6.849 Thread 0x0000027c05705700 Uncommon trap: reason=unstable_if action=reinterpret pc=0x0000027c14d2be0c method=java.lang.Math.round(F)I @ 36 c2
Event: 6.849 Thread 0x0000027c05705700 DEOPT PACKING pc=0x0000027c14d2be0c sp=0x00000080092fe820
Event: 6.849 Thread 0x0000027c05705700 DEOPT UNPACKING pc=0x0000027c0d2523a3 sp=0x00000080092fe798 mode 2
Event: 7.058 Thread 0x0000027c05705700 DEOPT PACKING pc=0x0000027c0d94ff66 sp=0x00000080092ff0f0
Event: 7.058 Thread 0x0000027c05705700 DEOPT UNPACKING pc=0x0000027c0d252b43 sp=0x00000080092fe638 mode 0
Event: 7.144 Thread 0x0000027c05705700 DEOPT PACKING pc=0x0000027c0d9a7474 sp=0x00000080092fee80
Event: 7.144 Thread 0x0000027c05705700 DEOPT UNPACKING pc=0x0000027c0d252b43 sp=0x00000080092fe2a8 mode 0

Classes unloaded (0 events):
No events

Classes redefined (0 events):
No events

Internal exceptions (20 events):
Event: 0.156 Thread 0x0000027c05705700 Exception <a 'java/lang/NoSuchMethodError'{0x0000000713ccabb8}: 'int java.lang.invoke.DirectMethodHandle$Holder.invokeSpecial(java.lang.Object, java.lang.Object, java.lang.Object)'> (0x0000000713ccabb8) 
thrown [s\src\hotspot\share\interpreter\linkResolver.cpp, line 759]
Event: 0.179 Thread 0x0000027c05705700 Exception <a 'sun/nio/fs/WindowsException'{0x0000000713d681a0}> (0x0000000713d681a0) 
thrown [s\src\hotspot\share\prims\jni.cpp, line 516]
Event: 0.179 Thread 0x0000027c05705700 Exception <a 'sun/nio/fs/WindowsException'{0x0000000713d68700}> (0x0000000713d68700) 
thrown [s\src\hotspot\share\prims\jni.cpp, line 516]
Event: 0.188 Thread 0x0000027c05705700 Exception <a 'java/lang/NoSuchMethodError'{0x0000000713da8f88}: 'int java.lang.invoke.DirectMethodHandle$Holder.invokeStaticInit(java.lang.Object, java.lang.Object, int, long)'> (0x0000000713da8f88) 
thrown [s\src\hotspot\share\interpreter\linkResolver.cpp, line 759]
Event: 0.188 Thread 0x0000027c05705700 Exception <a 'java/lang/NoSuchMethodError'{0x0000000713dae850}: 'java.lang.Object java.lang.invoke.DirectMethodHandle$Holder.newInvokeSpecial(java.lang.Object, java.lang.Object, int)'> (0x0000000713dae850) 
thrown [s\src\hotspot\share\interpreter\linkResolver.cpp, line 759]
Event: 0.190 Thread 0x0000027c05705700 Exception <a 'java/lang/NoSuchMethodError'{0x0000000713dc3638}: 'int java.lang.invoke.DirectMethodHandle$Holder.invokeStaticInit(java.lang.Object, java.lang.Object, long, long)'> (0x0000000713dc3638) 
thrown [s\src\hotspot\share\interpreter\linkResolver.cpp, line 759]
Event: 0.191 Thread 0x0000027c05705700 Exception <a 'java/lang/NoSuchMethodError'{0x0000000713dc9748}: 'java.lang.Object java.lang.invoke.DirectMethodHandle$Holder.newInvokeSpecial(java.lang.Object, java.lang.Object, long)'> (0x0000000713dc9748) 
thrown [s\src\hotspot\share\interpreter\linkResolver.cpp, line 759]
Event: 0.192 Thread 0x0000027c05705700 Exception <a 'java/lang/NoSuchMethodError'{0x0000000713dcd790}: 'java.lang.Object java.lang.invoke.Invokers$Holder.linkToTargetMethod(java.lang.Object, long, java.lang.Object)'> (0x0000000713dcd790) 
thrown [s\src\hotspot\share\interpreter\linkResolver.cpp, line 759]
Event: 0.193 Thread 0x0000027c05705700 Exception <a 'java/lang/NoSuchMethodError'{0x0000000713dd4ea8}: 'int java.lang.invoke.DirectMethodHandle$Holder.invokeStaticInit(java.lang.Object, java.lang.Object, java.lang.Object, long)'> (0x0000000713dd4ea8) 
thrown [s\src\hotspot\share\interpreter\linkResolver.cpp, line 759]
Event: 0.208 Thread 0x0000027c05705700 Exception <a 'sun/nio/fs/WindowsException'{0x0000000713a8b170}> (0x0000000713a8b170) 
thrown [s\src\hotspot\share\prims\jni.cpp, line 516]
Event: 0.208 Thread 0x0000027c05705700 Exception <a 'sun/nio/fs/WindowsException'{0x0000000713a8b520}> (0x0000000713a8b520) 
thrown [s\src\hotspot\share\prims\jni.cpp, line 516]
Event: 0.229 Thread 0x0000027c05705700 Exception <a 'sun/nio/fs/WindowsException'{0x0000000713b4a640}> (0x0000000713b4a640) 
thrown [s\src\hotspot\share\prims\jni.cpp, line 516]
Event: 0.229 Thread 0x0000027c05705700 Exception <a 'sun/nio/fs/WindowsException'{0x0000000713b4a9c0}> (0x0000000713b4a9c0) 
thrown [s\src\hotspot\share\prims\jni.cpp, line 516]
Event: 0.256 Thread 0x0000027c05705700 Exception <a 'sun/nio/fs/WindowsException'{0x0000000713bdcdb0}> (0x0000000713bdcdb0) 
thrown [s\src\hotspot\share\prims\jni.cpp, line 516]
Event: 0.256 Thread 0x0000027c05705700 Exception <a 'sun/nio/fs/WindowsException'{0x0000000713bdd140}> (0x0000000713bdd140) 
thrown [s\src\hotspot\share\prims\jni.cpp, line 516]
Event: 1.325 Thread 0x0000027c05705700 Exception <a 'java/lang/NoSuchMethodError'{0x0000000713829190}: 'java.lang.Object java.lang.invoke.DirectMethodHandle$Holder.newInvokeSpecial(java.lang.Object, long)'> (0x0000000713829190) 
thrown [s\src\hotspot\share\interpreter\linkResolver.cpp, line 759]
Event: 1.426 Thread 0x0000027c05705700 Exception <a 'sun/nio/fs/WindowsException'{0x00000007139517f8}> (0x00000007139517f8) 
thrown [s\src\hotspot\share\prims\jni.cpp, line 516]
Event: 1.426 Thread 0x0000027c05705700 Exception <a 'sun/nio/fs/WindowsException'{0x0000000713951bb8}> (0x0000000713951bb8) 
thrown [s\src\hotspot\share\prims\jni.cpp, line 516]
Event: 1.428 Thread 0x0000027c05705700 Exception <a 'sun/nio/fs/WindowsException'{0x0000000713960e48}> (0x0000000713960e48) 
thrown [s\src\hotspot\share\prims\jni.cpp, line 516]
Event: 1.428 Thread 0x0000027c05705700 Exception <a 'sun/nio/fs/WindowsException'{0x0000000713961140}> (0x0000000713961140) 
thrown [s\src\hotspot\share\prims\jni.cpp, line 516]

VM Operations (20 events):
Event: 3.709 Executing VM operation: G1CollectForAllocation
Event: 3.713 Executing VM operation: G1CollectForAllocation done
Event: 4.714 Executing VM operation: Cleanup
Event: 4.714 Executing VM operation: Cleanup done
Event: 5.715 Executing VM operation: Cleanup
Event: 5.715 Executing VM operation: Cleanup done
Event: 6.673 Executing VM operation: HandshakeAllThreads
Event: 6.673 Executing VM operation: HandshakeAllThreads done
Event: 6.711 Executing VM operation: HandshakeAllThreads
Event: 6.711 Executing VM operation: HandshakeAllThreads done
Event: 6.832 Executing VM operation: HandshakeAllThreads
Event: 6.832 Executing VM operation: HandshakeAllThreads done
Event: 6.832 Executing VM operation: Cleanup
Event: 6.832 Executing VM operation: Cleanup done
Event: 6.833 Executing VM operation: HandshakeAllThreads
Event: 6.833 Executing VM operation: HandshakeAllThreads done
Event: 6.838 Executing VM operation: HandshakeAllThreads
Event: 6.838 Executing VM operation: HandshakeAllThreads done
Event: 7.839 Executing VM operation: Cleanup
Event: 7.839 Executing VM operation: Cleanup done

Events (20 events):
Event: 6.242 Thread 0x0000027c2bcbbca0 Thread added: 0x0000027c2bcbbca0
Event: 6.343 Thread 0x0000027c2bcbbca0 Thread exited: 0x0000027c2bcbbca0
Event: 6.389 Thread 0x0000027c2bcbb300 Thread added: 0x0000027c2bcbb300
Event: 6.489 Thread 0x0000027c2bcbb300 Thread exited: 0x0000027c2bcbb300
Event: 6.540 Thread 0x0000027c2bcbb7d0 Thread added: 0x0000027c2bcbb7d0
Event: 6.640 Thread 0x0000027c2bcbb7d0 Thread exited: 0x0000027c2bcbb7d0
Event: 6.662 loading class java/util/zip/GZIPInputStream
Event: 6.663 loading class java/util/zip/GZIPInputStream done
Event: 6.667 loading class java/lang/NegativeArraySizeException
Event: 6.667 loading class java/lang/NegativeArraySizeException done
Event: 6.667 loading class java/lang/StringIndexOutOfBoundsException
Event: 6.667 loading class java/lang/StringIndexOutOfBoundsException done
Event: 6.667 loading class java/lang/ArrayIndexOutOfBoundsException
Event: 6.667 loading class java/lang/ArrayIndexOutOfBoundsException done
Event: 6.770 Thread 0x0000027c29851990 Thread added: 0x0000027c29851990
Event: 6.773 loading class jdk/internal/math/FloatingDecimal$ASCIIToBinaryBuffer
Event: 6.773 loading class jdk/internal/math/FloatingDecimal$ASCIIToBinaryBuffer done
Event: 6.779 Thread 0x0000027c29702f90 Thread added: 0x0000027c29702f90
Event: 6.961 Thread 0x0000027c29702f90 Thread exited: 0x0000027c29702f90
Event: 6.961 Thread 0x0000027c29851990 Thread exited: 0x0000027c29851990


Dynamic libraries:
0x00007ff6d2930000 - 0x00007ff6d293d000 	C:\Users\Animesh\.jdks\corretto-17.0.5\bin\java.exe
0x00007ffff7c40000 - 0x00007ffff7e49000 	C:\windows\SYSTEM32\ntdll.dll
0x00007ffff6470000 - 0x00007ffff652e000 	C:\windows\System32\KERNEL32.DLL
0x00007ffff54e0000 - 0x00007ffff585b000 	C:\windows\System32\KERNELBASE.dll
0x00007ffff5110000 - 0x00007ffff5221000 	C:\windows\System32\ucrtbase.dll
0x00007fffd5ab0000 - 0x00007fffd5ac7000 	C:\Users\Animesh\.jdks\corretto-17.0.5\bin\jli.dll
0x00007fffd5860000 - 0x00007fffd5875000 	C:\Users\Animesh\.jdks\corretto-17.0.5\bin\VCRUNTIME140.dll
0x00007ffff6130000 - 0x00007ffff62dd000 	C:\windows\System32\USER32.dll
0x00007ffff5a90000 - 0x00007ffff5ab6000 	C:\windows\System32\win32u.dll
0x00007ffff6bc0000 - 0x00007ffff6be9000 	C:\windows\System32\GDI32.dll
0x00007fffd4ce0000 - 0x00007fffd4f85000 	C:\windows\WinSxS\amd64_microsoft.windows.common-controls_6595b64144ccf1df_6.0.22000.120_none_9d947278b86cc467\COMCTL32.dll
0x00007ffff5340000 - 0x00007ffff5458000 	C:\windows\System32\gdi32full.dll
0x00007ffff5230000 - 0x00007ffff52cd000 	C:\windows\System32\msvcp_win.dll
0x00007ffff6080000 - 0x00007ffff6123000 	C:\windows\System32\msvcrt.dll
0x00007ffff6c10000 - 0x00007ffff6c42000 	C:\windows\System32\IMM32.DLL
0x00007fffc5a90000 - 0x00007fffc5b2b000 	C:\Users\Animesh\.jdks\corretto-17.0.5\bin\msvcp140.dll
0x00007fff7bf70000 - 0x00007fff7cb84000 	C:\Users\Animesh\.jdks\corretto-17.0.5\bin\server\jvm.dll
0x00007ffff7b50000 - 0x00007ffff7bfe000 	C:\windows\System32\ADVAPI32.dll
0x00007ffff6e20000 - 0x00007ffff6ebe000 	C:\windows\System32\sechost.dll
0x00007ffff5e30000 - 0x00007ffff5f50000 	C:\windows\System32\RPCRT4.dll
0x00007fffd8900000 - 0x00007fffd8909000 	C:\windows\SYSTEM32\WSOCK32.dll
0x00007ffff6010000 - 0x00007ffff607f000 	C:\windows\System32\WS2_32.dll
0x00007fffec210000 - 0x00007fffec243000 	C:\windows\SYSTEM32\WINMM.dll
0x00007fffe2d20000 - 0x00007fffe2d2a000 	C:\windows\SYSTEM32\VERSION.dll
0x00007ffff41d0000 - 0x00007ffff41e8000 	C:\windows\SYSTEM32\kernel.appcore.dll
0x00007fffd5850000 - 0x00007fffd585a000 	C:\Users\Animesh\.jdks\corretto-17.0.5\bin\jimage.dll
0x00007ffff2840000 - 0x00007ffff2a61000 	C:\windows\SYSTEM32\DBGHELP.DLL
0x00007fffd4970000 - 0x00007fffd49a1000 	C:\windows\SYSTEM32\dbgcore.DLL
0x00007ffff5460000 - 0x00007ffff54df000 	C:\windows\System32\bcryptPrimitives.dll
0x00007fffc5a60000 - 0x00007fffc5a85000 	C:\Users\Animesh\.jdks\corretto-17.0.5\bin\java.dll
0x00007fff82b90000 - 0x00007fff82c66000 	C:\Users\Animesh\.jdks\corretto-17.0.5\bin\jsvml.dll
0x00007ffff6ee0000 - 0x00007ffff7698000 	C:\windows\System32\SHELL32.dll
0x00007ffff31c0000 - 0x00007ffff3a25000 	C:\windows\SYSTEM32\windows.storage.dll
0x00007ffff7710000 - 0x00007ffff7a88000 	C:\windows\System32\combase.dll
0x00007ffff3050000 - 0x00007ffff31b6000 	C:\windows\SYSTEM32\wintypes.dll
0x00007ffff6cd0000 - 0x00007ffff6dba000 	C:\windows\System32\SHCORE.dll
0x00007ffff6b60000 - 0x00007ffff6bbd000 	C:\windows\System32\shlwapi.dll
0x00007ffff5040000 - 0x00007ffff5061000 	C:\windows\SYSTEM32\profapi.dll
0x00007fffd5820000 - 0x00007fffd5839000 	C:\Users\Animesh\.jdks\corretto-17.0.5\bin\net.dll
0x00007fffef4e0000 - 0x00007fffef5f4000 	C:\windows\SYSTEM32\WINHTTP.dll
0x00007ffff4680000 - 0x00007ffff46e7000 	C:\windows\system32\mswsock.dll
0x00007fff8caa0000 - 0x00007fff8cab5000 	C:\Users\Animesh\.jdks\corretto-17.0.5\bin\nio.dll
0x00007fff8ca80000 - 0x00007fff8ca98000 	C:\Users\Animesh\.jdks\corretto-17.0.5\bin\zip.dll
0x000000005b5d0000 - 0x000000005b5f9000 	C:\Users\Animesh\AppData\Local\Temp\libgdxAnimesh\e787ab0a\gdx64.dll
0x00007fffc67a0000 - 0x00007fffc6815000 	C:\Users\Animesh\AppData\Local\Temp\lwjglAnimesh\3.3.1-build-7\lwjgl.dll
0x00007fff734d0000 - 0x00007fff73729000 	C:\Users\Animesh\AppData\Local\Temp\lwjglAnimesh\3.3.1-build-7\jemalloc.dll
0x00007fffc6730000 - 0x00007fffc6791000 	C:\Users\Animesh\AppData\Local\Temp\lwjglAnimesh\3.3.1-build-7\glfw.dll
0x00007fffc5860000 - 0x00007fffc58a5000 	C:\windows\SYSTEM32\dinput8.dll
0x00007fffd6d20000 - 0x00007fffd6d31000 	C:\windows\SYSTEM32\xinput1_4.dll
0x00007ffff4de0000 - 0x00007ffff4e0c000 	C:\windows\SYSTEM32\DEVOBJ.dll
0x00007ffff4e10000 - 0x00007ffff4e5c000 	C:\windows\SYSTEM32\cfgmgr32.dll
0x00007ffff2730000 - 0x00007ffff275f000 	C:\windows\SYSTEM32\dwmapi.dll
0x00007fffc8130000 - 0x00007fffc82f9000 	C:\windows\SYSTEM32\inputhost.dll
0x00007ffff1140000 - 0x00007ffff1271000 	C:\windows\SYSTEM32\CoreMessaging.dll
0x00007ffff22c0000 - 0x00007ffff236c000 	C:\windows\system32\uxtheme.dll
0x00007ffff62e0000 - 0x00007ffff63fd000 	C:\windows\System32\MSCTF.dll
0x00007ffff4980000 - 0x00007ffff498c000 	C:\windows\SYSTEM32\CRYPTBASE.DLL
0x00007fffad4f0000 - 0x00007fffad687000 	C:\Users\Animesh\AppData\Local\Temp\lwjglAnimesh\3.3.1-build-7\OpenAL.dll
0x00007ffff5ac0000 - 0x00007ffff5c5a000 	C:\windows\System32\ole32.dll
0x00007ffff7a90000 - 0x00007ffff7b45000 	C:\windows\System32\clbcatq.dll
0x00007fffdb120000 - 0x00007fffdb1bb000 	C:\windows\System32\MMDevApi.dll
0x00007fffd91d0000 - 0x00007fffd93a3000 	C:\windows\SYSTEM32\AUDIOSES.DLL
0x00007ffff2660000 - 0x00007ffff2675000 	C:\windows\SYSTEM32\resourcepolicyclient.dll
0x00007ffff4bc0000 - 0x00007ffff4c0d000 	C:\windows\SYSTEM32\powrprof.dll
0x00007ffff4ab0000 - 0x00007ffff4ac3000 	C:\windows\SYSTEM32\UMPDC.dll
0x00007fffafe10000 - 0x00007fffaff11000 	C:\windows\SYSTEM32\opengl32.dll
0x00007fffc5690000 - 0x00007fffc56bd000 	C:\windows\SYSTEM32\GLU32.dll
0x00007ffff24e0000 - 0x00007ffff2518000 	C:\windows\SYSTEM32\dxcore.dll
0x00007fffec3d0000 - 0x00007fffec414000 	C:\windows\SYSTEM32\directxdatabasehelper.dll
0x00007ffff41f0000 - 0x00007ffff4224000 	C:\windows\SYSTEM32\ntmarta.dll
0x00007fffeb410000 - 0x00007fffeb544000 	C:\Windows\System32\AppXDeploymentClient.dll
0x00007fffeafa0000 - 0x00007fffeb190000 	C:\windows\SYSTEM32\urlmon.dll
0x00007fffea510000 - 0x00007fffea7c3000 	C:\Windows\System32\iertutil.dll
0x00007fffebb50000 - 0x00007fffebb78000 	C:\Windows\System32\srvcli.dll
0x00007ffff3e00000 - 0x00007ffff3e0c000 	C:\Windows\System32\netutils.dll
0x00007fff721d0000 - 0x00007fff731c3000 	C:\windows\System32\DriverStore\FileRepository\iigd_dch.inf_amd64_e0c7097ece46fc6a\igxelpicd64.dll
0x00007ffff2540000 - 0x00007ffff2633000 	C:\windows\system32\dxgi.dll
0x00007fff71d70000 - 0x00007fff721c3000 	C:\windows\System32\DriverStore\FileRepository\iigd_dch.inf_amd64_e0c7097ece46fc6a\igdml64.dll
0x00007fffe6910000 - 0x00007fffe6cd7000 	C:\windows\System32\DriverStore\FileRepository\iigd_dch.inf_amd64_e0c7097ece46fc6a\igdgmm64.dll
0x00007fffe31e0000 - 0x00007fffe67f2000 	C:\windows\System32\DriverStore\FileRepository\iigd_dch.inf_amd64_e0c7097ece46fc6a\igc64.dll
0x00007fffc5240000 - 0x00007fffc529d000 	C:\Users\Animesh\AppData\Local\Temp\lwjglAnimesh\3.3.1-build-7\lwjgl_opengl.dll
0x00007fffcf850000 - 0x00007fffcf97d000 	C:\windows\SYSTEM32\textinputframework.dll
0x00007ffff5d50000 - 0x00007ffff5e26000 	C:\windows\System32\OLEAUT32.dll
0x00007fffeb740000 - 0x00007fffebaad000 	C:\windows\SYSTEM32\CoreUIComponents.dll
0x00007fffd6c10000 - 0x00007fffd6c79000 	C:\windows\system32\Oleacc.dll
0x000000005b570000 - 0x000000005b5ca000 	C:\Users\Animesh\AppData\Local\Temp\libgdxAnimesh\888fe1bc\gdx-box2d64.dll

dbghelp: loaded successfully - version: 4.0.5 - missing functions: none
symbol engine: initialized successfully - sym options: 0x614 - pdb path: .;C:\Users\Animesh\.jdks\corretto-17.0.5\bin;C:\windows\SYSTEM32;C:\windows\WinSxS\amd64_microsoft.windows.common-controls_6595b64144ccf1df_6.0.22000.120_none_9d947278b86cc467;C:\Users\Animesh\.jdks\corretto-17.0.5\bin\server;C:\Users\Animesh\AppData\Local\Temp\libgdxAnimesh\e787ab0a;C:\Users\Animesh\AppData\Local\Temp\lwjglAnimesh\3.3.1-build-7;C:\windows\System32\DriverStore\FileRepository\iigd_dch.inf_amd64_e0c7097ece46fc6a;C:\Users\Animesh\AppData\Local\Temp\libgdxAnimesh\888fe1bc

VM Arguments:
jvm_args: -Dfile.encoding=windows-1252 -Duser.country=IN -Duser.language=en -Duser.variant 
java_command: com.approject.tankstars.DesktopLauncher
java_class_path (initial): C:\Users\Animesh\Downloads\test\desktop\build\classes\java\main;C:\Users\Animesh\Downloads\test\desktop\build\resources\main;C:\Users\Animesh\.gradle\caches\modules-2\files-2.1\com.badlogicgames.gdx\gdx-backend-lwjgl3\1.11.0\58a96db4cd349be4292d547856aa1e1c5f065f4e\gdx-backend-lwjgl3-1.11.0.jar;C:\Users\Animesh\.gradle\caches\modules-2\files-2.1\com.badlogicgames.gdx\gdx-platform\1.11.0\697fb13eada6d3c6ca648c9788692b0159add126\gdx-platform-1.11.0-natives-desktop.jar;C:\Users\Animesh\.gradle\caches\modules-2\files-2.1\com.badlogicgames.gdx\gdx-bullet-platform\1.11.0\2c067b913a306ba26d482075297538ad91cdb88b\gdx-bullet-platform-1.11.0-natives-desktop.jar;C:\Users\Animesh\.gradle\caches\modules-2\files-2.1\com.badlogicgames.gdx\gdx-box2d-platform\1.11.0\62ff9baa1e57a11e0a4428a38c9660bf9f312fdc\gdx-box2d-platform-1.11.0-natives-desktop.jar;C:\Users\Animesh\.gradle\caches\modules-2\files-2.1\com.badlogicgames.gdx\gdx-freetype-platform\1.11.0\420e2c2c206843a0d51010be28a141a1eb946235\gdx-freetype-platform-1.11.0-natives-desktop.jar;C:\Users\Animesh\.gradle\caches\modules-2\files-2.1\com.badlogicgames.gdx-controllers\gdx-controllers-desktop\2.2.1\cb3430c32468a090eca54d494d16bb3764ceff9b\gdx-controllers-desktop-2.2.1.jar;C:\Users\Animesh\Downloads\test\core\build\libs\core-1.0.jar;C:\Users\Animesh\.gradle\caches\modules-2\files-2.1\com.badlogicgames.gdx-controllers\gdx-controllers-core\2.2.1\8aca0dc002a8daf6a6d28f49c44e25189dd93fd7\gdx-controllers-core-2.2.1.jar;C:\Users\Animesh\.gradle\caches\modules-2\files-2.1\com.badlogicgames.gdx\gdx-bullet\1.11.0\1eb83845fa655e7e8ab6bbb979d28b0502ad3302\gdx-bullet-1.11.0.jar;C:\Users\Animesh\.gradle\caches\modules-2\files-2.1\com.badlogicgames.box2dlights\box2dlights\1.5\6902dbcd250c95a27973aa24a147a95b3828d348\box2dlights-1.5.jar;C:\Users\Animesh\.gradle\caches\modules-2\files-2.1\com.badlogicgames.gdx\gdx-box2d\1.11.0\ad4facee800dd945d6d6e93dea2936bc135b5f\gdx-box2d-1.11.0.jar;C:\Users\Animesh\.gradle\cach
Launcher Type: SUN_STANDARD

[Global flags]
     intx CICompilerCount                          = 4                                         {product} {ergonomic}
     uint ConcGCThreads                            = 3                                         {product} {ergonomic}
     uint G1ConcRefinementThreads                  = 10                                        {product} {ergonomic}
   size_t G1HeapRegionSize                         = 2097152                                   {product} {ergonomic}
    uintx GCDrainStackTargetSize                   = 64                                        {product} {ergonomic}
   size_t InitialHeapSize                          = 264241152                                 {product} {ergonomic}
   size_t MarkStackSize                            = 4194304                                   {product} {ergonomic}
   size_t MaxHeapSize                              = 4219469824                                {product} {ergonomic}
   size_t MaxNewSize                               = 2531262464                                {product} {ergonomic}
   size_t MinHeapDeltaBytes                        = 2097152                                   {product} {ergonomic}
   size_t MinHeapSize                              = 8388608                                   {product} {ergonomic}
    uintx NonNMethodCodeHeapSize                   = 5839372                                {pd product} {ergonomic}
    uintx NonProfiledCodeHeapSize                  = 122909434                              {pd product} {ergonomic}
    uintx ProfiledCodeHeapSize                     = 122909434                              {pd product} {ergonomic}
    uintx ReservedCodeCacheSize                    = 251658240                              {pd product} {ergonomic}
     bool SegmentedCodeCache                       = true                                      {product} {ergonomic}
   size_t SoftMaxHeapSize                          = 4219469824                             {manageable} {ergonomic}
     bool UseCompressedClassPointers               = true                           {product lp64_product} {ergonomic}
     bool UseCompressedOops                        = true                           {product lp64_product} {ergonomic}
     bool UseG1GC                                  = true                                      {product} {ergonomic}
     bool UseLargePagesIndividualAllocation        = false                                  {pd product} {ergonomic}

Logging:
Log output configuration:
 #0: stdout all=warning uptime,level,tags
 #1: stderr all=off uptime,level,tags

Environment Variables:
JAVA_HOME=C:\Program Files\Java\jdk-19
PATH=C:\Program Files\Common Files\Oracle\Java\javapath;C:\Program Files (x86)\Common Files\Oracle\Java\javapath;C:\windows\system32;C:\windows;C:\windows\System32\Wbem;C:\windows\System32\WindowsPowerShell\v1.0\;C:\windows\System32\OpenSSH\;C:\Program Files\MATLAB\R2022b\runtime\win64;C:\Program Files\MATLAB\R2022b\bin;C:\Users\Animesh\AppData\Local\Microsoft\WindowsApps;C:\Program Files\JetBrains\IntelliJ IDEA 2022.2.3\bin;;C:\Users\Animesh\AppData\Local\Programs\Microsoft VS Code\bin;C:\Program Files\apache-maven-3.8.6\bin;
USERNAME=Animesh
OS=Windows_NT
PROCESSOR_IDENTIFIER=Intel64 Family 6 Model 154 Stepping 4, GenuineIntel
TMP=C:\Users\Animesh\AppData\Local\Temp
TEMP=C:\Users\Animesh\AppData\Local\Temp



---------------  S Y S T E M  ---------------

OS:
 Windows 11 , 64 bit Build 22000 (10.0.22000.1219)
OS uptime: 14 days 23:42 hours
Hyper-V role detected

CPU: total 12 (initial active 12) (6 cores per cpu, 2 threads per core) family 6 model 154 stepping 4 microcode 0x423, cx8, cmov, fxsr, ht, mmx, 3dnowpref, sse, sse2, sse3, ssse3, sse4.1, sse4.2, popcnt, lzcnt, tsc, tscinvbit, avx, avx2, aes, erms, clmul, bmi1, bmi2, adx, sha, fma, vzeroupper, clflush, clflushopt, clwb, hv

Memory: 4k page, system-wide physical 16095M (5616M free)
TotalPageFile size 18527M (AvailPageFile size 4439M)
current process WorkingSet (physical memory assigned to process): 1074M, peak: 1076M
current process commit charge ("private bytes"): 1292M, peak: 1295M

vm_info: OpenJDK 64-Bit Server VM (17.0.5+8-LTS) for windows-amd64 JRE (17.0.5+8-LTS), built on Oct 13 2022 05:18:14 by "Administrator" with MS VC++ 15.9 (VS2017)

END.
