#
# A fatal error has been detected by the Java Runtime Environment:
#
#  EXCEPTION_ACCESS_VIOLATION (0xc0000005) at pc=0x000000005b58f7f0, pid=22048, tid=18052
#
# JRE version: OpenJDK Runtime Environment Corretto-17.0.5.8.1 (17.0.5+8) (build 17.0.5+8-LTS)
# Java VM: OpenJDK 64-Bit Server VM Corretto-17.0.5.8.1 (17.0.5+8-LTS, mixed mode, sharing, tiered, compressed oops, compressed class ptrs, g1 gc, windows-amd64)
# Problematic frame:
# C  [gdx-box2d64.dll+0x1f7f0]
#
# No core dump will be written. Minidumps are not enabled by default on client versions of Windows
#
# If you would like to submit a bug report, please visit:
#   https://github.com/corretto/corretto-17/issues/
# The crash happened outside the Java Virtual Machine in native code.
# See problematic frame for where to report the bug.
#

---------------  S U M M A R Y ------------

Command Line: -Dfile.encoding=windows-1252 -Duser.country=IN -Duser.language=en -Duser.variant com.approject.tankstars.DesktopLauncher

Host: 12th Gen Intel(R) Core(TM) i7-1255U, 12 cores, 15G,  Windows 11 , 64 bit Build 22000 (10.0.22000.1219)
Time: Wed Dec 21 19:21:27 2022 India Standard Time elapsed time: 10.405851 seconds (0d 0h 0m 10s)

---------------  T H R E A D  ---------------

Current thread (0x000001c979994890):  JavaThread "main" [_thread_in_native, id=18052, stack(0x0000003a12500000,0x0000003a12600000)]

Stack: [0x0000003a12500000,0x0000003a12600000],  sp=0x0000003a125fe8d0,  free space=1018k
Native frames: (J=compiled Java code, j=interpreted, Vv=VM code, C=native code)
C  [gdx-box2d64.dll+0x1f7f0]

Java frames: (J=compiled Java code, j=interpreted, Vv=VM code)
j  com.badlogic.gdx.physics.box2d.World.jniStep(JFII)V+0
j  com.badlogic.gdx.physics.box2d.World.step(FII)V+8
j  com.approject.tankstars.screens.Gamescreen.updatemine(F)V+19
j  com.approject.tankstars.screens.Gamescreen.render(F)V+2
j  com.badlogic.gdx.Game.render()V+19
j  com.approject.tankstars.MytankstarsGame.render()V+1
j  com.badlogic.gdx.backends.lwjgl3.Lwjgl3Window.update()Z+187
j  com.badlogic.gdx.backends.lwjgl3.Lwjgl3Application.loop()V+111
j  com.badlogic.gdx.backends.lwjgl3.Lwjgl3Application.<init>(Lcom/badlogic/gdx/ApplicationListener;Lcom/badlogic/gdx/backends/lwjgl3/Lwjgl3ApplicationConfiguration;)V+269
j  com.approject.tankstars.DesktopLauncher.main([Ljava/lang/String;)V+47
v  ~StubRoutines::call_stub

siginfo: EXCEPTION_ACCESS_VIOLATION (0xc0000005), reading address 0x000001c92677e590


Register to memory mapping:

RIP=0x000000005b58f7f0 gdx-box2d64.dll
RAX=0x000001c92674d000 points into unknown readable memory: 0x000001c92678a5a0 | a0 a5 78 26 c9 01 00 00
RBX=0x000001c92677e560 is an unknown value
RCX=0x000001c92677e560 is an unknown value
RDX=0x000001c9267662a0 points into unknown readable memory: 0x0000000000000002 | 02 00 00 00 00 00 00 00
RSP=0x0000003a125fe8d0 is pointing into the stack for thread: 0x000001c979994890
RBP=0x0000003a125fe9a0 is pointing into the stack for thread: 0x000001c979994890
RSI=0x000001c92677a67c points into unknown readable memory: 00 40 ce 44
RDI=0x000001c9267662a0 points into unknown readable memory: 0x0000000000000002 | 02 00 00 00 00 00 00 00
R8 =0x0000003a125fe9a0 is pointing into the stack for thread: 0x000001c979994890
R9 =0x000001c92677a67c points into unknown readable memory: 00 40 ce 44
R10=0x0000000000000025 is an unknown value
R11=0x0000073d5a93185c is an unknown value
R12=0x0 is NULL
R13=0x000001c92677a5b0 points into unknown readable memory: 0x0000002700000002 | 02 00 00 00 27 00 00 00
R14=0x000001c92674d100 points into unknown readable memory: 0x000001c92677a5b0 | b0 a5 77 26 c9 01 00 00
R15=0x000001c92674d080 points into unknown readable memory: 0x000001c92677a5b0 | b0 a5 77 26 c9 01 00 00


Registers:
RAX=0x000001c92674d000, RBX=0x000001c92677e560, RCX=0x000001c92677e560, RDX=0x000001c9267662a0
RSP=0x0000003a125fe8d0, RBP=0x0000003a125fe9a0, RSI=0x000001c92677a67c, RDI=0x000001c9267662a0
R8 =0x0000003a125fe9a0, R9 =0x000001c92677a67c, R10=0x0000000000000025, R11=0x0000073d5a93185c
R12=0x0000000000000000, R13=0x000001c92677a5b0, R14=0x000001c92674d100, R15=0x000001c92674d080
RIP=0x000000005b58f7f0, EFLAGS=0x0000000000010202

Top of Stack: (sp=0x0000003a125fe8d0)
0x0000003a125fe8d0:   0000010100000002 000001c92674d0d0
0x0000003a125fe8e0:   0000000000000000 3ff0000000000000
0x0000003a125fe8f0:   0000000000000000 000001c926740000
0x0000003a125fe900:   8000000000000000 0000000000003fff
0x0000003a125fe910:   000000003f800000 0000000000000000
0x0000003a125fe920:   0000000000000000 0000000000000000
0x0000003a125fe930:   0000000000000000 000001c92677e560
0x0000003a125fe940:   000001c92677a67c 000001c9267662a0
0x0000003a125fe950:   0000003a125fe9a0 0000000000000000
0x0000003a125fe960:   000001c92677a5b0 000001c92674d100
0x0000003a125fe970:   000001c92674d080 000000005b58ea71
0x0000003a125fe980:   0000000080000000 0000000000000000
0x0000003a125fe990:   000001c92674d000 000000005b57c4ec
0x0000003a125fe9a0:   43407f4b44ce4000 3f80000000000000
0x0000003a125fe9b0:   000000003f800000 0000000000000000
0x0000003a125fe9c0:   0000000000000000 0000000000000000 

Instructions: (pc=0x000000005b58f7f0)
0x000000005b58f6f0:   89 cf 49 89 d4 4d 89 c5 85 c0 75 64 48 8b 4f 18
0x000000005b58f700:   48 8b 01 ff 50 18 85 c0 89 47 30 7e 42 31 ed 31
0x000000005b58f710:   f6 48 8b 4f 18 48 8b 5f 28 41 89 f1 4d 89 e8 48
0x000000005b58f720:   8b 01 48 01 eb 48 83 c5 20 48 89 da ff 50 30 49
0x000000005b58f730:   89 d8 48 89 da 4c 89 e1 e8 53 3f fe ff 89 73 18
0x000000005b58f740:   83 c6 01 39 77 30 89 43 1c 48 89 7b 10 7f c2 48
0x000000005b58f750:   83 c4 28 5b 5e 5f 5d 41 5c 41 5d c3 0f 1f 40 00
0x000000005b58f760:   48 8d 15 f9 19 02 00 48 8d 0d 52 1a 02 00 41 b8
0x000000005b58f770:   7c 00 00 00 e8 17 44 01 00 eb 81 90 0f 1f 40 00
0x000000005b58f780:   41 54 55 57 56 53 48 83 ec 20 8b 41 30 48 89 cd
0x000000005b58f790:   49 89 d4 85 c0 7e 2e 31 f6 31 db 0f 1f 44 00 00
0x000000005b58f7a0:   48 8b 7d 28 4c 89 e1 83 c3 01 48 01 f7 48 83 c6
0x000000005b58f7b0:   20 8b 57 1c e8 17 3e fe ff 39 5d 30 c7 47 1c ff
0x000000005b58f7c0:   ff ff ff 7f db c7 45 30 00 00 00 00 48 83 c4 20
0x000000005b58f7d0:   5b 5e 5f 5d 41 5c c3 90 0f 1f 84 00 00 00 00 00
0x000000005b58f7e0:   41 57 41 56 41 55 41 54 55 57 56 53 48 83 ec 68
0x000000005b58f7f0:   8b 41 30 48 89 ce 49 89 d4 4c 89 c7 4c 89 cd 85
0x000000005b58f800:   c0 0f 8e d2 00 00 00 48 8d 44 24 38 4c 8d 7c 24
0x000000005b58f810:   40 4c 8d 74 24 50 45 31 ed 48 89 44 24 28 48 8b
0x000000005b58f820:   4e 18 4c 89 eb 49 89 f8 48 c1 e3 05 48 03 5e 28
0x000000005b58f830:   4c 89 fa 4c 8b 11 44 8b 4b 18 41 ff 52 30 48 8b
0x000000005b58f840:   4e 18 44 8b 4b 18 49 89 e8 4c 89 f2 4c 8b 11 41
0x000000005b58f850:   ff 52 30 f3 0f 10 44 24 44 8b 53 1c f3 0f 10 4c
0x000000005b58f860:   24 40 f3 0f 5d 44 24 54 f3 0f 5d 4c 24 50 4c 8b
0x000000005b58f870:   4c 24 28 49 89 d8 4c 89 e1 f3 0f 11 43 04 f3 0f
0x000000005b58f880:   11 0b f3 0f 10 44 24 4c f3 0f 10 4c 24 48 f3 0f
0x000000005b58f890:   5f 44 24 5c f3 0f 5f 4c 24 58 f3 0f 11 43 0c f3
0x000000005b58f8a0:   0f 11 4b 08 f3 0f 10 45 04 f3 0f 10 4d 00 f3 0f
0x000000005b58f8b0:   5c 47 04 f3 0f 5c 0f f3 0f 11 44 24 3c f3 0f 11
0x000000005b58f8c0:   4c 24 38 e8 f8 3d fe ff 41 8d 55 01 49 83 c5 01
0x000000005b58f8d0:   39 56 30 0f 8f 45 ff ff ff 48 83 c4 68 5b 5e 5f
0x000000005b58f8e0:   5d 41 5c 41 5d 41 5e 41 5f c3 66 0f 1f 44 00 00 


Stack slot to memory mapping:
stack at sp + 0 slots: 0x0000010100000002 is an unknown value
stack at sp + 1 slots: 0x000001c92674d0d0 points into unknown readable memory: 0x43404aac44229556 | 56 95 22 44 ac 4a 40 43
stack at sp + 2 slots: 0x0 is NULL
stack at sp + 3 slots: 0x3ff0000000000000 is an unknown value
stack at sp + 4 slots: 0x0 is NULL
stack at sp + 5 slots: 0x000001c926740000 points into unknown readable memory: 0x0000000000000000 | 00 00 00 00 00 00 00 00
stack at sp + 6 slots: 0x8000000000000000 is an unknown value
stack at sp + 7 slots: 0x0000000000003fff is an unknown value


---------------  P R O C E S S  ---------------

Threads class SMR info:
_java_thread_list=0x000001c91db88190, length=13, elements={
0x000001c979994890, 0x000001c91cc03210, 0x000001c91cc03dc0, 0x000001c91cc18100,
0x000001c91cc1aec0, 0x000001c91cc1d880, 0x000001c91cc1e230, 0x000001c91d8080a0,
0x000001c91d80aaa0, 0x000001c91d80c3b0, 0x000001c91d9412a0, 0x000001c91d945150,
0x000001c91fc4f3f0
}

Java Threads: ( => current thread )
=>0x000001c979994890 JavaThread "main" [_thread_in_native, id=18052, stack(0x0000003a12500000,0x0000003a12600000)]
  0x000001c91cc03210 JavaThread "Reference Handler" daemon [_thread_blocked, id=22156, stack(0x0000003a12c00000,0x0000003a12d00000)]
  0x000001c91cc03dc0 JavaThread "Finalizer" daemon [_thread_blocked, id=15504, stack(0x0000003a12d00000,0x0000003a12e00000)]
  0x000001c91cc18100 JavaThread "Signal Dispatcher" daemon [_thread_blocked, id=23708, stack(0x0000003a12e00000,0x0000003a12f00000)]
  0x000001c91cc1aec0 JavaThread "Attach Listener" daemon [_thread_blocked, id=8208, stack(0x0000003a12f00000,0x0000003a13000000)]
  0x000001c91cc1d880 JavaThread "Service Thread" daemon [_thread_blocked, id=11296, stack(0x0000003a13000000,0x0000003a13100000)]
  0x000001c91cc1e230 JavaThread "Monitor Deflation Thread" daemon [_thread_blocked, id=1596, stack(0x0000003a13100000,0x0000003a13200000)]
  0x000001c91d8080a0 JavaThread "C2 CompilerThread0" daemon [_thread_blocked, id=21076, stack(0x0000003a13200000,0x0000003a13300000)]
  0x000001c91d80aaa0 JavaThread "C1 CompilerThread0" daemon [_thread_blocked, id=15376, stack(0x0000003a13300000,0x0000003a13400000)]
  0x000001c91d80c3b0 JavaThread "Sweeper thread" daemon [_thread_blocked, id=12148, stack(0x0000003a13400000,0x0000003a13500000)]
  0x000001c91d9412a0 JavaThread "Notification Thread" daemon [_thread_blocked, id=23988, stack(0x0000003a13500000,0x0000003a13600000)]
  0x000001c91d945150 JavaThread "Common-Cleaner" daemon [_thread_blocked, id=14608, stack(0x0000003a13700000,0x0000003a13800000)]
  0x000001c91fc4f3f0 JavaThread "LWJGL3 Timer" daemon [_thread_blocked, id=11376, stack(0x0000003a14200000,0x0000003a14300000)]

Other Threads:
  0x000001c91cbfb750 VMThread "VM Thread" [stack: 0x0000003a12b00000,0x0000003a12c00000] [id=13232]
  0x000001c979a1c360 WatcherThread [stack: 0x0000003a13600000,0x0000003a13700000] [id=11776]
  0x000001c979a021d0 GCTaskThread "GC Thread#0" [stack: 0x0000003a12600000,0x0000003a12700000] [id=18232]
  0x000001c91fc77040 GCTaskThread "GC Thread#1" [stack: 0x0000003a13800000,0x0000003a13900000] [id=6740]
  0x000001c91fc772f0 GCTaskThread "GC Thread#2" [stack: 0x0000003a14100000,0x0000003a14200000] [id=24156]
  0x000001c91fc6f300 GCTaskThread "GC Thread#3" [stack: 0x0000003a14300000,0x0000003a14400000] [id=23928]
  0x000001c91fc6f5b0 GCTaskThread "GC Thread#4" [stack: 0x0000003a14400000,0x0000003a14500000] [id=4584]
  0x000001c91fc05f20 GCTaskThread "GC Thread#5" [stack: 0x0000003a14500000,0x0000003a14600000] [id=1044]
  0x000001c91fc061d0 GCTaskThread "GC Thread#6" [stack: 0x0000003a14600000,0x0000003a14700000] [id=14184]
  0x000001c91fc06480 GCTaskThread "GC Thread#7" [stack: 0x0000003a14700000,0x0000003a14800000] [id=11276]
  0x000001c91fc06730 GCTaskThread "GC Thread#8" [stack: 0x0000003a14800000,0x0000003a14900000] [id=22568]
  0x000001c91fc70550 GCTaskThread "GC Thread#9" [stack: 0x0000003a14a00000,0x0000003a14b00000] [id=21372]
  0x000001c979a12df0 ConcurrentGCThread "G1 Main Marker" [stack: 0x0000003a12700000,0x0000003a12800000] [id=10572]
  0x000001c979a14040 ConcurrentGCThread "G1 Conc#0" [stack: 0x0000003a12800000,0x0000003a12900000] [id=11380]
  0x000001c91cab44f0 ConcurrentGCThread "G1 Refine#0" [stack: 0x0000003a12900000,0x0000003a12a00000] [id=18800]
  0x000001c91cab4f10 ConcurrentGCThread "G1 Service" [stack: 0x0000003a12a00000,0x0000003a12b00000] [id=6456]

Threads with active compile tasks:

VM state: not at safepoint (normal execution)

VM Mutex/Monitor currently owned by a thread: None

Heap address: 0x0000000704800000, size: 4024 MB, Compressed Oops mode: Zero based, Oop shift amount: 3

CDS archive(s) mapped at: [0x0000000800000000-0x0000000800bc0000-0x0000000800bc0000), size 12320768, SharedBaseAddress: 0x0000000800000000, ArchiveRelocationMode: 0.
Compressed class space mapped at: 0x0000000800c00000-0x0000000840c00000, reserved size: 1073741824
Narrow klass base: 0x0000000800000000, Narrow klass shift: 0, Narrow klass range: 0x100000000

GC Precious Log:
 CPUs: 12 total, 12 available
 Memory: 16095M
 Large Page Support: Disabled
 NUMA Support: Disabled
 Compressed Oops: Enabled (Zero based)
 Heap Region Size: 2M
 Heap Min Capacity: 8M
 Heap Initial Capacity: 252M
 Heap Max Capacity: 4024M
 Pre-touch: Disabled
 Parallel Workers: 10
 Concurrent Workers: 3
 Concurrent Refinement Workers: 10
 Periodic GC: Disabled

Heap:
 garbage-first heap   total 258048K, used 55842K [0x0000000704800000, 0x0000000800000000)
  region size 2048K, 30 young (61440K), 2 survivors (4096K)
 Metaspace       used 6605K, committed 6784K, reserved 1064960K
  class space    used 499K, committed 576K, reserved 1048576K

Heap Regions: E=young(eden), S=young(survivor), O=old, HS=humongous(starts), HC=humongous(continues), CS=collection set, F=free, OA=open archive, CA=closed archive, TAMS=top-at-mark-start (previous, next)
|   0|0x0000000704800000, 0x0000000704800000, 0x0000000704a00000|  0%| F|  |TAMS 0x0000000704800000, 0x0000000704800000| Untracked 
|   1|0x0000000704a00000, 0x0000000704a00000, 0x0000000704c00000|  0%| F|  |TAMS 0x0000000704a00000, 0x0000000704a00000| Untracked 
|   2|0x0000000704c00000, 0x0000000704c00000, 0x0000000704e00000|  0%| F|  |TAMS 0x0000000704c00000, 0x0000000704c00000| Untracked 
|   3|0x0000000704e00000, 0x0000000704e00000, 0x0000000705000000|  0%| F|  |TAMS 0x0000000704e00000, 0x0000000704e00000| Untracked 
|   4|0x0000000705000000, 0x0000000705000000, 0x0000000705200000|  0%| F|  |TAMS 0x0000000705000000, 0x0000000705000000| Untracked 
|   5|0x0000000705200000, 0x0000000705200000, 0x0000000705400000|  0%| F|  |TAMS 0x0000000705200000, 0x0000000705200000| Untracked 
|   6|0x0000000705400000, 0x0000000705400000, 0x0000000705600000|  0%| F|  |TAMS 0x0000000705400000, 0x0000000705400000| Untracked 
|   7|0x0000000705600000, 0x0000000705600000, 0x0000000705800000|  0%| F|  |TAMS 0x0000000705600000, 0x0000000705600000| Untracked 
|   8|0x0000000705800000, 0x0000000705800000, 0x0000000705a00000|  0%| F|  |TAMS 0x0000000705800000, 0x0000000705800000| Untracked 
|   9|0x0000000705a00000, 0x0000000705a00000, 0x0000000705c00000|  0%| F|  |TAMS 0x0000000705a00000, 0x0000000705a00000| Untracked 
|  10|0x0000000705c00000, 0x0000000705c00000, 0x0000000705e00000|  0%| F|  |TAMS 0x0000000705c00000, 0x0000000705c00000| Untracked 
|  11|0x0000000705e00000, 0x0000000705e00000, 0x0000000706000000|  0%| F|  |TAMS 0x0000000705e00000, 0x0000000705e00000| Untracked 
|  12|0x0000000706000000, 0x0000000706000000, 0x0000000706200000|  0%| F|  |TAMS 0x0000000706000000, 0x0000000706000000| Untracked 
|  13|0x0000000706200000, 0x0000000706200000, 0x0000000706400000|  0%| F|  |TAMS 0x0000000706200000, 0x0000000706200000| Untracked 
|  14|0x0000000706400000, 0x0000000706400000, 0x0000000706600000|  0%| F|  |TAMS 0x0000000706400000, 0x0000000706400000| Untracked 
|  15|0x0000000706600000, 0x0000000706600000, 0x0000000706800000|  0%| F|  |TAMS 0x0000000706600000, 0x0000000706600000| Untracked 
|  16|0x0000000706800000, 0x0000000706800000, 0x0000000706a00000|  0%| F|  |TAMS 0x0000000706800000, 0x0000000706800000| Untracked 
|  17|0x0000000706a00000, 0x0000000706a00000, 0x0000000706c00000|  0%| F|  |TAMS 0x0000000706a00000, 0x0000000706a00000| Untracked 
|  18|0x0000000706c00000, 0x0000000706c00000, 0x0000000706e00000|  0%| F|  |TAMS 0x0000000706c00000, 0x0000000706c00000| Untracked 
|  19|0x0000000706e00000, 0x0000000706e00000, 0x0000000707000000|  0%| F|  |TAMS 0x0000000706e00000, 0x0000000706e00000| Untracked 
|  20|0x0000000707000000, 0x0000000707000000, 0x0000000707200000|  0%| F|  |TAMS 0x0000000707000000, 0x0000000707000000| Untracked 
|  21|0x0000000707200000, 0x0000000707200000, 0x0000000707400000|  0%| F|  |TAMS 0x0000000707200000, 0x0000000707200000| Untracked 
|  22|0x0000000707400000, 0x0000000707400000, 0x0000000707600000|  0%| F|  |TAMS 0x0000000707400000, 0x0000000707400000| Untracked 
|  23|0x0000000707600000, 0x0000000707600000, 0x0000000707800000|  0%| F|  |TAMS 0x0000000707600000, 0x0000000707600000| Untracked 
|  24|0x0000000707800000, 0x0000000707800000, 0x0000000707a00000|  0%| F|  |TAMS 0x0000000707800000, 0x0000000707800000| Untracked 
|  25|0x0000000707a00000, 0x0000000707a00000, 0x0000000707c00000|  0%| F|  |TAMS 0x0000000707a00000, 0x0000000707a00000| Untracked 
|  26|0x0000000707c00000, 0x0000000707c00000, 0x0000000707e00000|  0%| F|  |TAMS 0x0000000707c00000, 0x0000000707c00000| Untracked 
|  27|0x0000000707e00000, 0x0000000707e00000, 0x0000000708000000|  0%| F|  |TAMS 0x0000000707e00000, 0x0000000707e00000| Untracked 
|  28|0x0000000708000000, 0x0000000708000000, 0x0000000708200000|  0%| F|  |TAMS 0x0000000708000000, 0x0000000708000000| Untracked 
|  29|0x0000000708200000, 0x0000000708200000, 0x0000000708400000|  0%| F|  |TAMS 0x0000000708200000, 0x0000000708200000| Untracked 
|  30|0x0000000708400000, 0x0000000708400000, 0x0000000708600000|  0%| F|  |TAMS 0x0000000708400000, 0x0000000708400000| Untracked 
|  31|0x0000000708600000, 0x0000000708600000, 0x0000000708800000|  0%| F|  |TAMS 0x0000000708600000, 0x0000000708600000| Untracked 
|  32|0x0000000708800000, 0x0000000708800000, 0x0000000708a00000|  0%| F|  |TAMS 0x0000000708800000, 0x0000000708800000| Untracked 
|  33|0x0000000708a00000, 0x0000000708a00000, 0x0000000708c00000|  0%| F|  |TAMS 0x0000000708a00000, 0x0000000708a00000| Untracked 
|  34|0x0000000708c00000, 0x0000000708c00000, 0x0000000708e00000|  0%| F|  |TAMS 0x0000000708c00000, 0x0000000708c00000| Untracked 
|  35|0x0000000708e00000, 0x0000000708e00000, 0x0000000709000000|  0%| F|  |TAMS 0x0000000708e00000, 0x0000000708e00000| Untracked 
|  36|0x0000000709000000, 0x0000000709000000, 0x0000000709200000|  0%| F|  |TAMS 0x0000000709000000, 0x0000000709000000| Untracked 
|  37|0x0000000709200000, 0x0000000709200000, 0x0000000709400000|  0%| F|  |TAMS 0x0000000709200000, 0x0000000709200000| Untracked 
|  38|0x0000000709400000, 0x0000000709400000, 0x0000000709600000|  0%| F|  |TAMS 0x0000000709400000, 0x0000000709400000| Untracked 
|  39|0x0000000709600000, 0x0000000709600000, 0x0000000709800000|  0%| F|  |TAMS 0x0000000709600000, 0x0000000709600000| Untracked 
|  40|0x0000000709800000, 0x0000000709800000, 0x0000000709a00000|  0%| F|  |TAMS 0x0000000709800000, 0x0000000709800000| Untracked 
|  41|0x0000000709a00000, 0x0000000709a00000, 0x0000000709c00000|  0%| F|  |TAMS 0x0000000709a00000, 0x0000000709a00000| Untracked 
|  42|0x0000000709c00000, 0x0000000709c00000, 0x0000000709e00000|  0%| F|  |TAMS 0x0000000709c00000, 0x0000000709c00000| Untracked 
|  43|0x0000000709e00000, 0x0000000709e00000, 0x000000070a000000|  0%| F|  |TAMS 0x0000000709e00000, 0x0000000709e00000| Untracked 
|  44|0x000000070a000000, 0x000000070a000000, 0x000000070a200000|  0%| F|  |TAMS 0x000000070a000000, 0x000000070a000000| Untracked 
|  45|0x000000070a200000, 0x000000070a200000, 0x000000070a400000|  0%| F|  |TAMS 0x000000070a200000, 0x000000070a200000| Untracked 
|  46|0x000000070a400000, 0x000000070a400000, 0x000000070a600000|  0%| F|  |TAMS 0x000000070a400000, 0x000000070a400000| Untracked 
|  47|0x000000070a600000, 0x000000070a600000, 0x000000070a800000|  0%| F|  |TAMS 0x000000070a600000, 0x000000070a600000| Untracked 
|  48|0x000000070a800000, 0x000000070a800000, 0x000000070aa00000|  0%| F|  |TAMS 0x000000070a800000, 0x000000070a800000| Untracked 
|  49|0x000000070aa00000, 0x000000070aa00000, 0x000000070ac00000|  0%| F|  |TAMS 0x000000070aa00000, 0x000000070aa00000| Untracked 
|  50|0x000000070ac00000, 0x000000070ac00000, 0x000000070ae00000|  0%| F|  |TAMS 0x000000070ac00000, 0x000000070ac00000| Untracked 
|  51|0x000000070ae00000, 0x000000070ae00000, 0x000000070b000000|  0%| F|  |TAMS 0x000000070ae00000, 0x000000070ae00000| Untracked 
|  52|0x000000070b000000, 0x000000070b000000, 0x000000070b200000|  0%| F|  |TAMS 0x000000070b000000, 0x000000070b000000| Untracked 
|  53|0x000000070b200000, 0x000000070b200000, 0x000000070b400000|  0%| F|  |TAMS 0x000000070b200000, 0x000000070b200000| Untracked 
|  54|0x000000070b400000, 0x000000070b400000, 0x000000070b600000|  0%| F|  |TAMS 0x000000070b400000, 0x000000070b400000| Untracked 
|  55|0x000000070b600000, 0x000000070b600000, 0x000000070b800000|  0%| F|  |TAMS 0x000000070b600000, 0x000000070b600000| Untracked 
|  56|0x000000070b800000, 0x000000070b800000, 0x000000070ba00000|  0%| F|  |TAMS 0x000000070b800000, 0x000000070b800000| Untracked 
|  57|0x000000070ba00000, 0x000000070ba00000, 0x000000070bc00000|  0%| F|  |TAMS 0x000000070ba00000, 0x000000070ba00000| Untracked 
|  58|0x000000070bc00000, 0x000000070bc00000, 0x000000070be00000|  0%| F|  |TAMS 0x000000070bc00000, 0x000000070bc00000| Untracked 
|  59|0x000000070be00000, 0x000000070be00000, 0x000000070c000000|  0%| F|  |TAMS 0x000000070be00000, 0x000000070be00000| Untracked 
|  60|0x000000070c000000, 0x000000070c000000, 0x000000070c200000|  0%| F|  |TAMS 0x000000070c000000, 0x000000070c000000| Untracked 
|  61|0x000000070c200000, 0x000000070c200000, 0x000000070c400000|  0%| F|  |TAMS 0x000000070c200000, 0x000000070c200000| Untracked 
|  62|0x000000070c400000, 0x000000070c400000, 0x000000070c600000|  0%| F|  |TAMS 0x000000070c400000, 0x000000070c400000| Untracked 
|  63|0x000000070c600000, 0x000000070c600000, 0x000000070c800000|  0%| F|  |TAMS 0x000000070c600000, 0x000000070c600000| Untracked 
|  64|0x000000070c800000, 0x000000070c800000, 0x000000070ca00000|  0%| F|  |TAMS 0x000000070c800000, 0x000000070c800000| Untracked 
|  65|0x000000070ca00000, 0x000000070ca00000, 0x000000070cc00000|  0%| F|  |TAMS 0x000000070ca00000, 0x000000070ca00000| Untracked 
|  66|0x000000070cc00000, 0x000000070cc00000, 0x000000070ce00000|  0%| F|  |TAMS 0x000000070cc00000, 0x000000070cc00000| Untracked 
|  67|0x000000070ce00000, 0x000000070ce00000, 0x000000070d000000|  0%| F|  |TAMS 0x000000070ce00000, 0x000000070ce00000| Untracked 
|  68|0x000000070d000000, 0x000000070d000000, 0x000000070d200000|  0%| F|  |TAMS 0x000000070d000000, 0x000000070d000000| Untracked 
|  69|0x000000070d200000, 0x000000070d200000, 0x000000070d400000|  0%| F|  |TAMS 0x000000070d200000, 0x000000070d200000| Untracked 
|  70|0x000000070d400000, 0x000000070d400000, 0x000000070d600000|  0%| F|  |TAMS 0x000000070d400000, 0x000000070d400000| Untracked 
|  71|0x000000070d600000, 0x000000070d600000, 0x000000070d800000|  0%| F|  |TAMS 0x000000070d600000, 0x000000070d600000| Untracked 
|  72|0x000000070d800000, 0x000000070d800000, 0x000000070da00000|  0%| F|  |TAMS 0x000000070d800000, 0x000000070d800000| Untracked 
|  73|0x000000070da00000, 0x000000070da00000, 0x000000070dc00000|  0%| F|  |TAMS 0x000000070da00000, 0x000000070da00000| Untracked 
|  74|0x000000070dc00000, 0x000000070dc00000, 0x000000070de00000|  0%| F|  |TAMS 0x000000070dc00000, 0x000000070dc00000| Untracked 
|  75|0x000000070de00000, 0x000000070de00000, 0x000000070e000000|  0%| F|  |TAMS 0x000000070de00000, 0x000000070de00000| Untracked 
|  76|0x000000070e000000, 0x000000070e000000, 0x000000070e200000|  0%| F|  |TAMS 0x000000070e000000, 0x000000070e000000| Untracked 
|  77|0x000000070e200000, 0x000000070e200000, 0x000000070e400000|  0%| F|  |TAMS 0x000000070e200000, 0x000000070e200000| Untracked 
|  78|0x000000070e400000, 0x000000070e400000, 0x000000070e600000|  0%| F|  |TAMS 0x000000070e400000, 0x000000070e400000| Untracked 
|  79|0x000000070e600000, 0x000000070e600000, 0x000000070e800000|  0%| F|  |TAMS 0x000000070e600000, 0x000000070e600000| Untracked 
|  80|0x000000070e800000, 0x000000070e800000, 0x000000070ea00000|  0%| F|  |TAMS 0x000000070e800000, 0x000000070e800000| Untracked 
|  81|0x000000070ea00000, 0x000000070ea00000, 0x000000070ec00000|  0%| F|  |TAMS 0x000000070ea00000, 0x000000070ea00000| Untracked 
|  82|0x000000070ec00000, 0x000000070ec00000, 0x000000070ee00000|  0%| F|  |TAMS 0x000000070ec00000, 0x000000070ec00000| Untracked 
|  83|0x000000070ee00000, 0x000000070ee00000, 0x000000070f000000|  0%| F|  |TAMS 0x000000070ee00000, 0x000000070ee00000| Untracked 
|  84|0x000000070f000000, 0x000000070f000000, 0x000000070f200000|  0%| F|  |TAMS 0x000000070f000000, 0x000000070f000000| Untracked 
|  85|0x000000070f200000, 0x000000070f200000, 0x000000070f400000|  0%| F|  |TAMS 0x000000070f200000, 0x000000070f200000| Untracked 
|  86|0x000000070f400000, 0x000000070f400000, 0x000000070f600000|  0%| F|  |TAMS 0x000000070f400000, 0x000000070f400000| Untracked 
|  87|0x000000070f600000, 0x000000070f600000, 0x000000070f800000|  0%| F|  |TAMS 0x000000070f600000, 0x000000070f600000| Untracked 
|  88|0x000000070f800000, 0x000000070f800000, 0x000000070fa00000|  0%| F|  |TAMS 0x000000070f800000, 0x000000070f800000| Untracked 
|  89|0x000000070fa00000, 0x000000070fa00000, 0x000000070fc00000|  0%| F|  |TAMS 0x000000070fa00000, 0x000000070fa00000| Untracked 
|  90|0x000000070fc00000, 0x000000070fc00000, 0x000000070fe00000|  0%| F|  |TAMS 0x000000070fc00000, 0x000000070fc00000| Untracked 
|  91|0x000000070fe00000, 0x000000070fe00000, 0x0000000710000000|  0%| F|  |TAMS 0x000000070fe00000, 0x000000070fe00000| Untracked 
|  92|0x0000000710000000, 0x0000000710000000, 0x0000000710200000|  0%| F|  |TAMS 0x0000000710000000, 0x0000000710000000| Untracked 
|  93|0x0000000710200000, 0x0000000710200000, 0x0000000710400000|  0%| F|  |TAMS 0x0000000710200000, 0x0000000710200000| Untracked 
|  94|0x0000000710400000, 0x0000000710400000, 0x0000000710600000|  0%| F|  |TAMS 0x0000000710400000, 0x0000000710400000| Untracked 
|  95|0x0000000710600000, 0x0000000710600000, 0x0000000710800000|  0%| F|  |TAMS 0x0000000710600000, 0x0000000710600000| Untracked 
|  96|0x0000000710800000, 0x0000000710a00000, 0x0000000710a00000|100%| E|  |TAMS 0x0000000710800000, 0x0000000710800000| Complete 
|  97|0x0000000710a00000, 0x0000000710c00000, 0x0000000710c00000|100%| E|CS|TAMS 0x0000000710a00000, 0x0000000710a00000| Complete 
|  98|0x0000000710c00000, 0x0000000710e00000, 0x0000000710e00000|100%| E|CS|TAMS 0x0000000710c00000, 0x0000000710c00000| Complete 
|  99|0x0000000710e00000, 0x0000000711000000, 0x0000000711000000|100%| E|CS|TAMS 0x0000000710e00000, 0x0000000710e00000| Complete 
| 100|0x0000000711000000, 0x0000000711200000, 0x0000000711200000|100%| E|CS|TAMS 0x0000000711000000, 0x0000000711000000| Complete 
| 101|0x0000000711200000, 0x0000000711400000, 0x0000000711400000|100%| E|  |TAMS 0x0000000711200000, 0x0000000711200000| Complete 
| 102|0x0000000711400000, 0x0000000711600000, 0x0000000711600000|100%| E|CS|TAMS 0x0000000711400000, 0x0000000711400000| Complete 
| 103|0x0000000711600000, 0x0000000711800000, 0x0000000711800000|100%| E|CS|TAMS 0x0000000711600000, 0x0000000711600000| Complete 
| 104|0x0000000711800000, 0x0000000711a00000, 0x0000000711a00000|100%| E|CS|TAMS 0x0000000711800000, 0x0000000711800000| Complete 
| 105|0x0000000711a00000, 0x0000000711c00000, 0x0000000711c00000|100%| E|CS|TAMS 0x0000000711a00000, 0x0000000711a00000| Complete 
| 106|0x0000000711c00000, 0x0000000711c88b60, 0x0000000711e00000| 26%| S|CS|TAMS 0x0000000711c00000, 0x0000000711c00000| Complete 
| 107|0x0000000711e00000, 0x0000000712000000, 0x0000000712000000|100%| S|CS|TAMS 0x0000000711e00000, 0x0000000711e00000| Complete 
| 108|0x0000000712000000, 0x0000000712200000, 0x0000000712200000|100%| E|CS|TAMS 0x0000000712000000, 0x0000000712000000| Complete 
| 109|0x0000000712200000, 0x0000000712400000, 0x0000000712400000|100%| E|CS|TAMS 0x0000000712200000, 0x0000000712200000| Complete 
| 110|0x0000000712400000, 0x0000000712600000, 0x0000000712600000|100%| E|CS|TAMS 0x0000000712400000, 0x0000000712400000| Complete 
| 111|0x0000000712600000, 0x0000000712800000, 0x0000000712800000|100%| E|CS|TAMS 0x0000000712600000, 0x0000000712600000| Complete 
| 112|0x0000000712800000, 0x0000000712a00000, 0x0000000712a00000|100%| E|CS|TAMS 0x0000000712800000, 0x0000000712800000| Complete 
| 113|0x0000000712a00000, 0x0000000712c00000, 0x0000000712c00000|100%| E|CS|TAMS 0x0000000712a00000, 0x0000000712a00000| Complete 
| 114|0x0000000712c00000, 0x0000000712e00000, 0x0000000712e00000|100%| E|CS|TAMS 0x0000000712c00000, 0x0000000712c00000| Complete 
| 115|0x0000000712e00000, 0x0000000713000000, 0x0000000713000000|100%| E|CS|TAMS 0x0000000712e00000, 0x0000000712e00000| Complete 
| 116|0x0000000713000000, 0x0000000713200000, 0x0000000713200000|100%| E|CS|TAMS 0x0000000713000000, 0x0000000713000000| Complete 
| 117|0x0000000713200000, 0x0000000713400000, 0x0000000713400000|100%| E|CS|TAMS 0x0000000713200000, 0x0000000713200000| Complete 
| 118|0x0000000713400000, 0x0000000713600000, 0x0000000713600000|100%| E|CS|TAMS 0x0000000713400000, 0x0000000713400000| Complete 
| 119|0x0000000713600000, 0x0000000713800000, 0x0000000713800000|100%| E|CS|TAMS 0x0000000713600000, 0x0000000713600000| Complete 
| 120|0x0000000713800000, 0x0000000713a00000, 0x0000000713a00000|100%| E|CS|TAMS 0x0000000713800000, 0x0000000713800000| Complete 
| 121|0x0000000713a00000, 0x0000000713c00000, 0x0000000713c00000|100%| E|CS|TAMS 0x0000000713a00000, 0x0000000713a00000| Complete 
| 122|0x0000000713c00000, 0x0000000713e00000, 0x0000000713e00000|100%| E|CS|TAMS 0x0000000713c00000, 0x0000000713c00000| Complete 
| 123|0x0000000713e00000, 0x0000000714000000, 0x0000000714000000|100%| E|CS|TAMS 0x0000000713e00000, 0x0000000713e00000| Complete 
| 124|0x0000000714000000, 0x0000000714200000, 0x0000000714200000|100%| E|CS|TAMS 0x0000000714000000, 0x0000000714000000| Complete 
| 125|0x0000000714200000, 0x0000000714400000, 0x0000000714400000|100%| E|CS|TAMS 0x0000000714200000, 0x0000000714200000| Complete 

Card table byte_map: [0x000001c97a790000,0x000001c97af70000] _byte_map_base: 0x000001c976f6c000

Marking Bits (Prev, Next): (CMBitMap*) 0x000001c979a027e0, (CMBitMap*) 0x000001c979a02820
 Prev Bits: [0x000001c97b750000, 0x000001c97f630000)
 Next Bits: [0x000001c916a30000, 0x000001c91a910000)

Polling page: 0x000001c977920000

Metaspace:

Usage:
  Non-class:      5.96 MB used.
      Class:    499.84 KB used.
       Both:      6.45 MB used.

Virtual space:
  Non-class space:       16.00 MB reserved,       6.06 MB ( 38%) committed,  2 nodes.
      Class space:        1.00 GB reserved,     576.00 KB ( <1%) committed,  1 nodes.
             Both:        1.02 GB reserved,       6.63 MB ( <1%) committed. 

Chunk freelists:
   Non-Class:  3.52 MB
       Class:  3.34 MB
        Both:  6.86 MB

MaxMetaspaceSize: unlimited
CompressedClassSpaceSize: 1.00 GB
Initial GC threshold: 21.00 MB
Current GC threshold: 21.00 MB
CDS: on
MetaspaceReclaimPolicy: balanced
 - commit_granule_bytes: 65536.
 - commit_granule_words: 8192.
 - virtual_space_node_default_size: 1048576.
 - enlarge_chunks_in_place: 1.
 - new_chunks_are_fully_committed: 0.
 - uncommit_free_chunks: 1.
 - use_allocation_guard: 0.
 - handle_deallocations: 1.


Internal statistics:

num_allocs_failed_limit: 0.
num_arena_births: 66.
num_arena_deaths: 0.
num_vsnodes_births: 3.
num_vsnodes_deaths: 0.
num_space_committed: 104.
num_space_uncommitted: 0.
num_chunks_returned_to_freelist: 0.
num_chunks_taken_from_freelist: 256.
num_chunk_merges: 0.
num_chunk_splits: 188.
num_chunks_enlarged: 158.
num_purges: 0.
num_inconsistent_stats: 0.

CodeHeap 'non-profiled nmethods': size=120000Kb used=516Kb max_used=516Kb free=119484Kb
 bounds [0x000001c90f500000, 0x000001c90f770000, 0x000001c916a30000]
CodeHeap 'profiled nmethods': size=120000Kb used=2284Kb max_used=2284Kb free=117715Kb
 bounds [0x000001c907fd0000, 0x000001c908240000, 0x000001c90f500000]
CodeHeap 'non-nmethods': size=5760Kb used=1630Kb max_used=1645Kb free=4129Kb
 bounds [0x000001c907a30000, 0x000001c907ca0000, 0x000001c907fd0000]
 total_blobs=2379 nmethods=1314 adapters=978
 compilation: enabled
              stopped_count=0, restarted_count=0
 full_count=0

Compilation events (20 events):
Event: 10.212 Thread 0x000001c91d80aaa0 nmethod 1303 0x000001c908207c90 code [0x000001c908207e40, 0x000001c9082080f8]
Event: 10.212 Thread 0x000001c91d80aaa0 1304       1       com.badlogic.gdx.graphics.g2d.Sprite::getWidth (5 bytes)
Event: 10.213 Thread 0x000001c91d80aaa0 nmethod 1304 0x000001c90f57ff10 code [0x000001c90f5800a0, 0x000001c90f580178]
Event: 10.213 Thread 0x000001c91d80aaa0 1306       3       com.badlogic.gdx.utils.LongMap$Values::next (78 bytes)
Event: 10.213 Thread 0x000001c91d80aaa0 nmethod 1306 0x000001c908208210 code [0x000001c908208400, 0x000001c9082088a8]
Event: 10.213 Thread 0x000001c91d80aaa0 1305       1       com.badlogic.gdx.graphics.g2d.Sprite::getHeight (5 bytes)
Event: 10.213 Thread 0x000001c91d80aaa0 nmethod 1305 0x000001c90f580210 code [0x000001c90f5803a0, 0x000001c90f580478]
Event: 10.213 Thread 0x000001c91d80aaa0 1307       1       com.badlogic.gdx.graphics.glutils.ShapeRenderer$ShapeType::getGlType (5 bytes)
Event: 10.213 Thread 0x000001c91d80aaa0 nmethod 1307 0x000001c90f580510 code [0x000001c90f5806a0, 0x000001c90f580778]
Event: 10.213 Thread 0x000001c91d80aaa0 1308       1       com.badlogic.gdx.utils.viewport.Viewport::getCamera (5 bytes)
Event: 10.213 Thread 0x000001c91d80aaa0 nmethod 1308 0x000001c90f580810 code [0x000001c90f5809a0, 0x000001c90f580a78]
Event: 10.388 Thread 0x000001c91d80aaa0 1309       3       org.lwjgl.system.MemoryUtil::memAddress (13 bytes)
Event: 10.389 Thread 0x000001c91d80aaa0 nmethod 1309 0x000001c908208a90 code [0x000001c908208c40, 0x000001c908208e68]
Event: 10.389 Thread 0x000001c91d80aaa0 1310       3       java.util.concurrent.ConcurrentHashMap::sumCount (60 bytes)
Event: 10.389 Thread 0x000001c91d80aaa0 nmethod 1310 0x000001c908208f90 code [0x000001c908209140, 0x000001c9082093b8]
Event: 10.389 Thread 0x000001c91d80aaa0 1311       3       java.lang.ClassLoader::getDefinedPackage (36 bytes)
Event: 10.390 Thread 0x000001c91d80aaa0 nmethod 1311 0x000001c908209510 code [0x000001c908209700, 0x000001c908209c88]
Event: 10.390 Thread 0x000001c91d80aaa0 1312       3       java.security.SecureClassLoader::getProtectionDomain (38 bytes)
Event: 10.390 Thread 0x000001c91d80aaa0 nmethod 1312 0x000001c908209e90 code [0x000001c90820a080, 0x000001c90820a728]
Event: 10.390 Thread 0x000001c91d80aaa0 1313       3       java.lang.ClassLoader::defineClass (43 bytes)

GC Heap History (4 events):
Event: 2.480 GC heap before
{Heap before GC invocations=0 (full 0):
 garbage-first heap   total 258048K, used 22528K [0x0000000704800000, 0x0000000800000000)
  region size 2048K, 11 young (22528K), 0 survivors (0K)
 Metaspace       used 5071K, committed 5184K, reserved 1056768K
  class space    used 344K, committed 384K, reserved 1048576K
}
Event: 2.485 GC heap after
{Heap after GC invocations=1 (full 0):
 garbage-first heap   total 258048K, used 2639K [0x0000000704800000, 0x0000000800000000)
  region size 2048K, 2 young (4096K), 2 survivors (4096K)
 Metaspace       used 5071K, committed 5184K, reserved 1056768K
  class space    used 344K, committed 384K, reserved 1048576K
}
Event: 3.800 GC heap before
{Heap before GC invocations=1 (full 0):
 garbage-first heap   total 258048K, used 33359K [0x0000000704800000, 0x0000000800000000)
  region size 2048K, 18 young (36864K), 2 survivors (4096K)
 Metaspace       used 5085K, committed 5184K, reserved 1056768K
  class space    used 344K, committed 384K, reserved 1048576K
}
Event: 3.802 GC heap after
{Heap after GC invocations=2 (full 0):
 garbage-first heap   total 258048K, used 2594K [0x0000000704800000, 0x0000000800000000)
  region size 2048K, 2 young (4096K), 2 survivors (4096K)
 Metaspace       used 5085K, committed 5184K, reserved 1056768K
  class space    used 344K, committed 384K, reserved 1048576K
}

Dll operation events (10 events):
Event: 0.006 Loaded shared library C:\Users\Animesh\.jdks\corretto-17.0.5\bin\java.dll
Event: 0.017 Loaded shared library C:\Users\Animesh\.jdks\corretto-17.0.5\bin\jsvml.dll
Event: 0.072 Loaded shared library C:\Users\Animesh\.jdks\corretto-17.0.5\bin\net.dll
Event: 0.073 Loaded shared library C:\Users\Animesh\.jdks\corretto-17.0.5\bin\nio.dll
Event: 0.076 Loaded shared library C:\Users\Animesh\.jdks\corretto-17.0.5\bin\zip.dll
Event: 0.141 Loaded shared library C:\Users\Animesh\.jdks\corretto-17.0.5\bin\jimage.dll
Event: 0.148 Loaded shared library C:\Users\Animesh\AppData\Local\Temp\libgdxAnimesh\e787ab0a\gdx64.dll
Event: 0.216 Loaded shared library C:\Users\Animesh\AppData\Local\Temp\lwjglAnimesh\3.3.1-build-7\lwjgl.dll
Event: 1.451 Loaded shared library C:\Users\Animesh\AppData\Local\Temp\lwjglAnimesh\3.3.1-build-7\lwjgl_opengl.dll
Event: 9.154 Loaded shared library C:\Users\Animesh\AppData\Local\Temp\libgdxAnimesh\888fe1bc\gdx-box2d64.dll

Deoptimization events (20 events):
Event: 7.072 Thread 0x000001c91fcccdc0 DEOPT PACKING pc=0x000001c90f55e31c sp=0x0000003a149ff0c0
Event: 7.072 Thread 0x000001c91fcccdc0 DEOPT UNPACKING pc=0x000001c907a823a3 sp=0x0000003a149ff070 mode 2
Event: 8.241 Thread 0x000001c91fccd290 DEOPT PACKING pc=0x000001c908184055 sp=0x0000003a149ff1f0
Event: 8.241 Thread 0x000001c91fccd290 DEOPT UNPACKING pc=0x000001c907a82b43 sp=0x0000003a149fe6d8 mode 0
Event: 8.912 Thread 0x000001c91fccc8f0 DEOPT PACKING pc=0x000001c9081a19ba sp=0x0000003a149ff4f0
Event: 8.912 Thread 0x000001c91fccc8f0 DEOPT UNPACKING pc=0x000001c907a82b43 sp=0x0000003a149fe9f8 mode 0
Event: 9.006 Thread 0x000001c91fccc8f0 Uncommon trap: trap_request=0xffffff45 fr.pc=0x000001c90f56259c relative=0x000000000000009c
Event: 9.006 Thread 0x000001c91fccc8f0 Uncommon trap: reason=unstable_if action=reinterpret pc=0x000001c90f56259c method=com.approject.tankstars.screens.Choosemap$3.run()V @ 13 c2
Event: 9.006 Thread 0x000001c91fccc8f0 DEOPT PACKING pc=0x000001c90f56259c sp=0x0000003a149ff550
Event: 9.006 Thread 0x000001c91fccc8f0 DEOPT UNPACKING pc=0x000001c907a823a3 sp=0x0000003a149ff500 mode 2
Event: 9.126 Thread 0x000001c979994890 Uncommon trap: trap_request=0xffffff45 fr.pc=0x000001c90f564824 relative=0x0000000000000104
Event: 9.126 Thread 0x000001c979994890 Uncommon trap: reason=unstable_if action=reinterpret pc=0x000001c90f564824 method=com.badlogic.gdx.utils.IntMap.locateKey(I)I @ 29 c2
Event: 9.126 Thread 0x000001c979994890 DEOPT PACKING pc=0x000001c90f564824 sp=0x0000003a125fe990
Event: 9.126 Thread 0x000001c979994890 DEOPT UNPACKING pc=0x000001c907a823a3 sp=0x0000003a125fe920 mode 2
Event: 9.183 Thread 0x000001c979994890 Uncommon trap: trap_request=0xffffff45 fr.pc=0x000001c90f56050c relative=0x000000000000008c
Event: 9.183 Thread 0x000001c979994890 Uncommon trap: reason=unstable_if action=reinterpret pc=0x000001c90f56050c method=java.lang.Math.round(F)I @ 36 c2
Event: 9.183 Thread 0x000001c979994890 DEOPT PACKING pc=0x000001c90f56050c sp=0x0000003a125fe5b0
Event: 9.183 Thread 0x000001c979994890 DEOPT UNPACKING pc=0x000001c907a823a3 sp=0x0000003a125fe528 mode 2
Event: 9.480 Thread 0x000001c979994890 DEOPT PACKING pc=0x000001c9081e7cf4 sp=0x0000003a125fec10
Event: 9.480 Thread 0x000001c979994890 DEOPT UNPACKING pc=0x000001c907a82b43 sp=0x0000003a125fe038 mode 0

Classes unloaded (0 events):
No events

Classes redefined (0 events):
No events

Internal exceptions (20 events):
Event: 0.190 Thread 0x000001c979994890 Exception <a 'java/lang/NoSuchMethodError'{0x0000000713ccabb8}: 'int java.lang.invoke.DirectMethodHandle$Holder.invokeSpecial(java.lang.Object, java.lang.Object, java.lang.Object)'> (0x0000000713ccabb8) 
thrown [s\src\hotspot\share\interpreter\linkResolver.cpp, line 759]
Event: 0.214 Thread 0x000001c979994890 Exception <a 'sun/nio/fs/WindowsException'{0x0000000713d681a0}> (0x0000000713d681a0) 
thrown [s\src\hotspot\share\prims\jni.cpp, line 516]
Event: 0.214 Thread 0x000001c979994890 Exception <a 'sun/nio/fs/WindowsException'{0x0000000713d68700}> (0x0000000713d68700) 
thrown [s\src\hotspot\share\prims\jni.cpp, line 516]
Event: 0.222 Thread 0x000001c979994890 Exception <a 'java/lang/NoSuchMethodError'{0x0000000713da8f88}: 'int java.lang.invoke.DirectMethodHandle$Holder.invokeStaticInit(java.lang.Object, java.lang.Object, int, long)'> (0x0000000713da8f88) 
thrown [s\src\hotspot\share\interpreter\linkResolver.cpp, line 759]
Event: 0.222 Thread 0x000001c979994890 Exception <a 'java/lang/NoSuchMethodError'{0x0000000713dae850}: 'java.lang.Object java.lang.invoke.DirectMethodHandle$Holder.newInvokeSpecial(java.lang.Object, java.lang.Object, int)'> (0x0000000713dae850) 
thrown [s\src\hotspot\share\interpreter\linkResolver.cpp, line 759]
Event: 0.225 Thread 0x000001c979994890 Exception <a 'java/lang/NoSuchMethodError'{0x0000000713dc35c0}: 'int java.lang.invoke.DirectMethodHandle$Holder.invokeStaticInit(java.lang.Object, java.lang.Object, long, long)'> (0x0000000713dc35c0) 
thrown [s\src\hotspot\share\interpreter\linkResolver.cpp, line 759]
Event: 0.225 Thread 0x000001c979994890 Exception <a 'java/lang/NoSuchMethodError'{0x0000000713dc96d0}: 'java.lang.Object java.lang.invoke.DirectMethodHandle$Holder.newInvokeSpecial(java.lang.Object, java.lang.Object, long)'> (0x0000000713dc96d0) 
thrown [s\src\hotspot\share\interpreter\linkResolver.cpp, line 759]
Event: 0.226 Thread 0x000001c979994890 Exception <a 'java/lang/NoSuchMethodError'{0x0000000713dcd718}: 'java.lang.Object java.lang.invoke.Invokers$Holder.linkToTargetMethod(java.lang.Object, long, java.lang.Object)'> (0x0000000713dcd718) 
thrown [s\src\hotspot\share\interpreter\linkResolver.cpp, line 759]
Event: 0.226 Thread 0x000001c979994890 Exception <a 'java/lang/NoSuchMethodError'{0x0000000713dd4e30}: 'int java.lang.invoke.DirectMethodHandle$Holder.invokeStaticInit(java.lang.Object, java.lang.Object, java.lang.Object, long)'> (0x0000000713dd4e30) 
thrown [s\src\hotspot\share\interpreter\linkResolver.cpp, line 759]
Event: 0.241 Thread 0x000001c979994890 Exception <a 'sun/nio/fs/WindowsException'{0x0000000713a8b208}> (0x0000000713a8b208) 
thrown [s\src\hotspot\share\prims\jni.cpp, line 516]
Event: 0.241 Thread 0x000001c979994890 Exception <a 'sun/nio/fs/WindowsException'{0x0000000713a8b5b8}> (0x0000000713a8b5b8) 
thrown [s\src\hotspot\share\prims\jni.cpp, line 516]
Event: 0.261 Thread 0x000001c979994890 Exception <a 'sun/nio/fs/WindowsException'{0x0000000713b4a6c8}> (0x0000000713b4a6c8) 
thrown [s\src\hotspot\share\prims\jni.cpp, line 516]
Event: 0.261 Thread 0x000001c979994890 Exception <a 'sun/nio/fs/WindowsException'{0x0000000713b4aa48}> (0x0000000713b4aa48) 
thrown [s\src\hotspot\share\prims\jni.cpp, line 516]
Event: 0.288 Thread 0x000001c979994890 Exception <a 'sun/nio/fs/WindowsException'{0x0000000713bdd170}> (0x0000000713bdd170) 
thrown [s\src\hotspot\share\prims\jni.cpp, line 516]
Event: 0.288 Thread 0x000001c979994890 Exception <a 'sun/nio/fs/WindowsException'{0x0000000713bdd500}> (0x0000000713bdd500) 
thrown [s\src\hotspot\share\prims\jni.cpp, line 516]
Event: 1.362 Thread 0x000001c979994890 Exception <a 'java/lang/NoSuchMethodError'{0x0000000713829190}: 'java.lang.Object java.lang.invoke.DirectMethodHandle$Holder.newInvokeSpecial(java.lang.Object, long)'> (0x0000000713829190) 
thrown [s\src\hotspot\share\interpreter\linkResolver.cpp, line 759]
Event: 1.450 Thread 0x000001c979994890 Exception <a 'sun/nio/fs/WindowsException'{0x00000007139519b8}> (0x00000007139519b8) 
thrown [s\src\hotspot\share\prims\jni.cpp, line 516]
Event: 1.450 Thread 0x000001c979994890 Exception <a 'sun/nio/fs/WindowsException'{0x0000000713951d78}> (0x0000000713951d78) 
thrown [s\src\hotspot\share\prims\jni.cpp, line 516]
Event: 1.452 Thread 0x000001c979994890 Exception <a 'sun/nio/fs/WindowsException'{0x0000000713961028}> (0x0000000713961028) 
thrown [s\src\hotspot\share\prims\jni.cpp, line 516]
Event: 1.452 Thread 0x000001c979994890 Exception <a 'sun/nio/fs/WindowsException'{0x0000000713961320}> (0x0000000713961320) 
thrown [s\src\hotspot\share\prims\jni.cpp, line 516]

VM Operations (20 events):
Event: 4.803 Executing VM operation: Cleanup
Event: 4.803 Executing VM operation: Cleanup done
Event: 6.803 Executing VM operation: Cleanup
Event: 6.803 Executing VM operation: Cleanup done
Event: 7.804 Executing VM operation: Cleanup
Event: 7.804 Executing VM operation: Cleanup done
Event: 9.024 Executing VM operation: HandshakeAllThreads
Event: 9.024 Executing VM operation: HandshakeAllThreads done
Event: 9.024 Executing VM operation: Cleanup
Event: 9.024 Executing VM operation: Cleanup done
Event: 9.059 Executing VM operation: HandshakeAllThreads
Event: 9.059 Executing VM operation: HandshakeAllThreads done
Event: 9.169 Executing VM operation: HandshakeAllThreads
Event: 9.169 Executing VM operation: HandshakeAllThreads done
Event: 9.170 Executing VM operation: HandshakeAllThreads
Event: 9.170 Executing VM operation: HandshakeAllThreads done
Event: 9.175 Executing VM operation: HandshakeAllThreads
Event: 9.175 Executing VM operation: HandshakeAllThreads done
Event: 10.175 Executing VM operation: Cleanup
Event: 10.175 Executing VM operation: Cleanup done

Events (20 events):
Event: 6.972 Thread 0x000001c91fcccdc0 Thread added: 0x000001c91fcccdc0
Event: 7.072 Thread 0x000001c91fcccdc0 Thread exited: 0x000001c91fcccdc0
Event: 8.237 Thread 0x000001c91fccd290 Thread added: 0x000001c91fccd290
Event: 8.338 Thread 0x000001c91fccd290 Thread exited: 0x000001c91fccd290
Event: 8.906 Thread 0x000001c91fccc8f0 Thread added: 0x000001c91fccc8f0
Event: 9.006 Thread 0x000001c91fccc8f0 Thread exited: 0x000001c91fccc8f0
Event: 9.016 loading class java/util/zip/GZIPInputStream
Event: 9.016 loading class java/util/zip/GZIPInputStream done
Event: 9.018 loading class java/lang/NegativeArraySizeException
Event: 9.018 loading class java/lang/NegativeArraySizeException done
Event: 9.018 loading class java/lang/StringIndexOutOfBoundsException
Event: 9.018 loading class java/lang/StringIndexOutOfBoundsException done
Event: 9.018 loading class java/lang/ArrayIndexOutOfBoundsException
Event: 9.018 loading class java/lang/ArrayIndexOutOfBoundsException done
Event: 9.120 Thread 0x000001c91fcd1020 Thread added: 0x000001c91fcd1020
Event: 9.120 Thread 0x000001c91fe05560 Thread added: 0x000001c91fe05560
Event: 9.122 loading class jdk/internal/math/FloatingDecimal$ASCIIToBinaryBuffer
Event: 9.122 loading class jdk/internal/math/FloatingDecimal$ASCIIToBinaryBuffer done
Event: 9.413 Thread 0x000001c91fe05560 Thread exited: 0x000001c91fe05560
Event: 9.530 Thread 0x000001c91fcd1020 Thread exited: 0x000001c91fcd1020


Dynamic libraries:
0x00007ff6d2930000 - 0x00007ff6d293d000 	C:\Users\Animesh\.jdks\corretto-17.0.5\bin\java.exe
0x00007ffff7c40000 - 0x00007ffff7e49000 	C:\windows\SYSTEM32\ntdll.dll
0x00007ffff6470000 - 0x00007ffff652e000 	C:\windows\System32\KERNEL32.DLL
0x00007ffff54e0000 - 0x00007ffff585b000 	C:\windows\System32\KERNELBASE.dll
0x00007ffff5110000 - 0x00007ffff5221000 	C:\windows\System32\ucrtbase.dll
0x00007fffd5860000 - 0x00007fffd5875000 	C:\Users\Animesh\.jdks\corretto-17.0.5\bin\VCRUNTIME140.dll
0x00007fffd5ab0000 - 0x00007fffd5ac7000 	C:\Users\Animesh\.jdks\corretto-17.0.5\bin\jli.dll
0x00007ffff6130000 - 0x00007ffff62dd000 	C:\windows\System32\USER32.dll
0x00007fffd4ce0000 - 0x00007fffd4f85000 	C:\windows\WinSxS\amd64_microsoft.windows.common-controls_6595b64144ccf1df_6.0.22000.120_none_9d947278b86cc467\COMCTL32.dll
0x00007ffff5a90000 - 0x00007ffff5ab6000 	C:\windows\System32\win32u.dll
0x00007ffff6080000 - 0x00007ffff6123000 	C:\windows\System32\msvcrt.dll
0x00007ffff6bc0000 - 0x00007ffff6be9000 	C:\windows\System32\GDI32.dll
0x00007ffff5340000 - 0x00007ffff5458000 	C:\windows\System32\gdi32full.dll
0x00007ffff5230000 - 0x00007ffff52cd000 	C:\windows\System32\msvcp_win.dll
0x00007ffff6c10000 - 0x00007ffff6c42000 	C:\windows\System32\IMM32.DLL
0x00007fffc5a90000 - 0x00007fffc5b2b000 	C:\Users\Animesh\.jdks\corretto-17.0.5\bin\msvcp140.dll
0x00007fff7bf70000 - 0x00007fff7cb84000 	C:\Users\Animesh\.jdks\corretto-17.0.5\bin\server\jvm.dll
0x00007ffff7b50000 - 0x00007ffff7bfe000 	C:\windows\System32\ADVAPI32.dll
0x00007ffff6e20000 - 0x00007ffff6ebe000 	C:\windows\System32\sechost.dll
0x00007ffff5e30000 - 0x00007ffff5f50000 	C:\windows\System32\RPCRT4.dll
0x00007fffd8900000 - 0x00007fffd8909000 	C:\windows\SYSTEM32\WSOCK32.dll
0x00007fffec210000 - 0x00007fffec243000 	C:\windows\SYSTEM32\WINMM.dll
0x00007fffe2d20000 - 0x00007fffe2d2a000 	C:\windows\SYSTEM32\VERSION.dll
0x00007ffff6010000 - 0x00007ffff607f000 	C:\windows\System32\WS2_32.dll
0x00007ffff41d0000 - 0x00007ffff41e8000 	C:\windows\SYSTEM32\kernel.appcore.dll
0x00007fffd5850000 - 0x00007fffd585a000 	C:\Users\Animesh\.jdks\corretto-17.0.5\bin\jimage.dll
0x00007ffff2840000 - 0x00007ffff2a61000 	C:\windows\SYSTEM32\DBGHELP.DLL
0x00007fffd4970000 - 0x00007fffd49a1000 	C:\windows\SYSTEM32\dbgcore.DLL
0x00007ffff5460000 - 0x00007ffff54df000 	C:\windows\System32\bcryptPrimitives.dll
0x00007fffc5a60000 - 0x00007fffc5a85000 	C:\Users\Animesh\.jdks\corretto-17.0.5\bin\java.dll
0x00007fff82b90000 - 0x00007fff82c66000 	C:\Users\Animesh\.jdks\corretto-17.0.5\bin\jsvml.dll
0x00007ffff6ee0000 - 0x00007ffff7698000 	C:\windows\System32\SHELL32.dll
0x00007ffff31c0000 - 0x00007ffff3a25000 	C:\windows\SYSTEM32\windows.storage.dll
0x00007ffff7710000 - 0x00007ffff7a88000 	C:\windows\System32\combase.dll
0x00007ffff3050000 - 0x00007ffff31b6000 	C:\windows\SYSTEM32\wintypes.dll
0x00007ffff6cd0000 - 0x00007ffff6dba000 	C:\windows\System32\SHCORE.dll
0x00007ffff6b60000 - 0x00007ffff6bbd000 	C:\windows\System32\shlwapi.dll
0x00007ffff5040000 - 0x00007ffff5061000 	C:\windows\SYSTEM32\profapi.dll
0x00007fffd5820000 - 0x00007fffd5839000 	C:\Users\Animesh\.jdks\corretto-17.0.5\bin\net.dll
0x00007fffef4e0000 - 0x00007fffef5f4000 	C:\windows\SYSTEM32\WINHTTP.dll
0x00007ffff4680000 - 0x00007ffff46e7000 	C:\windows\system32\mswsock.dll
0x00007fff8caa0000 - 0x00007fff8cab5000 	C:\Users\Animesh\.jdks\corretto-17.0.5\bin\nio.dll
0x00007fff8ca80000 - 0x00007fff8ca98000 	C:\Users\Animesh\.jdks\corretto-17.0.5\bin\zip.dll
0x000000005b5d0000 - 0x000000005b5f9000 	C:\Users\Animesh\AppData\Local\Temp\libgdxAnimesh\e787ab0a\gdx64.dll
0x00007fffc67a0000 - 0x00007fffc6815000 	C:\Users\Animesh\AppData\Local\Temp\lwjglAnimesh\3.3.1-build-7\lwjgl.dll
0x00007fff734d0000 - 0x00007fff73729000 	C:\Users\Animesh\AppData\Local\Temp\lwjglAnimesh\3.3.1-build-7\jemalloc.dll
0x00007fffc6730000 - 0x00007fffc6791000 	C:\Users\Animesh\AppData\Local\Temp\lwjglAnimesh\3.3.1-build-7\glfw.dll
0x00007fffc5860000 - 0x00007fffc58a5000 	C:\windows\SYSTEM32\dinput8.dll
0x00007fffd6d20000 - 0x00007fffd6d31000 	C:\windows\SYSTEM32\xinput1_4.dll
0x00007ffff4e10000 - 0x00007ffff4e5c000 	C:\windows\SYSTEM32\cfgmgr32.dll
0x00007ffff4de0000 - 0x00007ffff4e0c000 	C:\windows\SYSTEM32\DEVOBJ.dll
0x00007ffff2730000 - 0x00007ffff275f000 	C:\windows\SYSTEM32\dwmapi.dll
0x00007fffc8130000 - 0x00007fffc82f9000 	C:\windows\SYSTEM32\inputhost.dll
0x00007ffff1140000 - 0x00007ffff1271000 	C:\windows\SYSTEM32\CoreMessaging.dll
0x00007ffff22c0000 - 0x00007ffff236c000 	C:\windows\system32\uxtheme.dll
0x00007ffff62e0000 - 0x00007ffff63fd000 	C:\windows\System32\MSCTF.dll
0x00007ffff4980000 - 0x00007ffff498c000 	C:\windows\SYSTEM32\CRYPTBASE.DLL
0x00007fffad4f0000 - 0x00007fffad687000 	C:\Users\Animesh\AppData\Local\Temp\lwjglAnimesh\3.3.1-build-7\OpenAL.dll
0x00007ffff5ac0000 - 0x00007ffff5c5a000 	C:\windows\System32\ole32.dll
0x00007ffff7a90000 - 0x00007ffff7b45000 	C:\windows\System32\clbcatq.dll
0x00007fffdb120000 - 0x00007fffdb1bb000 	C:\windows\System32\MMDevApi.dll
0x00007fffd91d0000 - 0x00007fffd93a3000 	C:\windows\SYSTEM32\AUDIOSES.DLL
0x00007ffff2660000 - 0x00007ffff2675000 	C:\windows\SYSTEM32\resourcepolicyclient.dll
0x00007ffff4bc0000 - 0x00007ffff4c0d000 	C:\windows\SYSTEM32\powrprof.dll
0x00007ffff4ab0000 - 0x00007ffff4ac3000 	C:\windows\SYSTEM32\UMPDC.dll
0x00007fffafe10000 - 0x00007fffaff11000 	C:\windows\SYSTEM32\opengl32.dll
0x00007fffc5690000 - 0x00007fffc56bd000 	C:\windows\SYSTEM32\GLU32.dll
0x00007ffff24e0000 - 0x00007ffff2518000 	C:\windows\SYSTEM32\dxcore.dll
0x00007fffec3d0000 - 0x00007fffec414000 	C:\windows\SYSTEM32\directxdatabasehelper.dll
0x00007ffff41f0000 - 0x00007ffff4224000 	C:\windows\SYSTEM32\ntmarta.dll
0x00007fffeb410000 - 0x00007fffeb544000 	C:\Windows\System32\AppXDeploymentClient.dll
0x00007fffeafa0000 - 0x00007fffeb190000 	C:\windows\SYSTEM32\urlmon.dll
0x00007fffea510000 - 0x00007fffea7c3000 	C:\Windows\System32\iertutil.dll
0x00007fffebb50000 - 0x00007fffebb78000 	C:\Windows\System32\srvcli.dll
0x00007ffff3e00000 - 0x00007ffff3e0c000 	C:\Windows\System32\netutils.dll
0x00007fff721d0000 - 0x00007fff731c3000 	C:\windows\System32\DriverStore\FileRepository\iigd_dch.inf_amd64_e0c7097ece46fc6a\igxelpicd64.dll
0x00007ffff2540000 - 0x00007ffff2633000 	C:\windows\system32\dxgi.dll
0x00007fff71d70000 - 0x00007fff721c3000 	C:\windows\System32\DriverStore\FileRepository\iigd_dch.inf_amd64_e0c7097ece46fc6a\igdml64.dll
0x00007fffe6910000 - 0x00007fffe6cd7000 	C:\windows\System32\DriverStore\FileRepository\iigd_dch.inf_amd64_e0c7097ece46fc6a\igdgmm64.dll
0x00007fffe31e0000 - 0x00007fffe67f2000 	C:\windows\System32\DriverStore\FileRepository\iigd_dch.inf_amd64_e0c7097ece46fc6a\igc64.dll
0x00007fffc5240000 - 0x00007fffc529d000 	C:\Users\Animesh\AppData\Local\Temp\lwjglAnimesh\3.3.1-build-7\lwjgl_opengl.dll
0x00007fffcf850000 - 0x00007fffcf97d000 	C:\windows\SYSTEM32\textinputframework.dll
0x00007ffff5d50000 - 0x00007ffff5e26000 	C:\windows\System32\OLEAUT32.dll
0x00007fffeb740000 - 0x00007fffebaad000 	C:\windows\SYSTEM32\CoreUIComponents.dll
0x00007fffd6c10000 - 0x00007fffd6c79000 	C:\windows\system32\Oleacc.dll
0x000000005b570000 - 0x000000005b5ca000 	C:\Users\Animesh\AppData\Local\Temp\libgdxAnimesh\888fe1bc\gdx-box2d64.dll

dbghelp: loaded successfully - version: 4.0.5 - missing functions: none
symbol engine: initialized successfully - sym options: 0x614 - pdb path: .;C:\Users\Animesh\.jdks\corretto-17.0.5\bin;C:\windows\SYSTEM32;C:\windows\WinSxS\amd64_microsoft.windows.common-controls_6595b64144ccf1df_6.0.22000.120_none_9d947278b86cc467;C:\Users\Animesh\.jdks\corretto-17.0.5\bin\server;C:\Users\Animesh\AppData\Local\Temp\libgdxAnimesh\e787ab0a;C:\Users\Animesh\AppData\Local\Temp\lwjglAnimesh\3.3.1-build-7;C:\windows\System32\DriverStore\FileRepository\iigd_dch.inf_amd64_e0c7097ece46fc6a;C:\Users\Animesh\AppData\Local\Temp\libgdxAnimesh\888fe1bc

VM Arguments:
jvm_args: -Dfile.encoding=windows-1252 -Duser.country=IN -Duser.language=en -Duser.variant 
java_command: com.approject.tankstars.DesktopLauncher
java_class_path (initial): C:\Users\Animesh\Downloads\test\desktop\build\classes\java\main;C:\Users\Animesh\Downloads\test\desktop\build\resources\main;C:\Users\Animesh\.gradle\caches\modules-2\files-2.1\com.badlogicgames.gdx\gdx-backend-lwjgl3\1.11.0\58a96db4cd349be4292d547856aa1e1c5f065f4e\gdx-backend-lwjgl3-1.11.0.jar;C:\Users\Animesh\.gradle\caches\modules-2\files-2.1\com.badlogicgames.gdx\gdx-platform\1.11.0\697fb13eada6d3c6ca648c9788692b0159add126\gdx-platform-1.11.0-natives-desktop.jar;C:\Users\Animesh\.gradle\caches\modules-2\files-2.1\com.badlogicgames.gdx\gdx-bullet-platform\1.11.0\2c067b913a306ba26d482075297538ad91cdb88b\gdx-bullet-platform-1.11.0-natives-desktop.jar;C:\Users\Animesh\.gradle\caches\modules-2\files-2.1\com.badlogicgames.gdx\gdx-box2d-platform\1.11.0\62ff9baa1e57a11e0a4428a38c9660bf9f312fdc\gdx-box2d-platform-1.11.0-natives-desktop.jar;C:\Users\Animesh\.gradle\caches\modules-2\files-2.1\com.badlogicgames.gdx\gdx-freetype-platform\1.11.0\420e2c2c206843a0d51010be28a141a1eb946235\gdx-freetype-platform-1.11.0-natives-desktop.jar;C:\Users\Animesh\.gradle\caches\modules-2\files-2.1\com.badlogicgames.gdx-controllers\gdx-controllers-desktop\2.2.1\cb3430c32468a090eca54d494d16bb3764ceff9b\gdx-controllers-desktop-2.2.1.jar;C:\Users\Animesh\Downloads\test\core\build\libs\core-1.0.jar;C:\Users\Animesh\.gradle\caches\modules-2\files-2.1\com.badlogicgames.gdx-controllers\gdx-controllers-core\2.2.1\8aca0dc002a8daf6a6d28f49c44e25189dd93fd7\gdx-controllers-core-2.2.1.jar;C:\Users\Animesh\.gradle\caches\modules-2\files-2.1\com.badlogicgames.gdx\gdx-bullet\1.11.0\1eb83845fa655e7e8ab6bbb979d28b0502ad3302\gdx-bullet-1.11.0.jar;C:\Users\Animesh\.gradle\caches\modules-2\files-2.1\com.badlogicgames.box2dlights\box2dlights\1.5\6902dbcd250c95a27973aa24a147a95b3828d348\box2dlights-1.5.jar;C:\Users\Animesh\.gradle\caches\modules-2\files-2.1\com.badlogicgames.gdx\gdx-box2d\1.11.0\ad4facee800dd945d6d6e93dea2936bc135b5f\gdx-box2d-1.11.0.jar;C:\Users\Animesh\.gradle\cach
Launcher Type: SUN_STANDARD

[Global flags]
     intx CICompilerCount                          = 4                                         {product} {ergonomic}
     uint ConcGCThreads                            = 3                                         {product} {ergonomic}
     uint G1ConcRefinementThreads                  = 10                                        {product} {ergonomic}
   size_t G1HeapRegionSize                         = 2097152                                   {product} {ergonomic}
    uintx GCDrainStackTargetSize                   = 64                                        {product} {ergonomic}
   size_t InitialHeapSize                          = 264241152                                 {product} {ergonomic}
   size_t MarkStackSize                            = 4194304                                   {product} {ergonomic}
   size_t MaxHeapSize                              = 4219469824                                {product} {ergonomic}
   size_t MaxNewSize                               = 2531262464                                {product} {ergonomic}
   size_t MinHeapDeltaBytes                        = 2097152                                   {product} {ergonomic}
   size_t MinHeapSize                              = 8388608                                   {product} {ergonomic}
    uintx NonNMethodCodeHeapSize                   = 5839372                                {pd product} {ergonomic}
    uintx NonProfiledCodeHeapSize                  = 122909434                              {pd product} {ergonomic}
    uintx ProfiledCodeHeapSize                     = 122909434                              {pd product} {ergonomic}
    uintx ReservedCodeCacheSize                    = 251658240                              {pd product} {ergonomic}
     bool SegmentedCodeCache                       = true                                      {product} {ergonomic}
   size_t SoftMaxHeapSize                          = 4219469824                             {manageable} {ergonomic}
     bool UseCompressedClassPointers               = true                           {product lp64_product} {ergonomic}
     bool UseCompressedOops                        = true                           {product lp64_product} {ergonomic}
     bool UseG1GC                                  = true                                      {product} {ergonomic}
     bool UseLargePagesIndividualAllocation        = false                                  {pd product} {ergonomic}

Logging:
Log output configuration:
 #0: stdout all=warning uptime,level,tags
 #1: stderr all=off uptime,level,tags

Environment Variables:
JAVA_HOME=C:\Program Files\Java\jdk-19
PATH=C:\Program Files\Common Files\Oracle\Java\javapath;C:\Program Files (x86)\Common Files\Oracle\Java\javapath;C:\windows\system32;C:\windows;C:\windows\System32\Wbem;C:\windows\System32\WindowsPowerShell\v1.0\;C:\windows\System32\OpenSSH\;C:\Program Files\MATLAB\R2022b\runtime\win64;C:\Program Files\MATLAB\R2022b\bin;C:\Users\Animesh\AppData\Local\Microsoft\WindowsApps;C:\Program Files\JetBrains\IntelliJ IDEA 2022.2.3\bin;;C:\Users\Animesh\AppData\Local\Programs\Microsoft VS Code\bin;C:\Program Files\apache-maven-3.8.6\bin;
USERNAME=Animesh
OS=Windows_NT
PROCESSOR_IDENTIFIER=Intel64 Family 6 Model 154 Stepping 4, GenuineIntel
TMP=C:\Users\Animesh\AppData\Local\Temp
TEMP=C:\Users\Animesh\AppData\Local\Temp



---------------  S Y S T E M  ---------------

OS:
 Windows 11 , 64 bit Build 22000 (10.0.22000.1219)
OS uptime: 14 days 23:43 hours
Hyper-V role detected

CPU: total 12 (initial active 12) (6 cores per cpu, 2 threads per core) family 6 model 154 stepping 4 microcode 0x423, cx8, cmov, fxsr, ht, mmx, 3dnowpref, sse, sse2, sse3, ssse3, sse4.1, sse4.2, popcnt, lzcnt, tsc, tscinvbit, avx, avx2, aes, erms, clmul, bmi1, bmi2, adx, sha, fma, vzeroupper, clflush, clflushopt, clwb, hv

Memory: 4k page, system-wide physical 16095M (5544M free)
TotalPageFile size 18527M (AvailPageFile size 4362M)
current process WorkingSet (physical memory assigned to process): 1146M, peak: 1150M
current process commit charge ("private bytes"): 1361M, peak: 1365M

vm_info: OpenJDK 64-Bit Server VM (17.0.5+8-LTS) for windows-amd64 JRE (17.0.5+8-LTS), built on Oct 13 2022 05:18:14 by "Administrator" with MS VC++ 15.9 (VS2017)

END.
